[0.969s] Invoking command in '/home/neverdiedooms/ros2_test_ws/build/my_first_package': DEBUGINFOD_URLS=https://debuginfod.ubuntu.com PYTHONPATH=/home/neverdiedooms/ros2_test_ws/build/my_first_package/prefix_override:/usr/lib/python3/dist-packages/colcon_core/task/python/colcon_distutils_commands:/home/neverdiedooms/ros2_test_ws/install/my_first_package/lib/python3.12/site-packages:${PYTHONPATH} /usr/bin/python3 -W ignore:setup.py install is deprecated -W ignore:easy_install command is deprecated setup.py develop --uninstall --editable --build-directory /home/neverdiedooms/ros2_test_ws/build/my_first_package/build
[1.179s] running develop
[1.296s] Removing /home/neverdiedooms/ros2_test_ws/install/my_first_package/lib/python3.12/site-packages/my-first-package.egg-link (link to .)
[1.321s] Invoked command in '/home/neverdiedooms/ros2_test_ws/build/my_first_package' returned '0': DEBUGINFOD_URLS=https://debuginfod.ubuntu.com PYTHONPATH=/home/neverdiedooms/ros2_test_ws/build/my_first_package/prefix_override:/usr/lib/python3/dist-packages/colcon_core/task/python/colcon_distutils_commands:/home/neverdiedooms/ros2_test_ws/install/my_first_package/lib/python3.12/site-packages:${PYTHONPATH} /usr/bin/python3 -W ignore:setup.py install is deprecated -W ignore:easy_install command is deprecated setup.py develop --uninstall --editable --build-directory /home/neverdiedooms/ros2_test_ws/build/my_first_package/build
[1.323s] Invoking command in '/home/neverdiedooms/ros2_test_ws/src/my_first_package': DEBUGINFOD_URLS=https://debuginfod.ubuntu.com PYTHONPATH=/home/neverdiedooms/ros2_test_ws/build/my_first_package/prefix_override:/usr/lib/python3/dist-packages/colcon_core/task/python/colcon_distutils_commands:/home/neverdiedooms/ros2_test_ws/install/my_first_package/lib/python3.12/site-packages:${PYTHONPATH} /usr/bin/python3 -W ignore:setup.py install is deprecated -W ignore:easy_install command is deprecated setup.py egg_info --egg-base ../../build/my_first_package build --build-base /home/neverdiedooms/ros2_test_ws/build/my_first_package/build install --record /home/neverdiedooms/ros2_test_ws/build/my_first_package/install.log --single-version-externally-managed install_data --force
[1.486s] running egg_info
[1.511s] writing ../../build/my_first_package/my_first_package.egg-info/PKG-INFO
[1.512s] writing dependency_links to ../../build/my_first_package/my_first_package.egg-info/dependency_links.txt
[1.512s] writing entry points to ../../build/my_first_package/my_first_package.egg-info/entry_points.txt
[1.512s] writing requirements to ../../build/my_first_package/my_first_package.egg-info/requires.txt
[1.512s] writing top-level names to ../../build/my_first_package/my_first_package.egg-info/top_level.txt
[1.531s] reading manifest file '../../build/my_first_package/my_first_package.egg-info/SOURCES.txt'
[1.533s] writing manifest file '../../build/my_first_package/my_first_package.egg-info/SOURCES.txt'
[1.534s] running build
[1.534s] running build_py
[1.543s] copying my_first_package/my_first_node.py -> /home/neverdiedooms/ros2_test_ws/build/my_first_package/build/lib/my_first_package
[1.543s] running install
[1.543s] running install_lib
[1.554s] creating /home/neverdiedooms/ros2_test_ws/install/my_first_package/lib/python3.12/site-packages/my_first_package
[1.554s] copying /home/neverdiedooms/ros2_test_ws/build/my_first_package/build/lib/my_first_package/__init__.py -> /home/neverdiedooms/ros2_test_ws/install/my_first_package/lib/python3.12/site-packages/my_first_package
[1.554s] copying /home/neverdiedooms/ros2_test_ws/build/my_first_package/build/lib/my_first_package/my_first_node.py -> /home/neverdiedooms/ros2_test_ws/install/my_first_package/lib/python3.12/site-packages/my_first_package
[1.554s] byte-compiling /home/neverdiedooms/ros2_test_ws/install/my_first_package/lib/python3.12/site-packages/my_first_package/__init__.py to __init__.cpython-312.pyc
[1.555s] byte-compiling /home/neverdiedooms/ros2_test_ws/install/my_first_package/lib/python3.12/site-packages/my_first_package/my_first_node.py to my_first_node.cpython-312.pyc
[1.556s] running install_data
[1.556s] copying resource/my_first_package -> /home/neverdiedooms/ros2_test_ws/install/my_first_package/share/ament_index/resource_index/packages
[1.556s] copying package.xml -> /home/neverdiedooms/ros2_test_ws/install/my_first_package/share/my_first_package
[1.556s] running install_egg_info
[1.568s] Copying ../../build/my_first_package/my_first_package.egg-info to /home/neverdiedooms/ros2_test_ws/install/my_first_package/lib/python3.12/site-packages/my_first_package-0.0.0-py3.12.egg-info
[1.570s] running install_scripts
[1.660s] Installing my_first_node script to /home/neverdiedooms/ros2_test_ws/install/my_first_package/lib/my_first_package
[1.660s] writing list of installed files to '/home/neverdiedooms/ros2_test_ws/build/my_first_package/install.log'
[1.681s] Invoked command in '/home/neverdiedooms/ros2_test_ws/src/my_first_package' returned '0': DEBUGINFOD_URLS=https://debuginfod.ubuntu.com PYTHONPATH=/home/neverdiedooms/ros2_test_ws/build/my_first_package/prefix_override:/usr/lib/python3/dist-packages/colcon_core/task/python/colcon_distutils_commands:/home/neverdiedooms/ros2_test_ws/install/my_first_package/lib/python3.12/site-packages:${PYTHONPATH} /usr/bin/python3 -W ignore:setup.py install is deprecated -W ignore:easy_install command is deprecated setup.py egg_info --egg-base ../../build/my_first_package build --build-base /home/neverdiedooms/ros2_test_ws/build/my_first_package/build install --record /home/neverdiedooms/ros2_test_ws/build/my_first_package/install.log --single-version-externally-managed install_data --force
