[0.056s] DEBUG:colcon:Command line arguments: ['/usr/bin/colcon', 'build']
[0.056s] DEBUG:colcon:Parsed command line arguments: Namespace(log_base=None, log_level=None, verb_name='build', build_base='build', install_base='install', merge_install=False, symlink_install=False, test_result_base=None, continue_on_error=False, executor='parallel', parallel_workers=20, event_handlers=None, ignore_user_meta=False, metas=['./colcon.meta'], base_paths=['.'], packages_ignore=None, packages_ignore_regex=None, paths=None, packages_up_to=None, packages_up_to_regex=None, packages_above=None, packages_above_and_dependencies=None, packages_above_depth=None, packages_select_by_dep=None, packages_skip_by_dep=None, packages_skip_up_to=None, packages_select_build_failed=False, packages_skip_build_finished=False, packages_select_test_failures=False, packages_skip_test_passed=False, packages_select=None, packages_skip=None, packages_select_regex=None, packages_skip_regex=None, packages_start=None, packages_end=None, allow_overriding=[], cmake_args=None, cmake_target=None, cmake_target_skip_unavailable=False, cmake_clean_cache=False, cmake_clean_first=False, cmake_force_configure=False, ament_cmake_args=None, catkin_cmake_args=None, catkin_skip_building_tests=False, mixin_files=None, mixin=None, verb_parser=<colcon_mixin.mixin.mixin_argument.MixinArgumentDecorator object at 0x76410ac834a0>, verb_extension=<colcon_core.verb.build.BuildVerb object at 0x76410ada77d0>, main=<bound method BuildVerb.main of <colcon_core.verb.build.BuildVerb object at 0x76410ada77d0>>, mixin_verb=('build',))
[0.077s] Level 1:colcon.colcon_core.package_discovery:discover_packages(colcon_meta) check parameters
[0.077s] Level 1:colcon.colcon_core.package_discovery:discover_packages(recursive) check parameters
[0.077s] Level 1:colcon.colcon_core.package_discovery:discover_packages(ignore) check parameters
[0.077s] Level 1:colcon.colcon_core.package_discovery:discover_packages(path) check parameters
[0.077s] Level 1:colcon.colcon_core.package_discovery:discover_packages(colcon_meta) discover
[0.077s] Level 1:colcon.colcon_core.package_discovery:discover_packages(recursive) discover
[0.077s] INFO:colcon.colcon_core.package_discovery:Crawling recursively for packages in '/home/neverdiedooms/ros2_testing'
[0.078s] Level 1:colcon.colcon_core.package_identification:_identify(.) by extensions ['ignore', 'ignore_ament_install']
[0.078s] Level 1:colcon.colcon_core.package_identification:_identify(.) by extension 'ignore'
[0.078s] Level 1:colcon.colcon_core.package_identification:_identify(.) by extension 'ignore_ament_install'
[0.078s] Level 1:colcon.colcon_core.package_identification:_identify(.) by extensions ['colcon_pkg']
[0.078s] Level 1:colcon.colcon_core.package_identification:_identify(.) by extension 'colcon_pkg'
[0.078s] Level 1:colcon.colcon_core.package_identification:_identify(.) by extensions ['colcon_meta']
[0.078s] Level 1:colcon.colcon_core.package_identification:_identify(.) by extension 'colcon_meta'
[0.078s] Level 1:colcon.colcon_core.package_identification:_identify(.) by extensions ['ros']
[0.078s] Level 1:colcon.colcon_core.package_identification:_identify(.) by extension 'ros'
[0.092s] Level 1:colcon.colcon_core.package_identification:_identify(.) by extensions ['cmake', 'python']
[0.092s] Level 1:colcon.colcon_core.package_identification:_identify(.) by extension 'cmake'
[0.092s] Level 1:colcon.colcon_core.package_identification:_identify(.) by extension 'python'
[0.092s] Level 1:colcon.colcon_core.package_identification:_identify(.) by extensions ['python_setup_py']
[0.092s] Level 1:colcon.colcon_core.package_identification:_identify(.) by extension 'python_setup_py'
[0.092s] Level 1:colcon.colcon_core.package_identification:_identify(build) by extensions ['ignore', 'ignore_ament_install']
[0.092s] Level 1:colcon.colcon_core.package_identification:_identify(build) by extension 'ignore'
[0.092s] Level 1:colcon.colcon_core.package_identification:_identify(build) ignored
[0.092s] Level 1:colcon.colcon_core.package_identification:_identify(install) by extensions ['ignore', 'ignore_ament_install']
[0.092s] Level 1:colcon.colcon_core.package_identification:_identify(install) by extension 'ignore'
[0.092s] Level 1:colcon.colcon_core.package_identification:_identify(install) ignored
[0.092s] Level 1:colcon.colcon_core.package_identification:_identify(log) by extensions ['ignore', 'ignore_ament_install']
[0.092s] Level 1:colcon.colcon_core.package_identification:_identify(log) by extension 'ignore'
[0.092s] Level 1:colcon.colcon_core.package_identification:_identify(log) ignored
[0.092s] Level 1:colcon.colcon_core.package_identification:_identify(src) by extensions ['ignore', 'ignore_ament_install']
[0.092s] Level 1:colcon.colcon_core.package_identification:_identify(src) by extension 'ignore'
[0.092s] Level 1:colcon.colcon_core.package_identification:_identify(src) by extension 'ignore_ament_install'
[0.092s] Level 1:colcon.colcon_core.package_identification:_identify(src) by extensions ['colcon_pkg']
[0.092s] Level 1:colcon.colcon_core.package_identification:_identify(src) by extension 'colcon_pkg'
[0.092s] Level 1:colcon.colcon_core.package_identification:_identify(src) by extensions ['colcon_meta']
[0.092s] Level 1:colcon.colcon_core.package_identification:_identify(src) by extension 'colcon_meta'
[0.092s] Level 1:colcon.colcon_core.package_identification:_identify(src) by extensions ['ros']
[0.092s] Level 1:colcon.colcon_core.package_identification:_identify(src) by extension 'ros'
[0.092s] Level 1:colcon.colcon_core.package_identification:_identify(src) by extensions ['cmake', 'python']
[0.092s] Level 1:colcon.colcon_core.package_identification:_identify(src) by extension 'cmake'
[0.092s] Level 1:colcon.colcon_core.package_identification:_identify(src) by extension 'python'
[0.093s] Level 1:colcon.colcon_core.package_identification:_identify(src) by extensions ['python_setup_py']
[0.093s] Level 1:colcon.colcon_core.package_identification:_identify(src) by extension 'python_setup_py'
[0.093s] Level 1:colcon.colcon_core.package_identification:_identify(src/my_first_cpp_pkg) by extensions ['ignore', 'ignore_ament_install']
[0.093s] Level 1:colcon.colcon_core.package_identification:_identify(src/my_first_cpp_pkg) by extension 'ignore'
[0.093s] Level 1:colcon.colcon_core.package_identification:_identify(src/my_first_cpp_pkg) by extension 'ignore_ament_install'
[0.093s] Level 1:colcon.colcon_core.package_identification:_identify(src/my_first_cpp_pkg) by extensions ['colcon_pkg']
[0.093s] Level 1:colcon.colcon_core.package_identification:_identify(src/my_first_cpp_pkg) by extension 'colcon_pkg'
[0.093s] Level 1:colcon.colcon_core.package_identification:_identify(src/my_first_cpp_pkg) by extensions ['colcon_meta']
[0.093s] Level 1:colcon.colcon_core.package_identification:_identify(src/my_first_cpp_pkg) by extension 'colcon_meta'
[0.093s] Level 1:colcon.colcon_core.package_identification:_identify(src/my_first_cpp_pkg) by extensions ['ros']
[0.093s] Level 1:colcon.colcon_core.package_identification:_identify(src/my_first_cpp_pkg) by extension 'ros'
[0.094s] DEBUG:colcon.colcon_core.package_identification:Package 'src/my_first_cpp_pkg' with type 'ros.ament_cmake' and name 'my_first_cpp_pkg'
[0.095s] Level 1:colcon.colcon_core.package_identification:_identify(src/my_first_package) by extensions ['ignore', 'ignore_ament_install']
[0.095s] Level 1:colcon.colcon_core.package_identification:_identify(src/my_first_package) by extension 'ignore'
[0.095s] Level 1:colcon.colcon_core.package_identification:_identify(src/my_first_package) by extension 'ignore_ament_install'
[0.095s] Level 1:colcon.colcon_core.package_identification:_identify(src/my_first_package) by extensions ['colcon_pkg']
[0.095s] Level 1:colcon.colcon_core.package_identification:_identify(src/my_first_package) by extension 'colcon_pkg'
[0.095s] Level 1:colcon.colcon_core.package_identification:_identify(src/my_first_package) by extensions ['colcon_meta']
[0.095s] Level 1:colcon.colcon_core.package_identification:_identify(src/my_first_package) by extension 'colcon_meta'
[0.095s] Level 1:colcon.colcon_core.package_identification:_identify(src/my_first_package) by extensions ['ros']
[0.095s] Level 1:colcon.colcon_core.package_identification:_identify(src/my_first_package) by extension 'ros'
[0.095s] DEBUG:colcon.colcon_core.package_identification:Package 'src/my_first_package' with type 'ros.ament_python' and name 'my_first_package'
[0.095s] Level 1:colcon.colcon_core.package_discovery:discover_packages(recursive) using defaults
[0.095s] Level 1:colcon.colcon_core.package_discovery:discover_packages(ignore) discover
[0.095s] Level 1:colcon.colcon_core.package_discovery:discover_packages(ignore) using defaults
[0.095s] Level 1:colcon.colcon_core.package_discovery:discover_packages(path) discover
[0.095s] Level 1:colcon.colcon_core.package_discovery:discover_packages(path) using defaults
[0.105s] Level 1:colcon.colcon_core.package_discovery:discover_packages(prefix_path) check parameters
[0.105s] Level 1:colcon.colcon_core.package_discovery:discover_packages(prefix_path) discover
[0.106s] WARNING:colcon.colcon_ros.prefix_path.ament:The path '/home/neverdiedooms/ros2_testing/install/my_first_package' in the environment variable AMENT_PREFIX_PATH doesn't exist
[0.106s] WARNING:colcon.colcon_ros.prefix_path.ament:The path '/home/neverdiedooms/ros2_testing/install/my_first_cpp_pkg' in the environment variable AMENT_PREFIX_PATH doesn't exist
[0.106s] WARNING:colcon.colcon_ros.prefix_path.catkin:The path '/home/neverdiedooms/ros2_testing/install/my_first_cpp_pkg' in the environment variable CMAKE_PREFIX_PATH doesn't exist
[0.106s] DEBUG:colcon.colcon_installed_package_information.package_discovery:Found 0 installed packages in /home/neverdiedooms/ros2_testing/install
[0.107s] DEBUG:colcon.colcon_installed_package_information.package_discovery:Found 285 installed packages in /opt/ros/jazzy
[0.107s] Level 1:colcon.colcon_core.package_discovery:discover_packages(prefix_path) using defaults
[0.127s] Level 5:colcon.colcon_core.verb:set package 'my_first_cpp_pkg' build argument 'cmake_args' from command line to 'None'
[0.127s] Level 5:colcon.colcon_core.verb:set package 'my_first_cpp_pkg' build argument 'cmake_target' from command line to 'None'
[0.127s] Level 5:colcon.colcon_core.verb:set package 'my_first_cpp_pkg' build argument 'cmake_target_skip_unavailable' from command line to 'False'
[0.127s] Level 5:colcon.colcon_core.verb:set package 'my_first_cpp_pkg' build argument 'cmake_clean_cache' from command line to 'False'
[0.127s] Level 5:colcon.colcon_core.verb:set package 'my_first_cpp_pkg' build argument 'cmake_clean_first' from command line to 'False'
[0.127s] Level 5:colcon.colcon_core.verb:set package 'my_first_cpp_pkg' build argument 'cmake_force_configure' from command line to 'False'
[0.127s] Level 5:colcon.colcon_core.verb:set package 'my_first_cpp_pkg' build argument 'ament_cmake_args' from command line to 'None'
[0.127s] Level 5:colcon.colcon_core.verb:set package 'my_first_cpp_pkg' build argument 'catkin_cmake_args' from command line to 'None'
[0.127s] Level 5:colcon.colcon_core.verb:set package 'my_first_cpp_pkg' build argument 'catkin_skip_building_tests' from command line to 'False'
[0.127s] DEBUG:colcon.colcon_core.verb:Building package 'my_first_cpp_pkg' with the following arguments: {'ament_cmake_args': None, 'build_base': '/home/neverdiedooms/ros2_testing/build/my_first_cpp_pkg', 'catkin_cmake_args': None, 'catkin_skip_building_tests': False, 'cmake_args': None, 'cmake_clean_cache': False, 'cmake_clean_first': False, 'cmake_force_configure': False, 'cmake_target': None, 'cmake_target_skip_unavailable': False, 'install_base': '/home/neverdiedooms/ros2_testing/install/my_first_cpp_pkg', 'merge_install': False, 'path': '/home/neverdiedooms/ros2_testing/src/my_first_cpp_pkg', 'symlink_install': False, 'test_result_base': None}
[0.127s] Level 5:colcon.colcon_core.verb:set package 'my_first_package' build argument 'cmake_args' from command line to 'None'
[0.127s] Level 5:colcon.colcon_core.verb:set package 'my_first_package' build argument 'cmake_target' from command line to 'None'
[0.127s] Level 5:colcon.colcon_core.verb:set package 'my_first_package' build argument 'cmake_target_skip_unavailable' from command line to 'False'
[0.127s] Level 5:colcon.colcon_core.verb:set package 'my_first_package' build argument 'cmake_clean_cache' from command line to 'False'
[0.127s] Level 5:colcon.colcon_core.verb:set package 'my_first_package' build argument 'cmake_clean_first' from command line to 'False'
[0.127s] Level 5:colcon.colcon_core.verb:set package 'my_first_package' build argument 'cmake_force_configure' from command line to 'False'
[0.127s] Level 5:colcon.colcon_core.verb:set package 'my_first_package' build argument 'ament_cmake_args' from command line to 'None'
[0.127s] Level 5:colcon.colcon_core.verb:set package 'my_first_package' build argument 'catkin_cmake_args' from command line to 'None'
[0.127s] Level 5:colcon.colcon_core.verb:set package 'my_first_package' build argument 'catkin_skip_building_tests' from command line to 'False'
[0.127s] DEBUG:colcon.colcon_core.verb:Building package 'my_first_package' with the following arguments: {'ament_cmake_args': None, 'build_base': '/home/neverdiedooms/ros2_testing/build/my_first_package', 'catkin_cmake_args': None, 'catkin_skip_building_tests': False, 'cmake_args': None, 'cmake_clean_cache': False, 'cmake_clean_first': False, 'cmake_force_configure': False, 'cmake_target': None, 'cmake_target_skip_unavailable': False, 'install_base': '/home/neverdiedooms/ros2_testing/install/my_first_package', 'merge_install': False, 'path': '/home/neverdiedooms/ros2_testing/src/my_first_package', 'symlink_install': False, 'test_result_base': None}
[0.127s] INFO:colcon.colcon_core.executor:Executing jobs using 'parallel' executor
[0.128s] DEBUG:colcon.colcon_parallel_executor.executor.parallel:run_until_complete
[0.128s] INFO:colcon.colcon_ros.task.ament_cmake.build:Building ROS package in '/home/neverdiedooms/ros2_testing/src/my_first_cpp_pkg' with build type 'ament_cmake'
[0.128s] INFO:colcon.colcon_cmake.task.cmake.build:Building CMake package in '/home/neverdiedooms/ros2_testing/src/my_first_cpp_pkg'
[0.129s] INFO:colcon.colcon_core.plugin_system:Skipping extension 'colcon_core.shell.bat': Not used on non-Windows systems
[0.129s] INFO:colcon.colcon_core.shell:Skip shell extension 'powershell' for command environment: Not usable outside of PowerShell
[0.129s] DEBUG:colcon.colcon_core.shell:Skip shell extension 'dsv' for command environment
[0.131s] INFO:colcon.colcon_ros.task.ament_python.build:Building ROS package in '/home/neverdiedooms/ros2_testing/src/my_first_package' with build type 'ament_python'
[0.132s] Level 1:colcon.colcon_core.shell:create_environment_hook('my_first_package', 'ament_prefix_path')
[0.132s] INFO:colcon.colcon_core.shell:Creating environment hook '/home/neverdiedooms/ros2_testing/install/my_first_package/share/my_first_package/hook/ament_prefix_path.ps1'
[0.132s] INFO:colcon.colcon_core.shell:Creating environment descriptor '/home/neverdiedooms/ros2_testing/install/my_first_package/share/my_first_package/hook/ament_prefix_path.dsv'
[0.132s] INFO:colcon.colcon_core.shell:Creating environment hook '/home/neverdiedooms/ros2_testing/install/my_first_package/share/my_first_package/hook/ament_prefix_path.sh'
[0.133s] INFO:colcon.colcon_core.shell:Skip shell extension 'powershell' for command environment: Not usable outside of PowerShell
[0.133s] DEBUG:colcon.colcon_core.shell:Skip shell extension 'dsv' for command environment
[0.136s] DEBUG:colcon.colcon_core.event_handler.log_command:Invoking command in '/home/neverdiedooms/ros2_testing/build/my_first_cpp_pkg': CMAKE_PREFIX_PATH=${CMAKE_PREFIX_PATH}:/home/neverdiedooms/ros2_testing/install/my_first_package:/opt/ros/jazzy DEBUGINFOD_URLS=https://debuginfod.ubuntu.com /usr/bin/cmake /home/neverdiedooms/ros2_testing/src/my_first_cpp_pkg -DCMAKE_INSTALL_PREFIX=/home/neverdiedooms/ros2_testing/install/my_first_cpp_pkg
[0.252s] INFO:colcon.colcon_core.task.python.build:Building Python package in '/home/neverdiedooms/ros2_testing/src/my_first_package'
[0.252s] INFO:colcon.colcon_core.shell:Skip shell extension 'powershell' for command environment: Not usable outside of PowerShell
[0.253s] DEBUG:colcon.colcon_core.shell:Skip shell extension 'dsv' for command environment
[0.638s] DEBUG:colcon.colcon_core.event_handler.log_command:Invoking command in '/home/neverdiedooms/ros2_testing/src/my_first_package': DEBUGINFOD_URLS=https://debuginfod.ubuntu.com PYTHONPATH=/home/neverdiedooms/ros2_testing/build/my_first_package/prefix_override:/usr/lib/python3/dist-packages/colcon_core/task/python/colcon_distutils_commands:/home/neverdiedooms/ros2_testing/install/my_first_package/lib/python3.12/site-packages:${PYTHONPATH} /usr/bin/python3 -W ignore:setup.py install is deprecated -W ignore:easy_install command is deprecated setup.py egg_info --egg-base ../../build/my_first_package build --build-base /home/neverdiedooms/ros2_testing/build/my_first_package/build install --record /home/neverdiedooms/ros2_testing/build/my_first_package/install.log --single-version-externally-managed install_data
[0.925s] DEBUG:colcon.colcon_core.event_handler.log_command:Invoked command in '/home/neverdiedooms/ros2_testing/src/my_first_package' returned '0': DEBUGINFOD_URLS=https://debuginfod.ubuntu.com PYTHONPATH=/home/neverdiedooms/ros2_testing/build/my_first_package/prefix_override:/usr/lib/python3/dist-packages/colcon_core/task/python/colcon_distutils_commands:/home/neverdiedooms/ros2_testing/install/my_first_package/lib/python3.12/site-packages:${PYTHONPATH} /usr/bin/python3 -W ignore:setup.py install is deprecated -W ignore:easy_install command is deprecated setup.py egg_info --egg-base ../../build/my_first_package build --build-base /home/neverdiedooms/ros2_testing/build/my_first_package/build install --record /home/neverdiedooms/ros2_testing/build/my_first_package/install.log --single-version-externally-managed install_data
[0.926s] Level 1:colcon.colcon_core.environment:checking '/home/neverdiedooms/ros2_testing/install/my_first_package' for CMake module files
[0.927s] Level 1:colcon.colcon_core.environment:checking '/home/neverdiedooms/ros2_testing/install/my_first_package' for CMake config files
[0.927s] Level 1:colcon.colcon_core.environment:checking '/home/neverdiedooms/ros2_testing/install/my_first_package/lib'
[0.928s] Level 1:colcon.colcon_core.environment:checking '/home/neverdiedooms/ros2_testing/install/my_first_package/bin'
[0.928s] Level 1:colcon.colcon_core.environment:checking '/home/neverdiedooms/ros2_testing/install/my_first_package/lib/pkgconfig/my_first_package.pc'
[0.928s] Level 1:colcon.colcon_core.environment:checking '/home/neverdiedooms/ros2_testing/install/my_first_package/lib/python3.12/site-packages'
[0.928s] Level 1:colcon.colcon_core.shell:create_environment_hook('my_first_package', 'pythonpath')
[0.928s] INFO:colcon.colcon_core.shell:Creating environment hook '/home/neverdiedooms/ros2_testing/install/my_first_package/share/my_first_package/hook/pythonpath.ps1'
[0.928s] INFO:colcon.colcon_core.shell:Creating environment descriptor '/home/neverdiedooms/ros2_testing/install/my_first_package/share/my_first_package/hook/pythonpath.dsv'
[0.928s] INFO:colcon.colcon_core.shell:Creating environment hook '/home/neverdiedooms/ros2_testing/install/my_first_package/share/my_first_package/hook/pythonpath.sh'
[0.929s] Level 1:colcon.colcon_core.environment:checking '/home/neverdiedooms/ros2_testing/install/my_first_package/bin'
[0.929s] Level 1:colcon.colcon_core.environment:create_environment_scripts_only(my_first_package)
[0.929s] INFO:colcon.colcon_core.shell:Creating package script '/home/neverdiedooms/ros2_testing/install/my_first_package/share/my_first_package/package.ps1'
[0.929s] INFO:colcon.colcon_core.shell:Creating package descriptor '/home/neverdiedooms/ros2_testing/install/my_first_package/share/my_first_package/package.dsv'
[0.930s] INFO:colcon.colcon_core.shell:Creating package script '/home/neverdiedooms/ros2_testing/install/my_first_package/share/my_first_package/package.sh'
[0.930s] INFO:colcon.colcon_core.shell:Creating package script '/home/neverdiedooms/ros2_testing/install/my_first_package/share/my_first_package/package.bash'
[0.930s] INFO:colcon.colcon_core.shell:Creating package script '/home/neverdiedooms/ros2_testing/install/my_first_package/share/my_first_package/package.zsh'
[0.931s] Level 1:colcon.colcon_core.environment:create_file_with_runtime_dependencies(/home/neverdiedooms/ros2_testing/install/my_first_package/share/colcon-core/packages/my_first_package)
[1.148s] DEBUG:colcon.colcon_core.event_handler.log_command:Invoked command in '/home/neverdiedooms/ros2_testing/build/my_first_cpp_pkg' returned '0': CMAKE_PREFIX_PATH=${CMAKE_PREFIX_PATH}:/home/neverdiedooms/ros2_testing/install/my_first_package:/opt/ros/jazzy DEBUGINFOD_URLS=https://debuginfod.ubuntu.com /usr/bin/cmake /home/neverdiedooms/ros2_testing/src/my_first_cpp_pkg -DCMAKE_INSTALL_PREFIX=/home/neverdiedooms/ros2_testing/install/my_first_cpp_pkg
[1.149s] DEBUG:colcon.colcon_core.event_handler.log_command:Invoking command in '/home/neverdiedooms/ros2_testing/build/my_first_cpp_pkg': CMAKE_PREFIX_PATH=${CMAKE_PREFIX_PATH}:/home/neverdiedooms/ros2_testing/install/my_first_package:/opt/ros/jazzy DEBUGINFOD_URLS=https://debuginfod.ubuntu.com /usr/bin/cmake --build /home/neverdiedooms/ros2_testing/build/my_first_cpp_pkg -- -j20 -l20
[8.384s] DEBUG:colcon.colcon_core.event_handler.log_command:Invoked command in '/home/neverdiedooms/ros2_testing/build/my_first_cpp_pkg' returned '0': CMAKE_PREFIX_PATH=${CMAKE_PREFIX_PATH}:/home/neverdiedooms/ros2_testing/install/my_first_package:/opt/ros/jazzy DEBUGINFOD_URLS=https://debuginfod.ubuntu.com /usr/bin/cmake --build /home/neverdiedooms/ros2_testing/build/my_first_cpp_pkg -- -j20 -l20
[8.391s] DEBUG:colcon.colcon_core.event_handler.log_command:Invoking command in '/home/neverdiedooms/ros2_testing/build/my_first_cpp_pkg': CMAKE_PREFIX_PATH=${CMAKE_PREFIX_PATH}:/home/neverdiedooms/ros2_testing/install/my_first_package:/opt/ros/jazzy DEBUGINFOD_URLS=https://debuginfod.ubuntu.com /usr/bin/cmake --install /home/neverdiedooms/ros2_testing/build/my_first_cpp_pkg
[8.409s] Level 1:colcon.colcon_core.environment:create_environment_scripts_only(my_first_cpp_pkg)
[8.409s] Level 1:colcon.colcon_core.environment:checking '/home/neverdiedooms/ros2_testing/install/my_first_cpp_pkg' for CMake module files
[8.410s] DEBUG:colcon.colcon_core.event_handler.log_command:Invoked command in '/home/neverdiedooms/ros2_testing/build/my_first_cpp_pkg' returned '0': CMAKE_PREFIX_PATH=${CMAKE_PREFIX_PATH}:/home/neverdiedooms/ros2_testing/install/my_first_package:/opt/ros/jazzy DEBUGINFOD_URLS=https://debuginfod.ubuntu.com /usr/bin/cmake --install /home/neverdiedooms/ros2_testing/build/my_first_cpp_pkg
[8.410s] Level 1:colcon.colcon_core.environment:checking '/home/neverdiedooms/ros2_testing/install/my_first_cpp_pkg' for CMake config files
[8.410s] Level 1:colcon.colcon_core.shell:create_environment_hook('my_first_cpp_pkg', 'cmake_prefix_path')
[8.410s] INFO:colcon.colcon_core.shell:Creating environment hook '/home/neverdiedooms/ros2_testing/install/my_first_cpp_pkg/share/my_first_cpp_pkg/hook/cmake_prefix_path.ps1'
[8.411s] INFO:colcon.colcon_core.shell:Creating environment descriptor '/home/neverdiedooms/ros2_testing/install/my_first_cpp_pkg/share/my_first_cpp_pkg/hook/cmake_prefix_path.dsv'
[8.411s] INFO:colcon.colcon_core.shell:Creating environment hook '/home/neverdiedooms/ros2_testing/install/my_first_cpp_pkg/share/my_first_cpp_pkg/hook/cmake_prefix_path.sh'
[8.411s] Level 1:colcon.colcon_core.environment:checking '/home/neverdiedooms/ros2_testing/install/my_first_cpp_pkg/lib'
[8.412s] Level 1:colcon.colcon_core.environment:checking '/home/neverdiedooms/ros2_testing/install/my_first_cpp_pkg/bin'
[8.412s] Level 1:colcon.colcon_core.environment:checking '/home/neverdiedooms/ros2_testing/install/my_first_cpp_pkg/lib/pkgconfig/my_first_cpp_pkg.pc'
[8.412s] Level 1:colcon.colcon_core.environment:checking '/home/neverdiedooms/ros2_testing/install/my_first_cpp_pkg/lib/python3.12/site-packages'
[8.412s] Level 1:colcon.colcon_core.environment:checking '/home/neverdiedooms/ros2_testing/install/my_first_cpp_pkg/bin'
[8.412s] INFO:colcon.colcon_core.shell:Creating package script '/home/neverdiedooms/ros2_testing/install/my_first_cpp_pkg/share/my_first_cpp_pkg/package.ps1'
[8.412s] INFO:colcon.colcon_core.shell:Creating package descriptor '/home/neverdiedooms/ros2_testing/install/my_first_cpp_pkg/share/my_first_cpp_pkg/package.dsv'
[8.412s] INFO:colcon.colcon_core.shell:Creating package script '/home/neverdiedooms/ros2_testing/install/my_first_cpp_pkg/share/my_first_cpp_pkg/package.sh'
[8.413s] INFO:colcon.colcon_core.shell:Creating package script '/home/neverdiedooms/ros2_testing/install/my_first_cpp_pkg/share/my_first_cpp_pkg/package.bash'
[8.413s] INFO:colcon.colcon_core.shell:Creating package script '/home/neverdiedooms/ros2_testing/install/my_first_cpp_pkg/share/my_first_cpp_pkg/package.zsh'
[8.413s] Level 1:colcon.colcon_core.environment:create_file_with_runtime_dependencies(/home/neverdiedooms/ros2_testing/install/my_first_cpp_pkg/share/colcon-core/packages/my_first_cpp_pkg)
[8.413s] Level 1:colcon.colcon_core.environment:create_environment_scripts_only(my_first_cpp_pkg)
[8.413s] Level 1:colcon.colcon_core.environment:checking '/home/neverdiedooms/ros2_testing/install/my_first_cpp_pkg' for CMake module files
[8.414s] Level 1:colcon.colcon_core.environment:checking '/home/neverdiedooms/ros2_testing/install/my_first_cpp_pkg' for CMake config files
[8.414s] Level 1:colcon.colcon_core.shell:create_environment_hook('my_first_cpp_pkg', 'cmake_prefix_path')
[8.414s] INFO:colcon.colcon_core.shell:Creating environment hook '/home/neverdiedooms/ros2_testing/install/my_first_cpp_pkg/share/my_first_cpp_pkg/hook/cmake_prefix_path.ps1'
[8.414s] INFO:colcon.colcon_core.shell:Creating environment descriptor '/home/neverdiedooms/ros2_testing/install/my_first_cpp_pkg/share/my_first_cpp_pkg/hook/cmake_prefix_path.dsv'
[8.414s] INFO:colcon.colcon_core.shell:Creating environment hook '/home/neverdiedooms/ros2_testing/install/my_first_cpp_pkg/share/my_first_cpp_pkg/hook/cmake_prefix_path.sh'
[8.414s] Level 1:colcon.colcon_core.environment:checking '/home/neverdiedooms/ros2_testing/install/my_first_cpp_pkg/lib'
[8.414s] Level 1:colcon.colcon_core.environment:checking '/home/neverdiedooms/ros2_testing/install/my_first_cpp_pkg/bin'
[8.414s] Level 1:colcon.colcon_core.environment:checking '/home/neverdiedooms/ros2_testing/install/my_first_cpp_pkg/lib/pkgconfig/my_first_cpp_pkg.pc'
[8.415s] Level 1:colcon.colcon_core.environment:checking '/home/neverdiedooms/ros2_testing/install/my_first_cpp_pkg/lib/python3.12/site-packages'
[8.415s] Level 1:colcon.colcon_core.environment:checking '/home/neverdiedooms/ros2_testing/install/my_first_cpp_pkg/bin'
[8.415s] INFO:colcon.colcon_core.shell:Creating package script '/home/neverdiedooms/ros2_testing/install/my_first_cpp_pkg/share/my_first_cpp_pkg/package.ps1'
[8.415s] INFO:colcon.colcon_core.shell:Creating package descriptor '/home/neverdiedooms/ros2_testing/install/my_first_cpp_pkg/share/my_first_cpp_pkg/package.dsv'
[8.415s] INFO:colcon.colcon_core.shell:Creating package script '/home/neverdiedooms/ros2_testing/install/my_first_cpp_pkg/share/my_first_cpp_pkg/package.sh'
[8.415s] INFO:colcon.colcon_core.shell:Creating package script '/home/neverdiedooms/ros2_testing/install/my_first_cpp_pkg/share/my_first_cpp_pkg/package.bash'
[8.416s] INFO:colcon.colcon_core.shell:Creating package script '/home/neverdiedooms/ros2_testing/install/my_first_cpp_pkg/share/my_first_cpp_pkg/package.zsh'
[8.416s] Level 1:colcon.colcon_core.environment:create_file_with_runtime_dependencies(/home/neverdiedooms/ros2_testing/install/my_first_cpp_pkg/share/colcon-core/packages/my_first_cpp_pkg)
[8.416s] DEBUG:colcon.colcon_parallel_executor.executor.parallel:closing loop
[8.416s] DEBUG:colcon.colcon_parallel_executor.executor.parallel:loop closed
[8.416s] DEBUG:colcon.colcon_parallel_executor.executor.parallel:run_until_complete finished with '0'
[8.416s] DEBUG:colcon.colcon_core.event_reactor:joining thread
[8.420s] INFO:colcon.colcon_core.plugin_system:Skipping extension 'colcon_notification.desktop_notification.terminal_notifier': Not used on non-Darwin systems
[8.420s] INFO:colcon.colcon_core.plugin_system:Skipping extension 'colcon_notification.desktop_notification.win32': Not used on non-Windows systems
[8.420s] INFO:colcon.colcon_notification.desktop_notification:Sending desktop notification using 'notify2'
[8.434s] DEBUG:colcon.colcon_core.event_reactor:joined thread
[8.434s] INFO:colcon.colcon_core.shell:Creating prefix script '/home/neverdiedooms/ros2_testing/install/local_setup.ps1'
[8.435s] INFO:colcon.colcon_core.shell:Creating prefix util module '/home/neverdiedooms/ros2_testing/install/_local_setup_util_ps1.py'
[8.435s] INFO:colcon.colcon_core.shell:Creating prefix chain script '/home/neverdiedooms/ros2_testing/install/setup.ps1'
[8.436s] INFO:colcon.colcon_core.shell:Creating prefix script '/home/neverdiedooms/ros2_testing/install/local_setup.sh'
[8.436s] INFO:colcon.colcon_core.shell:Creating prefix util module '/home/neverdiedooms/ros2_testing/install/_local_setup_util_sh.py'
[8.437s] INFO:colcon.colcon_core.shell:Creating prefix chain script '/home/neverdiedooms/ros2_testing/install/setup.sh'
[8.437s] INFO:colcon.colcon_core.shell:Creating prefix script '/home/neverdiedooms/ros2_testing/install/local_setup.bash'
[8.437s] INFO:colcon.colcon_core.shell:Creating prefix chain script '/home/neverdiedooms/ros2_testing/install/setup.bash'
[8.438s] INFO:colcon.colcon_core.shell:Creating prefix script '/home/neverdiedooms/ros2_testing/install/local_setup.zsh'
[8.438s] INFO:colcon.colcon_core.shell:Creating prefix chain script '/home/neverdiedooms/ros2_testing/install/setup.zsh'
