[0.043s] Invoking command in '/home/neverdiedooms/ros2_test_ws/build/my_first_cpp_pkg': CMAKE_PREFIX_PATH=${CMAKE_PREFIX_PATH}:/home/neverdiedooms/ros2_test_ws/install/my_first_package:/opt/ros/jazzy DEBUGINFOD_URLS=https://debuginfod.ubuntu.com /usr/bin/cmake --build /home/neverdiedooms/ros2_test_ws/build/my_first_cpp_pkg -- -j6 -l6
[0.241s] [ 33%] Built target my_first_node
[0.241s] [ 66%] Built target publisher_test
[0.250s] [100%] Built target subscriber_test
[0.319s] Invoked command in '/home/neverdiedooms/ros2_test_ws/build/my_first_cpp_pkg' returned '0': CMAKE_PREFIX_PATH=${CMAKE_PREFIX_PATH}:/home/neverdiedooms/ros2_test_ws/install/my_first_package:/opt/ros/jazzy DEBUGINFOD_URLS=https://debuginfod.ubuntu.com /usr/bin/cmake --build /home/neverdiedooms/ros2_test_ws/build/my_first_cpp_pkg -- -j6 -l6
[0.333s] Invoking command in '/home/neverdiedooms/ros2_test_ws/build/my_first_cpp_pkg': CMAKE_PREFIX_PATH=${CMAKE_PREFIX_PATH}:/home/neverdiedooms/ros2_test_ws/install/my_first_package:/opt/ros/jazzy DEBUGINFOD_URLS=https://debuginfod.ubuntu.com /usr/bin/cmake --install /home/neverdiedooms/ros2_test_ws/build/my_first_cpp_pkg
[0.343s] -- Install configuration: ""
[0.345s] -- Execute custom install script
[0.346s] -- Up-to-date symlink: /home/neverdiedooms/ros2_test_ws/install/my_first_cpp_pkg/lib/my_first_cpp_pkg/my_first_node
[0.346s] -- Up-to-date symlink: /home/neverdiedooms/ros2_test_ws/install/my_first_cpp_pkg/lib/my_first_cpp_pkg/publisher_test
[0.346s] -- Up-to-date symlink: /home/neverdiedooms/ros2_test_ws/install/my_first_cpp_pkg/lib/my_first_cpp_pkg/subscriber_test
[0.347s] -- Up-to-date symlink: /home/neverdiedooms/ros2_test_ws/install/my_first_cpp_pkg/share/ament_index/resource_index/package_run_dependencies/my_first_cpp_pkg
[0.347s] -- Up-to-date symlink: /home/neverdiedooms/ros2_test_ws/install/my_first_cpp_pkg/share/ament_index/resource_index/parent_prefix_path/my_first_cpp_pkg
[0.347s] -- Up-to-date symlink: /home/neverdiedooms/ros2_test_ws/install/my_first_cpp_pkg/share/my_first_cpp_pkg/environment/ament_prefix_path.sh
[0.347s] -- Up-to-date symlink: /home/neverdiedooms/ros2_test_ws/install/my_first_cpp_pkg/share/my_first_cpp_pkg/environment/ament_prefix_path.dsv
[0.347s] -- Up-to-date symlink: /home/neverdiedooms/ros2_test_ws/install/my_first_cpp_pkg/share/my_first_cpp_pkg/environment/path.sh
[0.347s] -- Up-to-date symlink: /home/neverdiedooms/ros2_test_ws/install/my_first_cpp_pkg/share/my_first_cpp_pkg/environment/path.dsv
[0.348s] -- Up-to-date symlink: /home/neverdiedooms/ros2_test_ws/install/my_first_cpp_pkg/share/my_first_cpp_pkg/local_setup.bash
[0.348s] -- Up-to-date symlink: /home/neverdiedooms/ros2_test_ws/install/my_first_cpp_pkg/share/my_first_cpp_pkg/local_setup.sh
[0.348s] -- Up-to-date symlink: /home/neverdiedooms/ros2_test_ws/install/my_first_cpp_pkg/share/my_first_cpp_pkg/local_setup.zsh
[0.348s] -- Up-to-date symlink: /home/neverdiedooms/ros2_test_ws/install/my_first_cpp_pkg/share/my_first_cpp_pkg/local_setup.dsv
[0.348s] -- Symlinking: /home/neverdiedooms/ros2_test_ws/install/my_first_cpp_pkg/share/my_first_cpp_pkg/package.dsv
[0.357s] -- Up-to-date symlink: /home/neverdiedooms/ros2_test_ws/install/my_first_cpp_pkg/share/ament_index/resource_index/packages/my_first_cpp_pkg
[0.358s] -- Up-to-date symlink: /home/neverdiedooms/ros2_test_ws/install/my_first_cpp_pkg/share/my_first_cpp_pkg/cmake/my_first_cpp_pkgConfig.cmake
[0.358s] -- Up-to-date symlink: /home/neverdiedooms/ros2_test_ws/install/my_first_cpp_pkg/share/my_first_cpp_pkg/cmake/my_first_cpp_pkgConfig-version.cmake
[0.359s] -- Up-to-date symlink: /home/neverdiedooms/ros2_test_ws/install/my_first_cpp_pkg/share/my_first_cpp_pkg/package.xml
[0.362s] Invoked command in '/home/neverdiedooms/ros2_test_ws/build/my_first_cpp_pkg' returned '0': CMAKE_PREFIX_PATH=${CMAKE_PREFIX_PATH}:/home/neverdiedooms/ros2_test_ws/install/my_first_package:/opt/ros/jazzy DEBUGINFOD_URLS=https://debuginfod.ubuntu.com /usr/bin/cmake --install /home/neverdiedooms/ros2_test_ws/build/my_first_cpp_pkg
