[0.721s] Invoking command in '/home/neverdiedooms/ros2_test_ws/src/my_first_package': DEBUGINFOD_URLS=https://debuginfod.ubuntu.com PYTHONPATH=/home/neverdiedooms/ros2_test_ws/build/my_first_package/prefix_override:/usr/lib/python3/dist-packages/colcon_core/task/python/colcon_distutils_commands:/home/neverdiedooms/ros2_test_ws/install/my_first_package/lib/python3.12/site-packages:${PYTHONPATH} /usr/bin/python3 -W ignore:setup.py install is deprecated -W ignore:easy_install command is deprecated setup.py egg_info --egg-base ../../build/my_first_package build --build-base /home/neverdiedooms/ros2_test_ws/build/my_first_package/build install --record /home/neverdiedooms/ros2_test_ws/build/my_first_package/install.log --single-version-externally-managed install_data
[0.939s] running egg_info
[0.939s] writing ../../build/my_first_package/my_first_package.egg-info/PKG-INFO
[0.939s] writing dependency_links to ../../build/my_first_package/my_first_package.egg-info/dependency_links.txt
[0.942s] writing entry points to ../../build/my_first_package/my_first_package.egg-info/entry_points.txt
[0.942s] writing requirements to ../../build/my_first_package/my_first_package.egg-info/requires.txt
[0.942s] writing top-level names to ../../build/my_first_package/my_first_package.egg-info/top_level.txt
[0.968s] reading manifest file '../../build/my_first_package/my_first_package.egg-info/SOURCES.txt'
[0.971s] writing manifest file '../../build/my_first_package/my_first_package.egg-info/SOURCES.txt'
[0.971s] running build
[0.971s] running build_py
[0.972s] copying my_first_package/my_first_node.py -> /home/neverdiedooms/ros2_test_ws/build/my_first_package/build/lib/my_first_package
[0.972s] running install
[0.976s] running install_lib
[0.989s] copying /home/neverdiedooms/ros2_test_ws/build/my_first_package/build/lib/my_first_package/my_first_node.py -> /home/neverdiedooms/ros2_test_ws/install/my_first_package/lib/python3.12/site-packages/my_first_package
[0.991s] byte-compiling /home/neverdiedooms/ros2_test_ws/install/my_first_package/lib/python3.12/site-packages/my_first_package/my_first_node.py to my_first_node.cpython-312.pyc
[0.993s] running install_data
[0.994s] running install_egg_info
[1.005s] removing '/home/neverdiedooms/ros2_test_ws/install/my_first_package/lib/python3.12/site-packages/my_first_package-0.0.0-py3.12.egg-info' (and everything under it)
[1.005s] Copying ../../build/my_first_package/my_first_package.egg-info to /home/neverdiedooms/ros2_test_ws/install/my_first_package/lib/python3.12/site-packages/my_first_package-0.0.0-py3.12.egg-info
[1.007s] running install_scripts
[1.098s] Installing my_first_node script to /home/neverdiedooms/ros2_test_ws/install/my_first_package/lib/my_first_package
[1.099s] writing list of installed files to '/home/neverdiedooms/ros2_test_ws/build/my_first_package/install.log'
[1.120s] Invoked command in '/home/neverdiedooms/ros2_test_ws/src/my_first_package' returned '0': DEBUGINFOD_URLS=https://debuginfod.ubuntu.com PYTHONPATH=/home/neverdiedooms/ros2_test_ws/build/my_first_package/prefix_override:/usr/lib/python3/dist-packages/colcon_core/task/python/colcon_distutils_commands:/home/neverdiedooms/ros2_test_ws/install/my_first_package/lib/python3.12/site-packages:${PYTHONPATH} /usr/bin/python3 -W ignore:setup.py install is deprecated -W ignore:easy_install command is deprecated setup.py egg_info --egg-base ../../build/my_first_package build --build-base /home/neverdiedooms/ros2_test_ws/build/my_first_package/build install --record /home/neverdiedooms/ros2_test_ws/build/my_first_package/install.log --single-version-externally-managed install_data
