[0.070s] Invoking command in '/home/neverdiedooms/ros2_test_ws/build/my_first_cpp_pkg': CMAKE_PREFIX_PATH=${CMAKE_PREFIX_PATH}:/home/neverdiedooms/ros2_test_ws/install/my_first_package:/opt/ros/jazzy DEBUGINFOD_URLS=https://debuginfod.ubuntu.com /usr/bin/cmake --build /home/neverdiedooms/ros2_test_ws/build/my_first_cpp_pkg -- -j6 -l6
[0.252s] [ 12%] Built target publisher_test
[0.258s] [ 25%] Built target my_first_node
[0.266s] [ 50%] Built target subscriber_test
[0.266s] [ 37%] Built target publisher_test_2
[0.270s] [ 62%] Built target publisher_and_subscriber_test
[0.285s] [ 75%] Built target test_service_client_no_oop
[0.346s] [ 87%] Built target test_service_server
[0.362s] [ 93%] [32mBuilding CXX object CMakeFiles/test_service_client.dir/src/tests_services/test_service_client.cpp.o[0m
[5.059s] [100%] [32m[1mLinking CXX executable test_service_client[0m
[5.254s] [100%] Built target test_service_client
[5.269s] Invoked command in '/home/neverdiedooms/ros2_test_ws/build/my_first_cpp_pkg' returned '0': CMAKE_PREFIX_PATH=${CMAKE_PREFIX_PATH}:/home/neverdiedooms/ros2_test_ws/install/my_first_package:/opt/ros/jazzy DEBUGINFOD_URLS=https://debuginfod.ubuntu.com /usr/bin/cmake --build /home/neverdiedooms/ros2_test_ws/build/my_first_cpp_pkg -- -j6 -l6
[5.279s] Invoking command in '/home/neverdiedooms/ros2_test_ws/build/my_first_cpp_pkg': CMAKE_PREFIX_PATH=${CMAKE_PREFIX_PATH}:/home/neverdiedooms/ros2_test_ws/install/my_first_package:/opt/ros/jazzy DEBUGINFOD_URLS=https://debuginfod.ubuntu.com /usr/bin/cmake --install /home/neverdiedooms/ros2_test_ws/build/my_first_cpp_pkg
[5.286s] -- Install configuration: ""
[5.289s] -- Up-to-date: /home/neverdiedooms/ros2_test_ws/install/my_first_cpp_pkg/lib/my_first_cpp_pkg/my_first_node
[5.289s] -- Up-to-date: /home/neverdiedooms/ros2_test_ws/install/my_first_cpp_pkg/lib/my_first_cpp_pkg/publisher_test
[5.289s] -- Up-to-date: /home/neverdiedooms/ros2_test_ws/install/my_first_cpp_pkg/lib/my_first_cpp_pkg/subscriber_test
[5.289s] -- Up-to-date: /home/neverdiedooms/ros2_test_ws/install/my_first_cpp_pkg/lib/my_first_cpp_pkg/publisher_test_2
[5.289s] -- Up-to-date: /home/neverdiedooms/ros2_test_ws/install/my_first_cpp_pkg/lib/my_first_cpp_pkg/publisher_and_subscriber_test
[5.289s] -- Up-to-date: /home/neverdiedooms/ros2_test_ws/install/my_first_cpp_pkg/lib/my_first_cpp_pkg/test_service_client_no_oop
[5.292s] -- Installing: /home/neverdiedooms/ros2_test_ws/install/my_first_cpp_pkg/lib/my_first_cpp_pkg/test_service_client
[5.292s] -- Set non-toolchain portion of runtime path of "/home/neverdiedooms/ros2_test_ws/install/my_first_cpp_pkg/lib/my_first_cpp_pkg/test_service_client" to ""
[5.292s] -- Up-to-date: /home/neverdiedooms/ros2_test_ws/install/my_first_cpp_pkg/lib/my_first_cpp_pkg/test_service_server
[5.292s] -- Up-to-date: /home/neverdiedooms/ros2_test_ws/install/my_first_cpp_pkg/share/ament_index/resource_index/package_run_dependencies/my_first_cpp_pkg
[5.292s] -- Up-to-date: /home/neverdiedooms/ros2_test_ws/install/my_first_cpp_pkg/share/ament_index/resource_index/parent_prefix_path/my_first_cpp_pkg
[5.292s] -- Up-to-date: /home/neverdiedooms/ros2_test_ws/install/my_first_cpp_pkg/share/my_first_cpp_pkg/environment/ament_prefix_path.sh
[5.293s] -- Up-to-date: /home/neverdiedooms/ros2_test_ws/install/my_first_cpp_pkg/share/my_first_cpp_pkg/environment/ament_prefix_path.dsv
[5.293s] -- Up-to-date: /home/neverdiedooms/ros2_test_ws/install/my_first_cpp_pkg/share/my_first_cpp_pkg/environment/path.sh
[5.293s] -- Up-to-date: /home/neverdiedooms/ros2_test_ws/install/my_first_cpp_pkg/share/my_first_cpp_pkg/environment/path.dsv
[5.293s] -- Up-to-date: /home/neverdiedooms/ros2_test_ws/install/my_first_cpp_pkg/share/my_first_cpp_pkg/local_setup.bash
[5.293s] -- Up-to-date: /home/neverdiedooms/ros2_test_ws/install/my_first_cpp_pkg/share/my_first_cpp_pkg/local_setup.sh
[5.293s] -- Up-to-date: /home/neverdiedooms/ros2_test_ws/install/my_first_cpp_pkg/share/my_first_cpp_pkg/local_setup.zsh
[5.293s] -- Up-to-date: /home/neverdiedooms/ros2_test_ws/install/my_first_cpp_pkg/share/my_first_cpp_pkg/local_setup.dsv
[5.293s] -- Installing: /home/neverdiedooms/ros2_test_ws/install/my_first_cpp_pkg/share/my_first_cpp_pkg/package.dsv
[5.293s] -- Up-to-date: /home/neverdiedooms/ros2_test_ws/install/my_first_cpp_pkg/share/ament_index/resource_index/packages/my_first_cpp_pkg
[5.293s] -- Up-to-date: /home/neverdiedooms/ros2_test_ws/install/my_first_cpp_pkg/share/my_first_cpp_pkg/cmake/my_first_cpp_pkgConfig.cmake
[5.293s] -- Up-to-date: /home/neverdiedooms/ros2_test_ws/install/my_first_cpp_pkg/share/my_first_cpp_pkg/cmake/my_first_cpp_pkgConfig-version.cmake
[5.293s] -- Up-to-date: /home/neverdiedooms/ros2_test_ws/install/my_first_cpp_pkg/share/my_first_cpp_pkg/package.xml
[5.295s] Invoked command in '/home/neverdiedooms/ros2_test_ws/build/my_first_cpp_pkg' returned '0': CMAKE_PREFIX_PATH=${CMAKE_PREFIX_PATH}:/home/neverdiedooms/ros2_test_ws/install/my_first_package:/opt/ros/jazzy DEBUGINFOD_URLS=https://debuginfod.ubuntu.com /usr/bin/cmake --install /home/neverdiedooms/ros2_test_ws/build/my_first_cpp_pkg
