[0.723s] Invoking command in '/home/neverdiedooms/ros2_test_ws/src/my_first_package': DEBUGINFOD_URLS=https://debuginfod.ubuntu.com PYTHONPATH=/home/neverdiedooms/ros2_test_ws/build/my_first_package/prefix_override:/usr/lib/python3/dist-packages/colcon_core/task/python/colcon_distutils_commands:/home/neverdiedooms/ros2_test_ws/install/my_first_package/lib/python3.12/site-packages:${PYTHONPATH} /usr/bin/python3 -W ignore:setup.py install is deprecated -W ignore:easy_install command is deprecated setup.py egg_info --egg-base ../../build/my_first_package build --build-base /home/neverdiedooms/ros2_test_ws/build/my_first_package/build install --record /home/neverdiedooms/ros2_test_ws/build/my_first_package/install.log --single-version-externally-managed install_data
[0.932s] running egg_info
[0.949s] writing ../../build/my_first_package/my_first_package.egg-info/PKG-INFO
[0.949s] writing dependency_links to ../../build/my_first_package/my_first_package.egg-info/dependency_links.txt
[0.949s] writing entry points to ../../build/my_first_package/my_first_package.egg-info/entry_points.txt
[0.949s] writing requirements to ../../build/my_first_package/my_first_package.egg-info/requires.txt
[0.949s] writing top-level names to ../../build/my_first_package/my_first_package.egg-info/top_level.txt
[0.976s] reading manifest file '../../build/my_first_package/my_first_package.egg-info/SOURCES.txt'
[0.976s] writing manifest file '../../build/my_first_package/my_first_package.egg-info/SOURCES.txt'
[0.977s] running build
[0.978s] running build_py
[0.978s] running install
[0.983s] running install_lib
[0.996s] running install_data
[0.996s] running install_egg_info
[1.010s] removing '/home/neverdiedooms/ros2_test_ws/install/my_first_package/lib/python3.12/site-packages/my_first_package-0.0.0-py3.12.egg-info' (and everything under it)
[1.012s] Copying ../../build/my_first_package/my_first_package.egg-info to /home/neverdiedooms/ros2_test_ws/install/my_first_package/lib/python3.12/site-packages/my_first_package-0.0.0-py3.12.egg-info
[1.014s] running install_scripts
[1.107s] Installing my_first_node script to /home/neverdiedooms/ros2_test_ws/install/my_first_package/lib/my_first_package
[1.109s] Installing publisher_test script to /home/neverdiedooms/ros2_test_ws/install/my_first_package/lib/my_first_package
[1.110s] Installing subscriber_test script to /home/neverdiedooms/ros2_test_ws/install/my_first_package/lib/my_first_package
[1.110s] Installing test_service_server script to /home/neverdiedooms/ros2_test_ws/install/my_first_package/lib/my_first_package
[1.110s] writing list of installed files to '/home/neverdiedooms/ros2_test_ws/build/my_first_package/install.log'
[1.144s] Invoked command in '/home/neverdiedooms/ros2_test_ws/src/my_first_package' returned '0': DEBUGINFOD_URLS=https://debuginfod.ubuntu.com PYTHONPATH=/home/neverdiedooms/ros2_test_ws/build/my_first_package/prefix_override:/usr/lib/python3/dist-packages/colcon_core/task/python/colcon_distutils_commands:/home/neverdiedooms/ros2_test_ws/install/my_first_package/lib/python3.12/site-packages:${PYTHONPATH} /usr/bin/python3 -W ignore:setup.py install is deprecated -W ignore:easy_install command is deprecated setup.py egg_info --egg-base ../../build/my_first_package build --build-base /home/neverdiedooms/ros2_test_ws/build/my_first_package/build install --record /home/neverdiedooms/ros2_test_ws/build/my_first_package/install.log --single-version-externally-managed install_data
