[1.515s] Invoking command in '/home/neverdiedooms/ros2_test_ws/src/my_first_package': DEBUGINFOD_URLS=https://debuginfod.ubuntu.com PYTHONPATH=/home/neverdiedooms/ros2_test_ws/build/my_first_package/prefix_override:/usr/lib/python3/dist-packages/colcon_core/task/python/colcon_distutils_commands:/home/neverdiedooms/ros2_test_ws/install/my_first_package/lib/python3.12/site-packages:${PYTHONPATH} /usr/bin/python3 -W ignore:setup.py install is deprecated -W ignore:easy_install command is deprecated setup.py egg_info --egg-base ../../build/my_first_package build --build-base /home/neverdiedooms/ros2_test_ws/build/my_first_package/build install --record /home/neverdiedooms/ros2_test_ws/build/my_first_package/install.log --single-version-externally-managed install_data
[1.887s] running egg_info
[1.911s] writing ../../build/my_first_package/my_first_package.egg-info/PKG-INFO
[1.916s] writing dependency_links to ../../build/my_first_package/my_first_package.egg-info/dependency_links.txt
[1.917s] writing entry points to ../../build/my_first_package/my_first_package.egg-info/entry_points.txt
[1.917s] writing requirements to ../../build/my_first_package/my_first_package.egg-info/requires.txt
[1.917s] writing top-level names to ../../build/my_first_package/my_first_package.egg-info/top_level.txt
[1.973s] reading manifest file '../../build/my_first_package/my_first_package.egg-info/SOURCES.txt'
[1.975s] writing manifest file '../../build/my_first_package/my_first_package.egg-info/SOURCES.txt'
[1.975s] running build
[1.975s] running build_py
[1.976s] running install
[1.986s] running install_lib
[2.018s] running install_data
[2.018s] running install_egg_info
[2.048s] removing '/home/neverdiedooms/ros2_test_ws/install/my_first_package/lib/python3.12/site-packages/my_first_package-0.0.0-py3.12.egg-info' (and everything under it)
[2.052s] Copying ../../build/my_first_package/my_first_package.egg-info to /home/neverdiedooms/ros2_test_ws/install/my_first_package/lib/python3.12/site-packages/my_first_package-0.0.0-py3.12.egg-info
[2.052s] running install_scripts
[2.238s] Installing my_first_node script to /home/neverdiedooms/ros2_test_ws/install/my_first_package/lib/my_first_package
[2.238s] Installing publisher_test script to /home/neverdiedooms/ros2_test_ws/install/my_first_package/lib/my_first_package
[2.239s] Installing subscriber_test script to /home/neverdiedooms/ros2_test_ws/install/my_first_package/lib/my_first_package
[2.241s] Installing test_service_client script to /home/neverdiedooms/ros2_test_ws/install/my_first_package/lib/my_first_package
[2.241s] Installing test_service_client_no_oop script to /home/neverdiedooms/ros2_test_ws/install/my_first_package/lib/my_first_package
[2.241s] Installing test_service_server script to /home/neverdiedooms/ros2_test_ws/install/my_first_package/lib/my_first_package
[2.241s] writing list of installed files to '/home/neverdiedooms/ros2_test_ws/build/my_first_package/install.log'
[2.283s] Invoked command in '/home/neverdiedooms/ros2_test_ws/src/my_first_package' returned '0': DEBUGINFOD_URLS=https://debuginfod.ubuntu.com PYTHONPATH=/home/neverdiedooms/ros2_test_ws/build/my_first_package/prefix_override:/usr/lib/python3/dist-packages/colcon_core/task/python/colcon_distutils_commands:/home/neverdiedooms/ros2_test_ws/install/my_first_package/lib/python3.12/site-packages:${PYTHONPATH} /usr/bin/python3 -W ignore:setup.py install is deprecated -W ignore:easy_install command is deprecated setup.py egg_info --egg-base ../../build/my_first_package build --build-base /home/neverdiedooms/ros2_test_ws/build/my_first_package/build install --record /home/neverdiedooms/ros2_test_ws/build/my_first_package/install.log --single-version-externally-managed install_data
