-- Found ament_cmake: 2.5.3 (/opt/ros/jazzy/share/ament_cmake/cmake)
-- Override CMake install command with custom implementation using symlinks instead of copying resources
-- Found rclcpp: 28.1.8 (/opt/ros/jazzy/share/rclcpp/cmake)
-- Found rosidl_generator_c: 4.6.5 (/opt/ros/jazzy/share/rosidl_generator_c/cmake)
-- Found rosidl_generator_cpp: 4.6.5 (/opt/ros/jazzy/share/rosidl_generator_cpp/cmake)
-- Using all available rosidl_typesupport_c: rosidl_typesupport_fastrtps_c;rosidl_typesupport_introspection_c
-- Using all available rosidl_typesupport_cpp: rosidl_typesupport_fastrtps_cpp;rosidl_typesupport_introspection_cpp
-- Found rmw_implementation_cmake: 7.3.2 (/opt/ros/jazzy/share/rmw_implementation_cmake/cmake)
-- Found rmw_fastrtps_cpp: 8.4.2 (/opt/ros/jazzy/share/rmw_fastrtps_cpp/cmake)
-- Using RMW implementation 'rmw_fastrtps_cpp' as default
-- Found ament_lint_auto: 0.17.2 (/opt/ros/jazzy/share/ament_lint_auto/cmake)
-- Added test 'cppcheck' to perform static code analysis on C / C++ code
-- Configured cppcheck include dirs: 
-- Configured cppcheck exclude dirs and/or files: 
-- Added test 'lint_cmake' to check CMake code style
-- Added test 'uncrustify' to check C / C++ code style
-- Configured uncrustify additional arguments: 
-- Added test 'xmllint' to check XML markup files
-- Configuring done (0.5s)
-- Generating done (0.0s)
-- Build files have been written to: /home/neverdiedooms/ros2_test_ws/build/my_first_cpp_pkg
-- Install configuration: ""
-- Execute custom install script
-- Up-to-date symlink: /home/neverdiedooms/ros2_test_ws/install/my_first_cpp_pkg/share/ament_index/resource_index/package_run_dependencies/my_first_cpp_pkg
-- Up-to-date symlink: /home/neverdiedooms/ros2_test_ws/install/my_first_cpp_pkg/share/ament_index/resource_index/parent_prefix_path/my_first_cpp_pkg
-- Up-to-date symlink: /home/neverdiedooms/ros2_test_ws/install/my_first_cpp_pkg/share/my_first_cpp_pkg/environment/ament_prefix_path.sh
-- Up-to-date symlink: /home/neverdiedooms/ros2_test_ws/install/my_first_cpp_pkg/share/my_first_cpp_pkg/environment/ament_prefix_path.dsv
-- Up-to-date symlink: /home/neverdiedooms/ros2_test_ws/install/my_first_cpp_pkg/share/my_first_cpp_pkg/environment/path.sh
-- Up-to-date symlink: /home/neverdiedooms/ros2_test_ws/install/my_first_cpp_pkg/share/my_first_cpp_pkg/environment/path.dsv
-- Up-to-date symlink: /home/neverdiedooms/ros2_test_ws/install/my_first_cpp_pkg/share/my_first_cpp_pkg/local_setup.bash
-- Up-to-date symlink: /home/neverdiedooms/ros2_test_ws/install/my_first_cpp_pkg/share/my_first_cpp_pkg/local_setup.sh
-- Up-to-date symlink: /home/neverdiedooms/ros2_test_ws/install/my_first_cpp_pkg/share/my_first_cpp_pkg/local_setup.zsh
-- Up-to-date symlink: /home/neverdiedooms/ros2_test_ws/install/my_first_cpp_pkg/share/my_first_cpp_pkg/local_setup.dsv
-- Symlinking: /home/neverdiedooms/ros2_test_ws/install/my_first_cpp_pkg/share/my_first_cpp_pkg/package.dsv
-- Up-to-date symlink: /home/neverdiedooms/ros2_test_ws/install/my_first_cpp_pkg/share/ament_index/resource_index/packages/my_first_cpp_pkg
-- Up-to-date symlink: /home/neverdiedooms/ros2_test_ws/install/my_first_cpp_pkg/share/my_first_cpp_pkg/cmake/my_first_cpp_pkgConfig.cmake
-- Up-to-date symlink: /home/neverdiedooms/ros2_test_ws/install/my_first_cpp_pkg/share/my_first_cpp_pkg/cmake/my_first_cpp_pkgConfig-version.cmake
-- Up-to-date symlink: /home/neverdiedooms/ros2_test_ws/install/my_first_cpp_pkg/share/my_first_cpp_pkg/package.xml
