running egg_info
writing ../../build/my_first_package/my_first_package.egg-info/PKG-INFO
writing dependency_links to ../../build/my_first_package/my_first_package.egg-info/dependency_links.txt
writing entry points to ../../build/my_first_package/my_first_package.egg-info/entry_points.txt
writing requirements to ../../build/my_first_package/my_first_package.egg-info/requires.txt
writing top-level names to ../../build/my_first_package/my_first_package.egg-info/top_level.txt
reading manifest file '../../build/my_first_package/my_first_package.egg-info/SOURCES.txt'
writing manifest file '../../build/my_first_package/my_first_package.egg-info/SOURCES.txt'
running build
running build_py
copying my_first_package/publisher_test.py -> /home/neverdiedooms/ros2_test_ws/build/my_first_package/build/lib/my_first_package
running install
running install_lib
copying /home/neverdiedooms/ros2_test_ws/build/my_first_package/build/lib/my_first_package/publisher_test.py -> /home/neverdiedooms/ros2_test_ws/install/my_first_package/lib/python3.12/site-packages/my_first_package
byte-compiling /home/neverdiedooms/ros2_test_ws/install/my_first_package/lib/python3.12/site-packages/my_first_package/publisher_test.py to publisher_test.cpython-312.pyc
running install_data
running install_egg_info
removing '/home/neverdiedooms/ros2_test_ws/install/my_first_package/lib/python3.12/site-packages/my_first_package-0.0.0-py3.12.egg-info' (and everything under it)
Copying ../../build/my_first_package/my_first_package.egg-info to /home/neverdiedooms/ros2_test_ws/install/my_first_package/lib/python3.12/site-packages/my_first_package-0.0.0-py3.12.egg-info
running install_scripts
Installing my_first_node script to /home/neverdiedooms/ros2_test_ws/install/my_first_package/lib/my_first_package
Installing publisher_test script to /home/neverdiedooms/ros2_test_ws/install/my_first_package/lib/my_first_package
writing list of installed files to '/home/neverdiedooms/ros2_test_ws/build/my_first_package/install.log'
