[0.594s] Invoking command in '/home/neverdiedooms/ros2_test_ws/src/my_first_package': DEBUGINFOD_URLS=https://debuginfod.ubuntu.com PYTHONPATH=/home/neverdiedooms/ros2_test_ws/build/my_first_package/prefix_override:/usr/lib/python3/dist-packages/colcon_core/task/python/colcon_distutils_commands:/home/neverdiedooms/ros2_test_ws/install/my_first_package/lib/python3.12/site-packages:${PYTHONPATH} /usr/bin/python3 -W ignore:setup.py install is deprecated -W ignore:easy_install command is deprecated setup.py egg_info --egg-base ../../build/my_first_package build --build-base /home/neverdiedooms/ros2_test_ws/build/my_first_package/build install --record /home/neverdiedooms/ros2_test_ws/build/my_first_package/install.log --single-version-externally-managed install_data
[0.784s] running egg_info
[0.784s] writing ../../build/my_first_package/my_first_package.egg-info/PKG-INFO
[0.784s] writing dependency_links to ../../build/my_first_package/my_first_package.egg-info/dependency_links.txt
[0.784s] writing entry points to ../../build/my_first_package/my_first_package.egg-info/entry_points.txt
[0.784s] writing requirements to ../../build/my_first_package/my_first_package.egg-info/requires.txt
[0.784s] writing top-level names to ../../build/my_first_package/my_first_package.egg-info/top_level.txt
[0.800s] reading manifest file '../../build/my_first_package/my_first_package.egg-info/SOURCES.txt'
[0.814s] writing manifest file '../../build/my_first_package/my_first_package.egg-info/SOURCES.txt'
[0.814s] running build
[0.814s] running build_py
[0.814s] copying my_first_package/my_first_node.py -> /home/neverdiedooms/ros2_test_ws/build/my_first_package/build/lib/my_first_package
[0.814s] running install
[0.827s] running install_lib
[0.838s] copying /home/neverdiedooms/ros2_test_ws/build/my_first_package/build/lib/my_first_package/my_first_node.py -> /home/neverdiedooms/ros2_test_ws/install/my_first_package/lib/python3.12/site-packages/my_first_package
[0.838s] byte-compiling /home/neverdiedooms/ros2_test_ws/install/my_first_package/lib/python3.12/site-packages/my_first_package/my_first_node.py to my_first_node.cpython-312.pyc
[0.839s] running install_data
[0.839s] running install_egg_info
[0.851s] removing '/home/neverdiedooms/ros2_test_ws/install/my_first_package/lib/python3.12/site-packages/my_first_package-0.0.0-py3.12.egg-info' (and everything under it)
[0.852s] Copying ../../build/my_first_package/my_first_package.egg-info to /home/neverdiedooms/ros2_test_ws/install/my_first_package/lib/python3.12/site-packages/my_first_package-0.0.0-py3.12.egg-info
[0.853s] running install_scripts
[0.947s] Installing my_first_node script to /home/neverdiedooms/ros2_test_ws/install/my_first_package/lib/my_first_package
[0.948s] writing list of installed files to '/home/neverdiedooms/ros2_test_ws/build/my_first_package/install.log'
[0.968s] Invoked command in '/home/neverdiedooms/ros2_test_ws/src/my_first_package' returned '0': DEBUGINFOD_URLS=https://debuginfod.ubuntu.com PYTHONPATH=/home/neverdiedooms/ros2_test_ws/build/my_first_package/prefix_override:/usr/lib/python3/dist-packages/colcon_core/task/python/colcon_distutils_commands:/home/neverdiedooms/ros2_test_ws/install/my_first_package/lib/python3.12/site-packages:${PYTHONPATH} /usr/bin/python3 -W ignore:setup.py install is deprecated -W ignore:easy_install command is deprecated setup.py egg_info --egg-base ../../build/my_first_package build --build-base /home/neverdiedooms/ros2_test_ws/build/my_first_package/build install --record /home/neverdiedooms/ros2_test_ws/build/my_first_package/install.log --single-version-externally-managed install_data
