[0.708s] Invoking command in '/home/neverdiedooms/ros2_test_ws/src/my_first_package': DEBUGINFOD_URLS=https://debuginfod.ubuntu.com PYTHONPATH=/home/neverdiedooms/ros2_test_ws/build/my_first_package/prefix_override:/usr/lib/python3/dist-packages/colcon_core/task/python/colcon_distutils_commands:/home/neverdiedooms/ros2_test_ws/install/my_first_package/lib/python3.12/site-packages:${PYTHONPATH} /usr/bin/python3 -W ignore:setup.py install is deprecated -W ignore:easy_install command is deprecated setup.py egg_info --egg-base ../../build/my_first_package build --build-base /home/neverdiedooms/ros2_test_ws/build/my_first_package/build install --record /home/neverdiedooms/ros2_test_ws/build/my_first_package/install.log --single-version-externally-managed install_data
[0.916s] running egg_info
[0.917s] writing ../../build/my_first_package/my_first_package.egg-info/PKG-INFO
[0.920s] writing dependency_links to ../../build/my_first_package/my_first_package.egg-info/dependency_links.txt
[0.924s] writing entry points to ../../build/my_first_package/my_first_package.egg-info/entry_points.txt
[0.928s] writing requirements to ../../build/my_first_package/my_first_package.egg-info/requires.txt
[0.928s] writing top-level names to ../../build/my_first_package/my_first_package.egg-info/top_level.txt
[0.960s] reading manifest file '../../build/my_first_package/my_first_package.egg-info/SOURCES.txt'
[0.981s] writing manifest file '../../build/my_first_package/my_first_package.egg-info/SOURCES.txt'
[0.981s] running build
[0.981s] running build_py
[0.981s] copying my_first_package/tests_services/__init__.py -> /home/neverdiedooms/ros2_test_ws/build/my_first_package/build/lib/my_first_package/tests_services
[0.981s] copying my_first_package/template_node/__init__.py -> /home/neverdiedooms/ros2_test_ws/build/my_first_package/build/lib/my_first_package/template_node
[0.981s] copying my_first_package/tests_publisher_subscriber/__init__.py -> /home/neverdiedooms/ros2_test_ws/build/my_first_package/build/lib/my_first_package/tests_publisher_subscriber
[0.981s] running install
[0.981s] running install_lib
[0.981s] copying /home/neverdiedooms/ros2_test_ws/build/my_first_package/build/lib/my_first_package/tests_services/__init__.py -> /home/neverdiedooms/ros2_test_ws/install/my_first_package/lib/python3.12/site-packages/my_first_package/tests_services
[0.981s] copying /home/neverdiedooms/ros2_test_ws/build/my_first_package/build/lib/my_first_package/template_node/__init__.py -> /home/neverdiedooms/ros2_test_ws/install/my_first_package/lib/python3.12/site-packages/my_first_package/template_node
[0.982s] copying /home/neverdiedooms/ros2_test_ws/build/my_first_package/build/lib/my_first_package/tests_publisher_subscriber/__init__.py -> /home/neverdiedooms/ros2_test_ws/install/my_first_package/lib/python3.12/site-packages/my_first_package/tests_publisher_subscriber
[0.982s] byte-compiling /home/neverdiedooms/ros2_test_ws/install/my_first_package/lib/python3.12/site-packages/my_first_package/tests_services/__init__.py to __init__.cpython-312.pyc
[0.995s] byte-compiling /home/neverdiedooms/ros2_test_ws/install/my_first_package/lib/python3.12/site-packages/my_first_package/template_node/__init__.py to __init__.cpython-312.pyc
[0.995s] byte-compiling /home/neverdiedooms/ros2_test_ws/install/my_first_package/lib/python3.12/site-packages/my_first_package/tests_publisher_subscriber/__init__.py to __init__.cpython-312.pyc
[0.995s] running install_data
[0.995s] running install_egg_info
[1.000s] removing '/home/neverdiedooms/ros2_test_ws/install/my_first_package/lib/python3.12/site-packages/my_first_package-0.0.0-py3.12.egg-info' (and everything under it)
[1.005s] Copying ../../build/my_first_package/my_first_package.egg-info to /home/neverdiedooms/ros2_test_ws/install/my_first_package/lib/python3.12/site-packages/my_first_package-0.0.0-py3.12.egg-info
[1.005s] running install_scripts
[1.110s] Installing my_first_node script to /home/neverdiedooms/ros2_test_ws/install/my_first_package/lib/my_first_package
[1.110s] Installing publisher_test script to /home/neverdiedooms/ros2_test_ws/install/my_first_package/lib/my_first_package
[1.110s] Installing subscriber_test script to /home/neverdiedooms/ros2_test_ws/install/my_first_package/lib/my_first_package
[1.110s] Installing test_service_server script to /home/neverdiedooms/ros2_test_ws/install/my_first_package/lib/my_first_package
[1.111s] writing list of installed files to '/home/neverdiedooms/ros2_test_ws/build/my_first_package/install.log'
[1.136s] Invoked command in '/home/neverdiedooms/ros2_test_ws/src/my_first_package' returned '0': DEBUGINFOD_URLS=https://debuginfod.ubuntu.com PYTHONPATH=/home/neverdiedooms/ros2_test_ws/build/my_first_package/prefix_override:/usr/lib/python3/dist-packages/colcon_core/task/python/colcon_distutils_commands:/home/neverdiedooms/ros2_test_ws/install/my_first_package/lib/python3.12/site-packages:${PYTHONPATH} /usr/bin/python3 -W ignore:setup.py install is deprecated -W ignore:easy_install command is deprecated setup.py egg_info --egg-base ../../build/my_first_package build --build-base /home/neverdiedooms/ros2_test_ws/build/my_first_package/build install --record /home/neverdiedooms/ros2_test_ws/build/my_first_package/install.log --single-version-externally-managed install_data
