[0.773s] Invoking command in '/home/neverdiedooms/ros2_test_ws/src/my_first_package': DEBUGINFOD_URLS=https://debuginfod.ubuntu.com PYTHONPATH=/home/neverdiedooms/ros2_test_ws/build/my_first_package/prefix_override:/usr/lib/python3/dist-packages/colcon_core/task/python/colcon_distutils_commands:/home/neverdiedooms/ros2_test_ws/install/my_first_package/lib/python3.12/site-packages:${PYTHONPATH} /usr/bin/python3 -W ignore:setup.py install is deprecated -W ignore:easy_install command is deprecated setup.py egg_info --egg-base ../../build/my_first_package build --build-base /home/neverdiedooms/ros2_test_ws/build/my_first_package/build install --record /home/neverdiedooms/ros2_test_ws/build/my_first_package/install.log --single-version-externally-managed install_data
[1.051s] running egg_info
[1.074s] writing ../../build/my_first_package/my_first_package.egg-info/PKG-INFO
[1.074s] writing dependency_links to ../../build/my_first_package/my_first_package.egg-info/dependency_links.txt
[1.074s] writing entry points to ../../build/my_first_package/my_first_package.egg-info/entry_points.txt
[1.074s] writing requirements to ../../build/my_first_package/my_first_package.egg-info/requires.txt
[1.074s] writing top-level names to ../../build/my_first_package/my_first_package.egg-info/top_level.txt
[1.109s] reading manifest file '../../build/my_first_package/my_first_package.egg-info/SOURCES.txt'
[1.110s] writing manifest file '../../build/my_first_package/my_first_package.egg-info/SOURCES.txt'
[1.110s] running build
[1.116s] running build_py
[1.116s] copying my_first_package/tests_services/test_service_client_no_oop.py -> /home/neverdiedooms/ros2_test_ws/build/my_first_package/build/lib/my_first_package/tests_services
[1.116s] running install
[1.117s] running install_lib
[1.133s] copying /home/neverdiedooms/ros2_test_ws/build/my_first_package/build/lib/my_first_package/tests_services/test_service_client_no_oop.py -> /home/neverdiedooms/ros2_test_ws/install/my_first_package/lib/python3.12/site-packages/my_first_package/tests_services
[1.135s] byte-compiling /home/neverdiedooms/ros2_test_ws/install/my_first_package/lib/python3.12/site-packages/my_first_package/tests_services/test_service_client_no_oop.py to test_service_client_no_oop.cpython-312.pyc
[1.135s] running install_data
[1.135s] running install_egg_info
[1.154s] removing '/home/neverdiedooms/ros2_test_ws/install/my_first_package/lib/python3.12/site-packages/my_first_package-0.0.0-py3.12.egg-info' (and everything under it)
[1.155s] Copying ../../build/my_first_package/my_first_package.egg-info to /home/neverdiedooms/ros2_test_ws/install/my_first_package/lib/python3.12/site-packages/my_first_package-0.0.0-py3.12.egg-info
[1.155s] running install_scripts
[1.266s] Installing my_first_node script to /home/neverdiedooms/ros2_test_ws/install/my_first_package/lib/my_first_package
[1.279s] Installing publisher_test script to /home/neverdiedooms/ros2_test_ws/install/my_first_package/lib/my_first_package
[1.279s] Installing subscriber_test script to /home/neverdiedooms/ros2_test_ws/install/my_first_package/lib/my_first_package
[1.279s] Installing test_service_client_no_oop script to /home/neverdiedooms/ros2_test_ws/install/my_first_package/lib/my_first_package
[1.279s] Installing test_service_server script to /home/neverdiedooms/ros2_test_ws/install/my_first_package/lib/my_first_package
[1.279s] writing list of installed files to '/home/neverdiedooms/ros2_test_ws/build/my_first_package/install.log'
[1.313s] Invoked command in '/home/neverdiedooms/ros2_test_ws/src/my_first_package' returned '0': DEBUGINFOD_URLS=https://debuginfod.ubuntu.com PYTHONPATH=/home/neverdiedooms/ros2_test_ws/build/my_first_package/prefix_override:/usr/lib/python3/dist-packages/colcon_core/task/python/colcon_distutils_commands:/home/neverdiedooms/ros2_test_ws/install/my_first_package/lib/python3.12/site-packages:${PYTHONPATH} /usr/bin/python3 -W ignore:setup.py install is deprecated -W ignore:easy_install command is deprecated setup.py egg_info --egg-base ../../build/my_first_package build --build-base /home/neverdiedooms/ros2_test_ws/build/my_first_package/build install --record /home/neverdiedooms/ros2_test_ws/build/my_first_package/install.log --single-version-externally-managed install_data
