[1.612s] Invoking command in '/home/neverdiedooms/ros2_test_ws/src/my_first_package': DEBUGINFOD_URLS=https://debuginfod.ubuntu.com PYTHONPATH=/home/neverdiedooms/ros2_test_ws/build/my_first_package/prefix_override:/usr/lib/python3/dist-packages/colcon_core/task/python/colcon_distutils_commands:/home/neverdiedooms/ros2_test_ws/install/my_first_package/lib/python3.12/site-packages:${PYTHONPATH} /usr/bin/python3 -W ignore:setup.py install is deprecated -W ignore:easy_install command is deprecated setup.py egg_info --egg-base ../../build/my_first_package build --build-base /home/neverdiedooms/ros2_test_ws/build/my_first_package/build install --record /home/neverdiedooms/ros2_test_ws/build/my_first_package/install.log --single-version-externally-managed install_data
[1.868s] running egg_info
[1.868s] creating ../../build/my_first_package/my_first_package.egg-info
[1.889s] writing ../../build/my_first_package/my_first_package.egg-info/PKG-INFO
[1.889s] writing dependency_links to ../../build/my_first_package/my_first_package.egg-info/dependency_links.txt
[1.889s] writing requirements to ../../build/my_first_package/my_first_package.egg-info/requires.txt
[1.889s] writing top-level names to ../../build/my_first_package/my_first_package.egg-info/top_level.txt
[1.889s] writing manifest file '../../build/my_first_package/my_first_package.egg-info/SOURCES.txt'
[1.926s] reading manifest file '../../build/my_first_package/my_first_package.egg-info/SOURCES.txt'
[1.927s] writing manifest file '../../build/my_first_package/my_first_package.egg-info/SOURCES.txt'
[1.927s] running build
[1.927s] running build_py
[1.927s] creating /home/neverdiedooms/ros2_test_ws/build/my_first_package/build
[1.927s] creating /home/neverdiedooms/ros2_test_ws/build/my_first_package/build/lib
[1.927s] creating /home/neverdiedooms/ros2_test_ws/build/my_first_package/build/lib/my_first_package
[1.927s] copying my_first_package/__init__.py -> /home/neverdiedooms/ros2_test_ws/build/my_first_package/build/lib/my_first_package
[1.928s] running install
[1.935s] running install_lib
[1.956s] creating /home/neverdiedooms/ros2_test_ws/install/my_first_package/lib/python3.12/site-packages/my_first_package
[1.956s] copying /home/neverdiedooms/ros2_test_ws/build/my_first_package/build/lib/my_first_package/__init__.py -> /home/neverdiedooms/ros2_test_ws/install/my_first_package/lib/python3.12/site-packages/my_first_package
[1.956s] byte-compiling /home/neverdiedooms/ros2_test_ws/install/my_first_package/lib/python3.12/site-packages/my_first_package/__init__.py to __init__.cpython-312.pyc
[1.957s] running install_data
[1.957s] creating /home/neverdiedooms/ros2_test_ws/install/my_first_package/share/ament_index
[1.957s] creating /home/neverdiedooms/ros2_test_ws/install/my_first_package/share/ament_index/resource_index
[1.957s] creating /home/neverdiedooms/ros2_test_ws/install/my_first_package/share/ament_index/resource_index/packages
[1.957s] copying resource/my_first_package -> /home/neverdiedooms/ros2_test_ws/install/my_first_package/share/ament_index/resource_index/packages
[1.958s] copying package.xml -> /home/neverdiedooms/ros2_test_ws/install/my_first_package/share/my_first_package
[1.958s] running install_egg_info
[1.976s] Copying ../../build/my_first_package/my_first_package.egg-info to /home/neverdiedooms/ros2_test_ws/install/my_first_package/lib/python3.12/site-packages/my_first_package-0.0.0-py3.12.egg-info
[1.977s] running install_scripts
[2.121s] writing list of installed files to '/home/neverdiedooms/ros2_test_ws/build/my_first_package/install.log'
[2.150s] Invoked command in '/home/neverdiedooms/ros2_test_ws/src/my_first_package' returned '0': DEBUGINFOD_URLS=https://debuginfod.ubuntu.com PYTHONPATH=/home/neverdiedooms/ros2_test_ws/build/my_first_package/prefix_override:/usr/lib/python3/dist-packages/colcon_core/task/python/colcon_distutils_commands:/home/neverdiedooms/ros2_test_ws/install/my_first_package/lib/python3.12/site-packages:${PYTHONPATH} /usr/bin/python3 -W ignore:setup.py install is deprecated -W ignore:easy_install command is deprecated setup.py egg_info --egg-base ../../build/my_first_package build --build-base /home/neverdiedooms/ros2_test_ws/build/my_first_package/build install --record /home/neverdiedooms/ros2_test_ws/build/my_first_package/install.log --single-version-externally-managed install_data
