[0.601s] Invoking command in '/home/neverdiedooms/ros2_test_ws/build/my_first_package': DEBUGINFOD_URLS=https://debuginfod.ubuntu.com PYTHONPATH=/home/neverdiedooms/ros2_test_ws/build/my_first_package/prefix_override:/usr/lib/python3/dist-packages/colcon_core/task/python/colcon_distutils_commands:/home/neverdiedooms/ros2_test_ws/install/my_first_package/lib/python3.12/site-packages:${PYTHONPATH} /usr/bin/python3 -W ignore:setup.py install is deprecated -W ignore:easy_install command is deprecated setup.py develop --editable --build-directory /home/neverdiedooms/ros2_test_ws/build/my_first_package/build --no-deps symlink_data
[0.854s] running develop
[1.009s] running egg_info
[1.025s] writing my_first_package.egg-info/PKG-INFO
[1.025s] writing dependency_links to my_first_package.egg-info/dependency_links.txt
[1.025s] writing entry points to my_first_package.egg-info/entry_points.txt
[1.025s] writing requirements to my_first_package.egg-info/requires.txt
[1.025s] writing top-level names to my_first_package.egg-info/top_level.txt
[1.049s] reading manifest file 'my_first_package.egg-info/SOURCES.txt'
[1.049s] writing manifest file 'my_first_package.egg-info/SOURCES.txt'
[1.072s] running build_ext
[1.072s] Creating /home/neverdiedooms/ros2_test_ws/install/my_first_package/lib/python3.12/site-packages/my-first-package.egg-link (link to .)
[1.072s] Installing my_first_node script to /home/neverdiedooms/ros2_test_ws/install/my_first_package/lib/my_first_package
[1.072s] Installing publisher_test script to /home/neverdiedooms/ros2_test_ws/install/my_first_package/lib/my_first_package
[1.073s] Installing subscriber_test script to /home/neverdiedooms/ros2_test_ws/install/my_first_package/lib/my_first_package
[1.073s] Installing test_service_client_no_oop script to /home/neverdiedooms/ros2_test_ws/install/my_first_package/lib/my_first_package
[1.073s] Installing test_service_server script to /home/neverdiedooms/ros2_test_ws/install/my_first_package/lib/my_first_package
[1.073s] 
[1.075s] Installed /home/neverdiedooms/ros2_test_ws/build/my_first_package
[1.075s] running symlink_data
[1.100s] Invoked command in '/home/neverdiedooms/ros2_test_ws/build/my_first_package' returned '0': DEBUGINFOD_URLS=https://debuginfod.ubuntu.com PYTHONPATH=/home/neverdiedooms/ros2_test_ws/build/my_first_package/prefix_override:/usr/lib/python3/dist-packages/colcon_core/task/python/colcon_distutils_commands:/home/neverdiedooms/ros2_test_ws/install/my_first_package/lib/python3.12/site-packages:${PYTHONPATH} /usr/bin/python3 -W ignore:setup.py install is deprecated -W ignore:easy_install command is deprecated setup.py develop --editable --build-directory /home/neverdiedooms/ros2_test_ws/build/my_first_package/build --no-deps symlink_data
