[0.811s] Invoking command in '/home/neverdiedooms/ros2_test_ws/build/my_first_package': DEBUGINFOD_URLS=https://debuginfod.ubuntu.com PYTHONPATH=/home/neverdiedooms/ros2_test_ws/build/my_first_package/prefix_override:/usr/lib/python3/dist-packages/colcon_core/task/python/colcon_distutils_commands:/home/neverdiedooms/ros2_test_ws/install/my_first_package/lib/python3.12/site-packages:${PYTHONPATH} /usr/bin/python3 -W ignore:setup.py install is deprecated -W ignore:easy_install command is deprecated setup.py develop --editable --build-directory /home/neverdiedooms/ros2_test_ws/build/my_first_package/build --no-deps symlink_data --force
[1.091s] running develop
[1.256s] running egg_info
[1.259s] writing my_first_package.egg-info/PKG-INFO
[1.259s] writing dependency_links to my_first_package.egg-info/dependency_links.txt
[1.260s] writing entry points to my_first_package.egg-info/entry_points.txt
[1.260s] writing requirements to my_first_package.egg-info/requires.txt
[1.260s] writing top-level names to my_first_package.egg-info/top_level.txt
[1.285s] reading manifest file 'my_first_package.egg-info/SOURCES.txt'
[1.288s] writing manifest file 'my_first_package.egg-info/SOURCES.txt'
[1.301s] running build_ext
[1.301s] Creating /home/neverdiedooms/ros2_test_ws/install/my_first_package/lib/python3.12/site-packages/my-first-package.egg-link (link to .)
[1.303s] Installing my_first_node script to /home/neverdiedooms/ros2_test_ws/install/my_first_package/lib/my_first_package
[1.304s] Installing publisher_test script to /home/neverdiedooms/ros2_test_ws/install/my_first_package/lib/my_first_package
[1.304s] Installing subscriber_test script to /home/neverdiedooms/ros2_test_ws/install/my_first_package/lib/my_first_package
[1.304s] Installing test_service_client_no_oop script to /home/neverdiedooms/ros2_test_ws/install/my_first_package/lib/my_first_package
[1.305s] Installing test_service_server script to /home/neverdiedooms/ros2_test_ws/install/my_first_package/lib/my_first_package
[1.305s] 
[1.305s] Installed /home/neverdiedooms/ros2_test_ws/build/my_first_package
[1.305s] running symlink_data
[1.305s] symbolically linking /home/neverdiedooms/ros2_test_ws/build/my_first_package/resource/my_first_package -> /home/neverdiedooms/ros2_test_ws/install/my_first_package/share/ament_index/resource_index/packages
[1.305s] symbolically linking /home/neverdiedooms/ros2_test_ws/build/my_first_package/package.xml -> /home/neverdiedooms/ros2_test_ws/install/my_first_package/share/my_first_package
[1.327s] Invoked command in '/home/neverdiedooms/ros2_test_ws/build/my_first_package' returned '0': DEBUGINFOD_URLS=https://debuginfod.ubuntu.com PYTHONPATH=/home/neverdiedooms/ros2_test_ws/build/my_first_package/prefix_override:/usr/lib/python3/dist-packages/colcon_core/task/python/colcon_distutils_commands:/home/neverdiedooms/ros2_test_ws/install/my_first_package/lib/python3.12/site-packages:${PYTHONPATH} /usr/bin/python3 -W ignore:setup.py install is deprecated -W ignore:easy_install command is deprecated setup.py develop --editable --build-directory /home/neverdiedooms/ros2_test_ws/build/my_first_package/build --no-deps symlink_data --force
