[0.087s] DEBUG:colcon:Command line arguments: ['/usr/bin/colcon', 'build', '--packages-select', 'my_first_cpp_pkg']
[0.087s] DEBUG:colcon:Parsed command line arguments: Namespace(log_base=None, log_level=None, verb_name='build', build_base='build', install_base='install', merge_install=False, symlink_install=False, test_result_base=None, continue_on_error=False, executor='parallel', parallel_workers=6, event_handlers=None, ignore_user_meta=False, metas=['./colcon.meta'], base_paths=['.'], packages_ignore=None, packages_ignore_regex=None, paths=None, packages_up_to=None, packages_up_to_regex=None, packages_above=None, packages_above_and_dependencies=None, packages_above_depth=None, packages_select_by_dep=None, packages_skip_by_dep=None, packages_skip_up_to=None, packages_select_build_failed=False, packages_skip_build_finished=False, packages_select_test_failures=False, packages_skip_test_passed=False, packages_select=['my_first_cpp_pkg'], packages_skip=None, packages_select_regex=None, packages_skip_regex=None, packages_start=None, packages_end=None, allow_overriding=[], cmake_args=None, cmake_target=None, cmake_target_skip_unavailable=False, cmake_clean_cache=False, cmake_clean_first=False, cmake_force_configure=False, ament_cmake_args=None, catkin_cmake_args=None, catkin_skip_building_tests=False, mixin_files=None, mixin=None, verb_parser=<colcon_mixin.mixin.mixin_argument.MixinArgumentDecorator object at 0x785a43b7b680>, verb_extension=<colcon_core.verb.build.BuildVerb object at 0x785a43b7b470>, main=<bound method BuildVerb.main of <colcon_core.verb.build.BuildVerb object at 0x785a43b7b470>>, mixin_verb=('build',))
[0.119s] Level 1:colcon.colcon_core.package_discovery:discover_packages(colcon_meta) check parameters
[0.119s] Level 1:colcon.colcon_core.package_discovery:discover_packages(recursive) check parameters
[0.119s] Level 1:colcon.colcon_core.package_discovery:discover_packages(ignore) check parameters
[0.119s] Level 1:colcon.colcon_core.package_discovery:discover_packages(path) check parameters
[0.119s] Level 1:colcon.colcon_core.package_discovery:discover_packages(colcon_meta) discover
[0.119s] Level 1:colcon.colcon_core.package_discovery:discover_packages(recursive) discover
[0.119s] INFO:colcon.colcon_core.package_discovery:Crawling recursively for packages in '/home/neverdiedooms/ros2_test_ws'
[0.119s] Level 1:colcon.colcon_core.package_identification:_identify(.) by extensions ['ignore', 'ignore_ament_install']
[0.119s] Level 1:colcon.colcon_core.package_identification:_identify(.) by extension 'ignore'
[0.119s] Level 1:colcon.colcon_core.package_identification:_identify(.) by extension 'ignore_ament_install'
[0.119s] Level 1:colcon.colcon_core.package_identification:_identify(.) by extensions ['colcon_pkg']
[0.119s] Level 1:colcon.colcon_core.package_identification:_identify(.) by extension 'colcon_pkg'
[0.119s] Level 1:colcon.colcon_core.package_identification:_identify(.) by extensions ['colcon_meta']
[0.119s] Level 1:colcon.colcon_core.package_identification:_identify(.) by extension 'colcon_meta'
[0.119s] Level 1:colcon.colcon_core.package_identification:_identify(.) by extensions ['ros']
[0.119s] Level 1:colcon.colcon_core.package_identification:_identify(.) by extension 'ros'
[0.140s] Level 1:colcon.colcon_core.package_identification:_identify(.) by extensions ['cmake', 'python']
[0.140s] Level 1:colcon.colcon_core.package_identification:_identify(.) by extension 'cmake'
[0.140s] Level 1:colcon.colcon_core.package_identification:_identify(.) by extension 'python'
[0.140s] Level 1:colcon.colcon_core.package_identification:_identify(.) by extensions ['python_setup_py']
[0.140s] Level 1:colcon.colcon_core.package_identification:_identify(.) by extension 'python_setup_py'
[0.140s] Level 1:colcon.colcon_core.package_identification:_identify(build) by extensions ['ignore', 'ignore_ament_install']
[0.140s] Level 1:colcon.colcon_core.package_identification:_identify(build) by extension 'ignore'
[0.140s] Level 1:colcon.colcon_core.package_identification:_identify(build) ignored
[0.141s] Level 1:colcon.colcon_core.package_identification:_identify(install) by extensions ['ignore', 'ignore_ament_install']
[0.141s] Level 1:colcon.colcon_core.package_identification:_identify(install) by extension 'ignore'
[0.141s] Level 1:colcon.colcon_core.package_identification:_identify(install) ignored
[0.141s] Level 1:colcon.colcon_core.package_identification:_identify(log) by extensions ['ignore', 'ignore_ament_install']
[0.141s] Level 1:colcon.colcon_core.package_identification:_identify(log) by extension 'ignore'
[0.141s] Level 1:colcon.colcon_core.package_identification:_identify(log) ignored
[0.141s] Level 1:colcon.colcon_core.package_identification:_identify(src) by extensions ['ignore', 'ignore_ament_install']
[0.141s] Level 1:colcon.colcon_core.package_identification:_identify(src) by extension 'ignore'
[0.141s] Level 1:colcon.colcon_core.package_identification:_identify(src) by extension 'ignore_ament_install'
[0.141s] Level 1:colcon.colcon_core.package_identification:_identify(src) by extensions ['colcon_pkg']
[0.141s] Level 1:colcon.colcon_core.package_identification:_identify(src) by extension 'colcon_pkg'
[0.141s] Level 1:colcon.colcon_core.package_identification:_identify(src) by extensions ['colcon_meta']
[0.141s] Level 1:colcon.colcon_core.package_identification:_identify(src) by extension 'colcon_meta'
[0.141s] Level 1:colcon.colcon_core.package_identification:_identify(src) by extensions ['ros']
[0.141s] Level 1:colcon.colcon_core.package_identification:_identify(src) by extension 'ros'
[0.141s] Level 1:colcon.colcon_core.package_identification:_identify(src) by extensions ['cmake', 'python']
[0.141s] Level 1:colcon.colcon_core.package_identification:_identify(src) by extension 'cmake'
[0.141s] Level 1:colcon.colcon_core.package_identification:_identify(src) by extension 'python'
[0.141s] Level 1:colcon.colcon_core.package_identification:_identify(src) by extensions ['python_setup_py']
[0.141s] Level 1:colcon.colcon_core.package_identification:_identify(src) by extension 'python_setup_py'
[0.141s] Level 1:colcon.colcon_core.package_identification:_identify(src/my_first_cpp_pkg) by extensions ['ignore', 'ignore_ament_install']
[0.141s] Level 1:colcon.colcon_core.package_identification:_identify(src/my_first_cpp_pkg) by extension 'ignore'
[0.141s] Level 1:colcon.colcon_core.package_identification:_identify(src/my_first_cpp_pkg) by extension 'ignore_ament_install'
[0.141s] Level 1:colcon.colcon_core.package_identification:_identify(src/my_first_cpp_pkg) by extensions ['colcon_pkg']
[0.141s] Level 1:colcon.colcon_core.package_identification:_identify(src/my_first_cpp_pkg) by extension 'colcon_pkg'
[0.141s] Level 1:colcon.colcon_core.package_identification:_identify(src/my_first_cpp_pkg) by extensions ['colcon_meta']
[0.141s] Level 1:colcon.colcon_core.package_identification:_identify(src/my_first_cpp_pkg) by extension 'colcon_meta'
[0.141s] Level 1:colcon.colcon_core.package_identification:_identify(src/my_first_cpp_pkg) by extensions ['ros']
[0.141s] Level 1:colcon.colcon_core.package_identification:_identify(src/my_first_cpp_pkg) by extension 'ros'
[0.143s] DEBUG:colcon.colcon_core.package_identification:Package 'src/my_first_cpp_pkg' with type 'ros.ament_cmake' and name 'my_first_cpp_pkg'
[0.144s] Level 1:colcon.colcon_core.package_identification:_identify(src/my_first_package) by extensions ['ignore', 'ignore_ament_install']
[0.144s] Level 1:colcon.colcon_core.package_identification:_identify(src/my_first_package) by extension 'ignore'
[0.144s] Level 1:colcon.colcon_core.package_identification:_identify(src/my_first_package) by extension 'ignore_ament_install'
[0.144s] Level 1:colcon.colcon_core.package_identification:_identify(src/my_first_package) by extensions ['colcon_pkg']
[0.144s] Level 1:colcon.colcon_core.package_identification:_identify(src/my_first_package) by extension 'colcon_pkg'
[0.144s] Level 1:colcon.colcon_core.package_identification:_identify(src/my_first_package) by extensions ['colcon_meta']
[0.144s] Level 1:colcon.colcon_core.package_identification:_identify(src/my_first_package) by extension 'colcon_meta'
[0.144s] Level 1:colcon.colcon_core.package_identification:_identify(src/my_first_package) by extensions ['ros']
[0.144s] Level 1:colcon.colcon_core.package_identification:_identify(src/my_first_package) by extension 'ros'
[0.144s] DEBUG:colcon.colcon_core.package_identification:Package 'src/my_first_package' with type 'ros.ament_python' and name 'my_first_package'
[0.144s] Level 1:colcon.colcon_core.package_discovery:discover_packages(recursive) using defaults
[0.144s] Level 1:colcon.colcon_core.package_discovery:discover_packages(ignore) discover
[0.144s] Level 1:colcon.colcon_core.package_discovery:discover_packages(ignore) using defaults
[0.144s] Level 1:colcon.colcon_core.package_discovery:discover_packages(path) discover
[0.144s] Level 1:colcon.colcon_core.package_discovery:discover_packages(path) using defaults
[0.158s] INFO:colcon.colcon_core.package_selection:Skipping not selected package 'my_first_package' in 'src/my_first_package'
[0.159s] Level 1:colcon.colcon_core.package_discovery:discover_packages(prefix_path) check parameters
[0.159s] Level 1:colcon.colcon_core.package_discovery:discover_packages(prefix_path) discover
[0.160s] DEBUG:colcon.colcon_installed_package_information.package_discovery:Found 2 installed packages in /home/neverdiedooms/ros2_test_ws/install
[0.161s] DEBUG:colcon.colcon_installed_package_information.package_discovery:Found 285 installed packages in /opt/ros/jazzy
[0.161s] Level 1:colcon.colcon_core.package_discovery:discover_packages(prefix_path) using defaults
[0.189s] Level 5:colcon.colcon_core.verb:set package 'my_first_cpp_pkg' build argument 'cmake_args' from command line to 'None'
[0.190s] Level 5:colcon.colcon_core.verb:set package 'my_first_cpp_pkg' build argument 'cmake_target' from command line to 'None'
[0.190s] Level 5:colcon.colcon_core.verb:set package 'my_first_cpp_pkg' build argument 'cmake_target_skip_unavailable' from command line to 'False'
[0.190s] Level 5:colcon.colcon_core.verb:set package 'my_first_cpp_pkg' build argument 'cmake_clean_cache' from command line to 'False'
[0.190s] Level 5:colcon.colcon_core.verb:set package 'my_first_cpp_pkg' build argument 'cmake_clean_first' from command line to 'False'
[0.190s] Level 5:colcon.colcon_core.verb:set package 'my_first_cpp_pkg' build argument 'cmake_force_configure' from command line to 'False'
[0.190s] Level 5:colcon.colcon_core.verb:set package 'my_first_cpp_pkg' build argument 'ament_cmake_args' from command line to 'None'
[0.190s] Level 5:colcon.colcon_core.verb:set package 'my_first_cpp_pkg' build argument 'catkin_cmake_args' from command line to 'None'
[0.190s] Level 5:colcon.colcon_core.verb:set package 'my_first_cpp_pkg' build argument 'catkin_skip_building_tests' from command line to 'False'
[0.190s] DEBUG:colcon.colcon_core.verb:Building package 'my_first_cpp_pkg' with the following arguments: {'ament_cmake_args': None, 'build_base': '/home/neverdiedooms/ros2_test_ws/build/my_first_cpp_pkg', 'catkin_cmake_args': None, 'catkin_skip_building_tests': False, 'cmake_args': None, 'cmake_clean_cache': False, 'cmake_clean_first': False, 'cmake_force_configure': False, 'cmake_target': None, 'cmake_target_skip_unavailable': False, 'install_base': '/home/neverdiedooms/ros2_test_ws/install/my_first_cpp_pkg', 'merge_install': False, 'path': '/home/neverdiedooms/ros2_test_ws/src/my_first_cpp_pkg', 'symlink_install': False, 'test_result_base': None}
[0.190s] INFO:colcon.colcon_core.executor:Executing jobs using 'parallel' executor
[0.193s] DEBUG:colcon.colcon_parallel_executor.executor.parallel:run_until_complete
[0.193s] INFO:colcon.colcon_ros.task.ament_cmake.build:Building ROS package in '/home/neverdiedooms/ros2_test_ws/src/my_first_cpp_pkg' with build type 'ament_cmake'
[0.193s] INFO:colcon.colcon_cmake.task.cmake.build:Building CMake package in '/home/neverdiedooms/ros2_test_ws/src/my_first_cpp_pkg'
[0.196s] INFO:colcon.colcon_core.plugin_system:Skipping extension 'colcon_core.shell.bat': Not used on non-Windows systems
[0.196s] INFO:colcon.colcon_core.shell:Skip shell extension 'powershell' for command environment: Not usable outside of PowerShell
[0.196s] DEBUG:colcon.colcon_core.shell:Skip shell extension 'dsv' for command environment
[0.224s] DEBUG:colcon.colcon_core.event_handler.log_command:Invoking command in '/home/neverdiedooms/ros2_test_ws/build/my_first_cpp_pkg': CMAKE_PREFIX_PATH=${CMAKE_PREFIX_PATH}:/home/neverdiedooms/ros2_test_ws/install/my_first_package:/opt/ros/jazzy DEBUGINFOD_URLS=https://debuginfod.ubuntu.com /usr/bin/cmake --build /home/neverdiedooms/ros2_test_ws/build/my_first_cpp_pkg -- -j6 -l6
[2.381s] DEBUG:colcon.colcon_core.event_handler.log_command:Invoked command in '/home/neverdiedooms/ros2_test_ws/build/my_first_cpp_pkg' returned '2': CMAKE_PREFIX_PATH=${CMAKE_PREFIX_PATH}:/home/neverdiedooms/ros2_test_ws/install/my_first_package:/opt/ros/jazzy DEBUGINFOD_URLS=https://debuginfod.ubuntu.com /usr/bin/cmake --build /home/neverdiedooms/ros2_test_ws/build/my_first_cpp_pkg -- -j6 -l6
[2.382s] Level 1:colcon.colcon_core.environment:create_environment_scripts_only(my_first_cpp_pkg)
[2.383s] Level 1:colcon.colcon_core.environment:checking '/home/neverdiedooms/ros2_test_ws/install/my_first_cpp_pkg' for CMake module files
[2.384s] Level 1:colcon.colcon_core.environment:checking '/home/neverdiedooms/ros2_test_ws/install/my_first_cpp_pkg' for CMake config files
[2.384s] Level 1:colcon.colcon_core.shell:create_environment_hook('my_first_cpp_pkg', 'cmake_prefix_path')
[2.384s] INFO:colcon.colcon_core.shell:Creating environment hook '/home/neverdiedooms/ros2_test_ws/install/my_first_cpp_pkg/share/my_first_cpp_pkg/hook/cmake_prefix_path.ps1'
[2.384s] INFO:colcon.colcon_core.shell:Creating environment descriptor '/home/neverdiedooms/ros2_test_ws/install/my_first_cpp_pkg/share/my_first_cpp_pkg/hook/cmake_prefix_path.dsv'
[2.385s] INFO:colcon.colcon_core.shell:Creating environment hook '/home/neverdiedooms/ros2_test_ws/install/my_first_cpp_pkg/share/my_first_cpp_pkg/hook/cmake_prefix_path.sh'
[2.386s] Level 1:colcon.colcon_core.environment:checking '/home/neverdiedooms/ros2_test_ws/install/my_first_cpp_pkg/lib'
[2.386s] Level 1:colcon.colcon_core.environment:checking '/home/neverdiedooms/ros2_test_ws/install/my_first_cpp_pkg/bin'
[2.386s] Level 1:colcon.colcon_core.environment:checking '/home/neverdiedooms/ros2_test_ws/install/my_first_cpp_pkg/lib/pkgconfig/my_first_cpp_pkg.pc'
[2.386s] Level 1:colcon.colcon_core.environment:checking '/home/neverdiedooms/ros2_test_ws/install/my_first_cpp_pkg/lib/python3.12/site-packages'
[2.386s] Level 1:colcon.colcon_core.environment:checking '/home/neverdiedooms/ros2_test_ws/install/my_first_cpp_pkg/bin'
[2.386s] INFO:colcon.colcon_core.shell:Creating package script '/home/neverdiedooms/ros2_test_ws/install/my_first_cpp_pkg/share/my_first_cpp_pkg/package.ps1'
[2.387s] INFO:colcon.colcon_core.shell:Creating package descriptor '/home/neverdiedooms/ros2_test_ws/install/my_first_cpp_pkg/share/my_first_cpp_pkg/package.dsv'
[2.387s] INFO:colcon.colcon_core.shell:Creating package script '/home/neverdiedooms/ros2_test_ws/install/my_first_cpp_pkg/share/my_first_cpp_pkg/package.sh'
[2.388s] INFO:colcon.colcon_core.shell:Creating package script '/home/neverdiedooms/ros2_test_ws/install/my_first_cpp_pkg/share/my_first_cpp_pkg/package.bash'
[2.389s] INFO:colcon.colcon_core.shell:Creating package script '/home/neverdiedooms/ros2_test_ws/install/my_first_cpp_pkg/share/my_first_cpp_pkg/package.zsh'
[2.389s] Level 1:colcon.colcon_core.environment:create_file_with_runtime_dependencies(/home/neverdiedooms/ros2_test_ws/install/my_first_cpp_pkg/share/colcon-core/packages/my_first_cpp_pkg)
[2.400s] DEBUG:colcon.colcon_parallel_executor.executor.parallel:closing loop
[2.400s] DEBUG:colcon.colcon_parallel_executor.executor.parallel:loop closed
[2.400s] DEBUG:colcon.colcon_parallel_executor.executor.parallel:run_until_complete finished with '2'
[2.400s] DEBUG:colcon.colcon_core.event_reactor:joining thread
[2.404s] INFO:colcon.colcon_core.plugin_system:Skipping extension 'colcon_notification.desktop_notification.terminal_notifier': Not used on non-Darwin systems
[2.404s] INFO:colcon.colcon_core.plugin_system:Skipping extension 'colcon_notification.desktop_notification.win32': Not used on non-Windows systems
[2.404s] INFO:colcon.colcon_notification.desktop_notification:Sending desktop notification using 'notify2'
[2.438s] DEBUG:colcon.colcon_core.event_reactor:joined thread
[2.439s] INFO:colcon.colcon_core.shell:Creating prefix script '/home/neverdiedooms/ros2_test_ws/install/local_setup.ps1'
[2.440s] INFO:colcon.colcon_core.shell:Creating prefix util module '/home/neverdiedooms/ros2_test_ws/install/_local_setup_util_ps1.py'
[2.441s] INFO:colcon.colcon_core.shell:Creating prefix chain script '/home/neverdiedooms/ros2_test_ws/install/setup.ps1'
[2.442s] INFO:colcon.colcon_core.shell:Creating prefix script '/home/neverdiedooms/ros2_test_ws/install/local_setup.sh'
[2.442s] INFO:colcon.colcon_core.shell:Creating prefix util module '/home/neverdiedooms/ros2_test_ws/install/_local_setup_util_sh.py'
[2.443s] INFO:colcon.colcon_core.shell:Creating prefix chain script '/home/neverdiedooms/ros2_test_ws/install/setup.sh'
[2.444s] INFO:colcon.colcon_core.shell:Creating prefix script '/home/neverdiedooms/ros2_test_ws/install/local_setup.bash'
[2.445s] INFO:colcon.colcon_core.shell:Creating prefix chain script '/home/neverdiedooms/ros2_test_ws/install/setup.bash'
[2.445s] INFO:colcon.colcon_core.shell:Creating prefix script '/home/neverdiedooms/ros2_test_ws/install/local_setup.zsh'
[2.446s] INFO:colcon.colcon_core.shell:Creating prefix chain script '/home/neverdiedooms/ros2_test_ws/install/setup.zsh'
