/home/neverdiedooms/ros2_test_ws/install/my_first_package/lib/python3.12/site-packages/my_first_package/__init__.py
/home/neverdiedooms/ros2_test_ws/install/my_first_package/lib/python3.12/site-packages/my_first_package/tests_services/test_service_client.py
/home/neverdiedooms/ros2_test_ws/install/my_first_package/lib/python3.12/site-packages/my_first_package/tests_services/__init__.py
/home/neverdiedooms/ros2_test_ws/install/my_first_package/lib/python3.12/site-packages/my_first_package/tests_services/test_service_server.py
/home/neverdiedooms/ros2_test_ws/install/my_first_package/lib/python3.12/site-packages/my_first_package/tests_services/test_service_client_no_oop.py
/home/neverdiedooms/ros2_test_ws/install/my_first_package/lib/python3.12/site-packages/my_first_package/template_node/__init__.py
/home/neverdiedooms/ros2_test_ws/install/my_first_package/lib/python3.12/site-packages/my_first_package/template_node/my_first_node.py
/home/neverdiedooms/ros2_test_ws/install/my_first_package/lib/python3.12/site-packages/my_first_package/tests_topics/publisher_test.py
/home/neverdiedooms/ros2_test_ws/install/my_first_package/lib/python3.12/site-packages/my_first_package/tests_topics/__init__.py
/home/neverdiedooms/ros2_test_ws/install/my_first_package/lib/python3.12/site-packages/my_first_package/tests_topics/subscriber_test.py
/home/neverdiedooms/ros2_test_ws/install/my_first_package/lib/python3.12/site-packages/my_first_package/__pycache__/__init__.cpython-312.pyc
/home/neverdiedooms/ros2_test_ws/install/my_first_package/lib/python3.12/site-packages/my_first_package/tests_services/__pycache__/test_service_client.cpython-312.pyc
/home/neverdiedooms/ros2_test_ws/install/my_first_package/lib/python3.12/site-packages/my_first_package/tests_services/__pycache__/__init__.cpython-312.pyc
/home/neverdiedooms/ros2_test_ws/install/my_first_package/lib/python3.12/site-packages/my_first_package/tests_services/__pycache__/test_service_server.cpython-312.pyc
/home/neverdiedooms/ros2_test_ws/install/my_first_package/lib/python3.12/site-packages/my_first_package/tests_services/__pycache__/test_service_client_no_oop.cpython-312.pyc
/home/neverdiedooms/ros2_test_ws/install/my_first_package/lib/python3.12/site-packages/my_first_package/template_node/__pycache__/__init__.cpython-312.pyc
/home/neverdiedooms/ros2_test_ws/install/my_first_package/lib/python3.12/site-packages/my_first_package/template_node/__pycache__/my_first_node.cpython-312.pyc
/home/neverdiedooms/ros2_test_ws/install/my_first_package/lib/python3.12/site-packages/my_first_package/tests_topics/__pycache__/publisher_test.cpython-312.pyc
/home/neverdiedooms/ros2_test_ws/install/my_first_package/lib/python3.12/site-packages/my_first_package/tests_topics/__pycache__/__init__.cpython-312.pyc
/home/neverdiedooms/ros2_test_ws/install/my_first_package/lib/python3.12/site-packages/my_first_package/tests_topics/__pycache__/subscriber_test.cpython-312.pyc
/home/neverdiedooms/ros2_test_ws/install/my_first_package/share/ament_index/resource_index/packages/my_first_package
/home/neverdiedooms/ros2_test_ws/install/my_first_package/share/my_first_package/package.xml
/home/neverdiedooms/ros2_test_ws/install/my_first_package/lib/python3.12/site-packages/my_first_package-0.0.0-py3.12.egg-info/SOURCES.txt
/home/neverdiedooms/ros2_test_ws/install/my_first_package/lib/python3.12/site-packages/my_first_package-0.0.0-py3.12.egg-info/PKG-INFO
/home/neverdiedooms/ros2_test_ws/install/my_first_package/lib/python3.12/site-packages/my_first_package-0.0.0-py3.12.egg-info/requires.txt
/home/neverdiedooms/ros2_test_ws/install/my_first_package/lib/python3.12/site-packages/my_first_package-0.0.0-py3.12.egg-info/top_level.txt
/home/neverdiedooms/ros2_test_ws/install/my_first_package/lib/python3.12/site-packages/my_first_package-0.0.0-py3.12.egg-info/dependency_links.txt
/home/neverdiedooms/ros2_test_ws/install/my_first_package/lib/python3.12/site-packages/my_first_package-0.0.0-py3.12.egg-info/zip-safe
/home/neverdiedooms/ros2_test_ws/install/my_first_package/lib/python3.12/site-packages/my_first_package-0.0.0-py3.12.egg-info/entry_points.txt
/home/neverdiedooms/ros2_test_ws/install/my_first_package/lib/my_first_package/my_first_node
/home/neverdiedooms/ros2_test_ws/install/my_first_package/lib/my_first_package/publisher_test
/home/neverdiedooms/ros2_test_ws/install/my_first_package/lib/my_first_package/subscriber_test
/home/neverdiedooms/ros2_test_ws/install/my_first_package/lib/my_first_package/test_service_client
/home/neverdiedooms/ros2_test_ws/install/my_first_package/lib/my_first_package/test_service_client_no_oop
/home/neverdiedooms/ros2_test_ws/install/my_first_package/lib/my_first_package/test_service_server
