running egg_info
creating ../../build/my_first_package/my_first_package.egg-info
writing ../../build/my_first_package/my_first_package.egg-info/PKG-INFO
writing dependency_links to ../../build/my_first_package/my_first_package.egg-info/dependency_links.txt
writing entry points to ../../build/my_first_package/my_first_package.egg-info/entry_points.txt
writing requirements to ../../build/my_first_package/my_first_package.egg-info/requires.txt
writing top-level names to ../../build/my_first_package/my_first_package.egg-info/top_level.txt
writing manifest file '../../build/my_first_package/my_first_package.egg-info/SOURCES.txt'
reading manifest file '../../build/my_first_package/my_first_package.egg-info/SOURCES.txt'
writing manifest file '../../build/my_first_package/my_first_package.egg-info/SOURCES.txt'
running build
running build_py
creating /home/neverdiedooms/ros2_testing/build/my_first_package/build
creating /home/neverdiedooms/ros2_testing/build/my_first_package/build/lib
creating /home/neverdiedooms/ros2_testing/build/my_first_package/build/lib/my_first_package
copying my_first_package/__init__.py -> /home/neverdiedooms/ros2_testing/build/my_first_package/build/lib/my_first_package
creating /home/neverdiedooms/ros2_testing/build/my_first_package/build/lib/my_first_package/template_node
copying my_first_package/template_node/my_first_node.py -> /home/neverdiedooms/ros2_testing/build/my_first_package/build/lib/my_first_package/template_node
copying my_first_package/template_node/__init__.py -> /home/neverdiedooms/ros2_testing/build/my_first_package/build/lib/my_first_package/template_node
creating /home/neverdiedooms/ros2_testing/build/my_first_package/build/lib/my_first_package/tests_topics
copying my_first_package/tests_topics/subscriber_test.py -> /home/neverdiedooms/ros2_testing/build/my_first_package/build/lib/my_first_package/tests_topics
copying my_first_package/tests_topics/__init__.py -> /home/neverdiedooms/ros2_testing/build/my_first_package/build/lib/my_first_package/tests_topics
copying my_first_package/tests_topics/publisher_test.py -> /home/neverdiedooms/ros2_testing/build/my_first_package/build/lib/my_first_package/tests_topics
creating /home/neverdiedooms/ros2_testing/build/my_first_package/build/lib/my_first_package/tests_services
copying my_first_package/tests_services/test_service_client.py -> /home/neverdiedooms/ros2_testing/build/my_first_package/build/lib/my_first_package/tests_services
copying my_first_package/tests_services/test_service_client_no_oop.py -> /home/neverdiedooms/ros2_testing/build/my_first_package/build/lib/my_first_package/tests_services
copying my_first_package/tests_services/test_service_server.py -> /home/neverdiedooms/ros2_testing/build/my_first_package/build/lib/my_first_package/tests_services
copying my_first_package/tests_services/__init__.py -> /home/neverdiedooms/ros2_testing/build/my_first_package/build/lib/my_first_package/tests_services
running install
running install_lib
creating /home/neverdiedooms/ros2_testing/install/my_first_package/lib/python3.12/site-packages/my_first_package
creating /home/neverdiedooms/ros2_testing/install/my_first_package/lib/python3.12/site-packages/my_first_package/template_node
copying /home/neverdiedooms/ros2_testing/build/my_first_package/build/lib/my_first_package/template_node/my_first_node.py -> /home/neverdiedooms/ros2_testing/install/my_first_package/lib/python3.12/site-packages/my_first_package/template_node
copying /home/neverdiedooms/ros2_testing/build/my_first_package/build/lib/my_first_package/template_node/__init__.py -> /home/neverdiedooms/ros2_testing/install/my_first_package/lib/python3.12/site-packages/my_first_package/template_node
creating /home/neverdiedooms/ros2_testing/install/my_first_package/lib/python3.12/site-packages/my_first_package/tests_topics
copying /home/neverdiedooms/ros2_testing/build/my_first_package/build/lib/my_first_package/tests_topics/subscriber_test.py -> /home/neverdiedooms/ros2_testing/install/my_first_package/lib/python3.12/site-packages/my_first_package/tests_topics
copying /home/neverdiedooms/ros2_testing/build/my_first_package/build/lib/my_first_package/tests_topics/__init__.py -> /home/neverdiedooms/ros2_testing/install/my_first_package/lib/python3.12/site-packages/my_first_package/tests_topics
copying /home/neverdiedooms/ros2_testing/build/my_first_package/build/lib/my_first_package/tests_topics/publisher_test.py -> /home/neverdiedooms/ros2_testing/install/my_first_package/lib/python3.12/site-packages/my_first_package/tests_topics
copying /home/neverdiedooms/ros2_testing/build/my_first_package/build/lib/my_first_package/__init__.py -> /home/neverdiedooms/ros2_testing/install/my_first_package/lib/python3.12/site-packages/my_first_package
creating /home/neverdiedooms/ros2_testing/install/my_first_package/lib/python3.12/site-packages/my_first_package/tests_services
copying /home/neverdiedooms/ros2_testing/build/my_first_package/build/lib/my_first_package/tests_services/test_service_client.py -> /home/neverdiedooms/ros2_testing/install/my_first_package/lib/python3.12/site-packages/my_first_package/tests_services
copying /home/neverdiedooms/ros2_testing/build/my_first_package/build/lib/my_first_package/tests_services/test_service_client_no_oop.py -> /home/neverdiedooms/ros2_testing/install/my_first_package/lib/python3.12/site-packages/my_first_package/tests_services
copying /home/neverdiedooms/ros2_testing/build/my_first_package/build/lib/my_first_package/tests_services/test_service_server.py -> /home/neverdiedooms/ros2_testing/install/my_first_package/lib/python3.12/site-packages/my_first_package/tests_services
copying /home/neverdiedooms/ros2_testing/build/my_first_package/build/lib/my_first_package/tests_services/__init__.py -> /home/neverdiedooms/ros2_testing/install/my_first_package/lib/python3.12/site-packages/my_first_package/tests_services
byte-compiling /home/neverdiedooms/ros2_testing/install/my_first_package/lib/python3.12/site-packages/my_first_package/template_node/my_first_node.py to my_first_node.cpython-312.pyc
byte-compiling /home/neverdiedooms/ros2_testing/install/my_first_package/lib/python3.12/site-packages/my_first_package/template_node/__init__.py to __init__.cpython-312.pyc
byte-compiling /home/neverdiedooms/ros2_testing/install/my_first_package/lib/python3.12/site-packages/my_first_package/tests_topics/subscriber_test.py to subscriber_test.cpython-312.pyc
byte-compiling /home/neverdiedooms/ros2_testing/install/my_first_package/lib/python3.12/site-packages/my_first_package/tests_topics/__init__.py to __init__.cpython-312.pyc
byte-compiling /home/neverdiedooms/ros2_testing/install/my_first_package/lib/python3.12/site-packages/my_first_package/tests_topics/publisher_test.py to publisher_test.cpython-312.pyc
byte-compiling /home/neverdiedooms/ros2_testing/install/my_first_package/lib/python3.12/site-packages/my_first_package/__init__.py to __init__.cpython-312.pyc
byte-compiling /home/neverdiedooms/ros2_testing/install/my_first_package/lib/python3.12/site-packages/my_first_package/tests_services/test_service_client.py to test_service_client.cpython-312.pyc
byte-compiling /home/neverdiedooms/ros2_testing/install/my_first_package/lib/python3.12/site-packages/my_first_package/tests_services/test_service_client_no_oop.py to test_service_client_no_oop.cpython-312.pyc
byte-compiling /home/neverdiedooms/ros2_testing/install/my_first_package/lib/python3.12/site-packages/my_first_package/tests_services/test_service_server.py to test_service_server.cpython-312.pyc
byte-compiling /home/neverdiedooms/ros2_testing/install/my_first_package/lib/python3.12/site-packages/my_first_package/tests_services/__init__.py to __init__.cpython-312.pyc
running install_data
creating /home/neverdiedooms/ros2_testing/install/my_first_package/share/ament_index
creating /home/neverdiedooms/ros2_testing/install/my_first_package/share/ament_index/resource_index
creating /home/neverdiedooms/ros2_testing/install/my_first_package/share/ament_index/resource_index/packages
copying resource/my_first_package -> /home/neverdiedooms/ros2_testing/install/my_first_package/share/ament_index/resource_index/packages
copying package.xml -> /home/neverdiedooms/ros2_testing/install/my_first_package/share/my_first_package
running install_egg_info
Copying ../../build/my_first_package/my_first_package.egg-info to /home/neverdiedooms/ros2_testing/install/my_first_package/lib/python3.12/site-packages/my_first_package-0.0.0-py3.12.egg-info
running install_scripts
Installing my_first_node script to /home/neverdiedooms/ros2_testing/install/my_first_package/lib/my_first_package
Installing publisher_test script to /home/neverdiedooms/ros2_testing/install/my_first_package/lib/my_first_package
Installing subscriber_test script to /home/neverdiedooms/ros2_testing/install/my_first_package/lib/my_first_package
Installing test_service_client script to /home/neverdiedooms/ros2_testing/install/my_first_package/lib/my_first_package
Installing test_service_client_no_oop script to /home/neverdiedooms/ros2_testing/install/my_first_package/lib/my_first_package
Installing test_service_server script to /home/neverdiedooms/ros2_testing/install/my_first_package/lib/my_first_package
writing list of installed files to '/home/neverdiedooms/ros2_testing/build/my_first_package/install.log'
