-- The C compiler identification is GNU 13.3.0
-- The CXX compiler identification is GNU 13.3.0
-- Detecting C compiler ABI info
-- Detecting C compiler ABI info - done
-- Check for working C compiler: /usr/bin/cc - skipped
-- Detecting C compile features
-- Detecting C compile features - done
-- Detecting CXX compiler ABI info
-- Detecting CXX compiler ABI info - done
-- Check for working CXX compiler: /usr/bin/c++ - skipped
-- Detecting CXX compile features
-- Detecting CXX compile features - done
-- Found ament_cmake: 2.5.3 (/opt/ros/jazzy/share/ament_cmake/cmake)
-- Found Python3: /usr/bin/python3 (found version "3.12.3") found components: Interpreter 
-- Found rclcpp: 28.1.8 (/opt/ros/jazzy/share/rclcpp/cmake)
-- Found rosidl_generator_c: 4.6.5 (/opt/ros/jazzy/share/rosidl_generator_c/cmake)
-- Found rosidl_generator_cpp: 4.6.5 (/opt/ros/jazzy/share/rosidl_generator_cpp/cmake)
-- Using all available rosidl_typesupport_c: rosidl_typesupport_fastrtps_c;rosidl_typesupport_introspection_c
-- Using all available rosidl_typesupport_cpp: rosidl_typesupport_fastrtps_cpp;rosidl_typesupport_introspection_cpp
-- Found rmw_implementation_cmake: 7.3.2 (/opt/ros/jazzy/share/rmw_implementation_cmake/cmake)
-- Found rmw_fastrtps_cpp: 8.4.2 (/opt/ros/jazzy/share/rmw_fastrtps_cpp/cmake)
-- Found OpenSSL: /usr/lib/x86_64-linux-gnu/libcrypto.so (found version "3.0.13")  
-- Found FastRTPS: /opt/ros/jazzy/include (Required is at least version "2.13") 
-- Using RMW implementation 'rmw_fastrtps_cpp' as default
-- Found example_interfaces: 0.12.0 (/opt/ros/jazzy/share/example_interfaces/cmake)
-- Configuring done (1.0s)
-- Generating done (0.0s)
-- Build files have been written to: /home/neverdiedooms/ros2_testing/build/my_first_cpp_pkg
[  5%] [32mBuilding CXX object CMakeFiles/my_first_node.dir/src/template_node/my_first_node.cpp.o[0m
[ 10%] [32mBuilding CXX object CMakeFiles/publisher_test.dir/src/tests_topics/publisher_test.cpp.o[0m
[ 15%] [32mBuilding CXX object CMakeFiles/number_counter.dir/src/tests_services_and_topics/number_counter.cpp.o[0m
[ 20%] [32mBuilding CXX object CMakeFiles/test_service_server.dir/src/tests_services/test_service_server.cpp.o[0m
[ 30%] [32mBuilding CXX object CMakeFiles/subscriber_test.dir/src/tests_topics/subscriber_test.cpp.o[0m
[ 30%] [32mBuilding CXX object CMakeFiles/test_service_client_no_oop.dir/src/tests_services/test_service_client_no_oop.cpp.o[0m
[ 35%] [32mBuilding CXX object CMakeFiles/test_service_client.dir/src/tests_services/test_service_client.cpp.o[0m
[ 40%] [32mBuilding CXX object CMakeFiles/number_publisher.dir/src/tests_services_and_topics/number_publisher.cpp.o[0m
[ 45%] [32mBuilding CXX object CMakeFiles/publisher_test_2.dir/src/tests_topics/publisher_test2.cpp.o[0m
[ 50%] [32mBuilding CXX object CMakeFiles/publisher_and_subscriber_test.dir/src/tests_topics/publisher_and_subscriber_test.cpp.o[0m
[ 55%] [32m[1mLinking CXX executable my_first_node[0m
[ 55%] Built target my_first_node
[ 60%] [32m[1mLinking CXX executable test_service_server[0m
[ 65%] [32m[1mLinking CXX executable test_service_client_no_oop[0m
[ 65%] Built target test_service_server
[ 65%] Built target test_service_client_no_oop
[ 70%] [32m[1mLinking CXX executable test_service_client[0m
[ 70%] Built target test_service_client
[ 75%] [32m[1mLinking CXX executable publisher_test[0m
[ 75%] Built target publisher_test
[ 80%] [32m[1mLinking CXX executable number_publisher[0m
[ 85%] [32m[1mLinking CXX executable publisher_test_2[0m
[ 85%] Built target number_publisher
[ 85%] Built target publisher_test_2
[ 90%] [32m[1mLinking CXX executable subscriber_test[0m
[ 90%] Built target subscriber_test
[ 95%] [32m[1mLinking CXX executable number_counter[0m
[ 95%] Built target number_counter
[100%] [32m[1mLinking CXX executable publisher_and_subscriber_test[0m
[100%] Built target publisher_and_subscriber_test
-- Install configuration: ""
-- Installing: /home/neverdiedooms/ros2_testing/install/my_first_cpp_pkg/lib/my_first_cpp_pkg/my_first_node
-- Set non-toolchain portion of runtime path of "/home/neverdiedooms/ros2_testing/install/my_first_cpp_pkg/lib/my_first_cpp_pkg/my_first_node" to ""
-- Installing: /home/neverdiedooms/ros2_testing/install/my_first_cpp_pkg/lib/my_first_cpp_pkg/publisher_test
-- Set non-toolchain portion of runtime path of "/home/neverdiedooms/ros2_testing/install/my_first_cpp_pkg/lib/my_first_cpp_pkg/publisher_test" to ""
-- Installing: /home/neverdiedooms/ros2_testing/install/my_first_cpp_pkg/lib/my_first_cpp_pkg/subscriber_test
-- Set non-toolchain portion of runtime path of "/home/neverdiedooms/ros2_testing/install/my_first_cpp_pkg/lib/my_first_cpp_pkg/subscriber_test" to ""
-- Installing: /home/neverdiedooms/ros2_testing/install/my_first_cpp_pkg/lib/my_first_cpp_pkg/publisher_test_2
-- Set non-toolchain portion of runtime path of "/home/neverdiedooms/ros2_testing/install/my_first_cpp_pkg/lib/my_first_cpp_pkg/publisher_test_2" to ""
-- Installing: /home/neverdiedooms/ros2_testing/install/my_first_cpp_pkg/lib/my_first_cpp_pkg/publisher_and_subscriber_test
-- Set non-toolchain portion of runtime path of "/home/neverdiedooms/ros2_testing/install/my_first_cpp_pkg/lib/my_first_cpp_pkg/publisher_and_subscriber_test" to ""
-- Installing: /home/neverdiedooms/ros2_testing/install/my_first_cpp_pkg/lib/my_first_cpp_pkg/test_service_client_no_oop
-- Set non-toolchain portion of runtime path of "/home/neverdiedooms/ros2_testing/install/my_first_cpp_pkg/lib/my_first_cpp_pkg/test_service_client_no_oop" to ""
-- Installing: /home/neverdiedooms/ros2_testing/install/my_first_cpp_pkg/lib/my_first_cpp_pkg/test_service_client
-- Set non-toolchain portion of runtime path of "/home/neverdiedooms/ros2_testing/install/my_first_cpp_pkg/lib/my_first_cpp_pkg/test_service_client" to ""
-- Installing: /home/neverdiedooms/ros2_testing/install/my_first_cpp_pkg/lib/my_first_cpp_pkg/test_service_server
-- Set non-toolchain portion of runtime path of "/home/neverdiedooms/ros2_testing/install/my_first_cpp_pkg/lib/my_first_cpp_pkg/test_service_server" to ""
-- Installing: /home/neverdiedooms/ros2_testing/install/my_first_cpp_pkg/lib/my_first_cpp_pkg/number_counter
-- Set non-toolchain portion of runtime path of "/home/neverdiedooms/ros2_testing/install/my_first_cpp_pkg/lib/my_first_cpp_pkg/number_counter" to ""
-- Installing: /home/neverdiedooms/ros2_testing/install/my_first_cpp_pkg/lib/my_first_cpp_pkg/number_publisher
-- Set non-toolchain portion of runtime path of "/home/neverdiedooms/ros2_testing/install/my_first_cpp_pkg/lib/my_first_cpp_pkg/number_publisher" to ""
-- Installing: /home/neverdiedooms/ros2_testing/install/my_first_cpp_pkg/share/ament_index/resource_index/package_run_dependencies/my_first_cpp_pkg
-- Installing: /home/neverdiedooms/ros2_testing/install/my_first_cpp_pkg/share/ament_index/resource_index/parent_prefix_path/my_first_cpp_pkg
-- Installing: /home/neverdiedooms/ros2_testing/install/my_first_cpp_pkg/share/my_first_cpp_pkg/environment/ament_prefix_path.sh
-- Installing: /home/neverdiedooms/ros2_testing/install/my_first_cpp_pkg/share/my_first_cpp_pkg/environment/ament_prefix_path.dsv
-- Installing: /home/neverdiedooms/ros2_testing/install/my_first_cpp_pkg/share/my_first_cpp_pkg/environment/path.sh
-- Installing: /home/neverdiedooms/ros2_testing/install/my_first_cpp_pkg/share/my_first_cpp_pkg/environment/path.dsv
-- Installing: /home/neverdiedooms/ros2_testing/install/my_first_cpp_pkg/share/my_first_cpp_pkg/local_setup.bash
-- Installing: /home/neverdiedooms/ros2_testing/install/my_first_cpp_pkg/share/my_first_cpp_pkg/local_setup.sh
-- Installing: /home/neverdiedooms/ros2_testing/install/my_first_cpp_pkg/share/my_first_cpp_pkg/local_setup.zsh
-- Installing: /home/neverdiedooms/ros2_testing/install/my_first_cpp_pkg/share/my_first_cpp_pkg/local_setup.dsv
-- Installing: /home/neverdiedooms/ros2_testing/install/my_first_cpp_pkg/share/my_first_cpp_pkg/package.dsv
-- Installing: /home/neverdiedooms/ros2_testing/install/my_first_cpp_pkg/share/ament_index/resource_index/packages/my_first_cpp_pkg
-- Installing: /home/neverdiedooms/ros2_testing/install/my_first_cpp_pkg/share/my_first_cpp_pkg/cmake/my_first_cpp_pkgConfig.cmake
-- Installing: /home/neverdiedooms/ros2_testing/install/my_first_cpp_pkg/share/my_first_cpp_pkg/cmake/my_first_cpp_pkgConfig-version.cmake
-- Installing: /home/neverdiedooms/ros2_testing/install/my_first_cpp_pkg/share/my_first_cpp_pkg/package.xml
