[0.008s] Invoking command in '/home/neverdiedooms/ros2_testing/build/my_first_cpp_pkg': CMAKE_PREFIX_PATH=${CMAKE_PREFIX_PATH}:/home/neverdiedooms/ros2_testing/install/my_first_package:/opt/ros/jazzy DEBUGINFOD_URLS=https://debuginfod.ubuntu.com /usr/bin/cmake /home/neverdiedooms/ros2_testing/src/my_first_cpp_pkg -DCMAKE_INSTALL_PREFIX=/home/neverdiedooms/ros2_testing/install/my_first_cpp_pkg
[0.154s] -- The C compiler identification is GNU 13.3.0
[0.223s] -- The CXX compiler identification is GNU 13.3.0
[0.241s] -- Detecting C compiler ABI info
[0.310s] -- Detecting C compiler ABI info - done
[0.318s] -- Check for working C compiler: /usr/bin/cc - skipped
[0.318s] -- Detecting C compile features
[0.318s] -- Detecting C compile features - done
[0.326s] -- Detecting CXX compiler ABI info
[0.397s] -- Detecting CXX compiler ABI info - done
[0.403s] -- Check for working CXX compiler: /usr/bin/c++ - skipped
[0.404s] -- Detecting CXX compile features
[0.404s] -- Detecting CXX compile features - done
[0.407s] -- Found ament_cmake: 2.5.3 (/opt/ros/jazzy/share/ament_cmake/cmake)
[0.518s] -- Found Python3: /usr/bin/python3 (found version "3.12.3") found components: Interpreter 
[0.591s] -- Found rclcpp: 28.1.8 (/opt/ros/jazzy/share/rclcpp/cmake)
[0.621s] -- Found rosidl_generator_c: 4.6.5 (/opt/ros/jazzy/share/rosidl_generator_c/cmake)
[0.630s] -- Found rosidl_generator_cpp: 4.6.5 (/opt/ros/jazzy/share/rosidl_generator_cpp/cmake)
[0.642s] -- Using all available rosidl_typesupport_c: rosidl_typesupport_fastrtps_c;rosidl_typesupport_introspection_c
[0.654s] -- Using all available rosidl_typesupport_cpp: rosidl_typesupport_fastrtps_cpp;rosidl_typesupport_introspection_cpp
[0.709s] -- Found rmw_implementation_cmake: 7.3.2 (/opt/ros/jazzy/share/rmw_implementation_cmake/cmake)
[0.711s] -- Found rmw_fastrtps_cpp: 8.4.2 (/opt/ros/jazzy/share/rmw_fastrtps_cpp/cmake)
[0.775s] -- Found OpenSSL: /usr/lib/x86_64-linux-gnu/libcrypto.so (found version "3.0.13")  
[0.791s] -- Found FastRTPS: /opt/ros/jazzy/include (Required is at least version "2.13") 
[0.811s] -- Using RMW implementation 'rmw_fastrtps_cpp' as default
[0.867s] -- Found example_interfaces: 0.12.0 (/opt/ros/jazzy/share/example_interfaces/cmake)
[0.978s] -- Configuring done (1.0s)
[1.003s] -- Generating done (0.0s)
[1.012s] -- Build files have been written to: /home/neverdiedooms/ros2_testing/build/my_first_cpp_pkg
[1.019s] Invoked command in '/home/neverdiedooms/ros2_testing/build/my_first_cpp_pkg' returned '0': CMAKE_PREFIX_PATH=${CMAKE_PREFIX_PATH}:/home/neverdiedooms/ros2_testing/install/my_first_package:/opt/ros/jazzy DEBUGINFOD_URLS=https://debuginfod.ubuntu.com /usr/bin/cmake /home/neverdiedooms/ros2_testing/src/my_first_cpp_pkg -DCMAKE_INSTALL_PREFIX=/home/neverdiedooms/ros2_testing/install/my_first_cpp_pkg
[1.020s] Invoking command in '/home/neverdiedooms/ros2_testing/build/my_first_cpp_pkg': CMAKE_PREFIX_PATH=${CMAKE_PREFIX_PATH}:/home/neverdiedooms/ros2_testing/install/my_first_package:/opt/ros/jazzy DEBUGINFOD_URLS=https://debuginfod.ubuntu.com /usr/bin/cmake --build /home/neverdiedooms/ros2_testing/build/my_first_cpp_pkg -- -j20 -l20
[1.058s] [  5%] [32mBuilding CXX object CMakeFiles/my_first_node.dir/src/template_node/my_first_node.cpp.o[0m
[1.058s] [ 10%] [32mBuilding CXX object CMakeFiles/publisher_test.dir/src/tests_topics/publisher_test.cpp.o[0m
[1.058s] [ 15%] [32mBuilding CXX object CMakeFiles/number_counter.dir/src/tests_services_and_topics/number_counter.cpp.o[0m
[1.059s] [ 20%] [32mBuilding CXX object CMakeFiles/test_service_server.dir/src/tests_services/test_service_server.cpp.o[0m
[1.062s] [ 30%] [32mBuilding CXX object CMakeFiles/subscriber_test.dir/src/tests_topics/subscriber_test.cpp.o[0m
[1.062s] [ 30%] [32mBuilding CXX object CMakeFiles/test_service_client_no_oop.dir/src/tests_services/test_service_client_no_oop.cpp.o[0m
[1.063s] [ 35%] [32mBuilding CXX object CMakeFiles/test_service_client.dir/src/tests_services/test_service_client.cpp.o[0m
[1.065s] [ 40%] [32mBuilding CXX object CMakeFiles/number_publisher.dir/src/tests_services_and_topics/number_publisher.cpp.o[0m
[1.066s] [ 45%] [32mBuilding CXX object CMakeFiles/publisher_test_2.dir/src/tests_topics/publisher_test2.cpp.o[0m
[1.067s] [ 50%] [32mBuilding CXX object CMakeFiles/publisher_and_subscriber_test.dir/src/tests_topics/publisher_and_subscriber_test.cpp.o[0m
[3.791s] [ 55%] [32m[1mLinking CXX executable my_first_node[0m
[3.971s] [ 55%] Built target my_first_node
[4.357s] [ 60%] [32m[1mLinking CXX executable test_service_server[0m
[4.384s] [ 65%] [32m[1mLinking CXX executable test_service_client_no_oop[0m
[4.528s] [ 65%] Built target test_service_server
[4.570s] [ 65%] Built target test_service_client_no_oop
[4.925s] [ 70%] [32m[1mLinking CXX executable test_service_client[0m
[5.104s] [ 70%] Built target test_service_client
[5.168s] [ 75%] [32m[1mLinking CXX executable publisher_test[0m
[5.331s] [ 75%] Built target publisher_test
[6.185s] [ 80%] [32m[1mLinking CXX executable number_publisher[0m
[6.212s] [ 85%] [32m[1mLinking CXX executable publisher_test_2[0m
[6.345s] [ 85%] Built target number_publisher
[6.375s] [ 85%] Built target publisher_test_2
[7.566s] [ 90%] [32m[1mLinking CXX executable subscriber_test[0m
[7.759s] [ 90%] Built target subscriber_test
[7.769s] [ 95%] [32m[1mLinking CXX executable number_counter[0m
[7.957s] [ 95%] Built target number_counter
[8.078s] [100%] [32m[1mLinking CXX executable publisher_and_subscriber_test[0m
[8.246s] [100%] Built target publisher_and_subscriber_test
[8.255s] Invoked command in '/home/neverdiedooms/ros2_testing/build/my_first_cpp_pkg' returned '0': CMAKE_PREFIX_PATH=${CMAKE_PREFIX_PATH}:/home/neverdiedooms/ros2_testing/install/my_first_package:/opt/ros/jazzy DEBUGINFOD_URLS=https://debuginfod.ubuntu.com /usr/bin/cmake --build /home/neverdiedooms/ros2_testing/build/my_first_cpp_pkg -- -j20 -l20
[8.262s] Invoking command in '/home/neverdiedooms/ros2_testing/build/my_first_cpp_pkg': CMAKE_PREFIX_PATH=${CMAKE_PREFIX_PATH}:/home/neverdiedooms/ros2_testing/install/my_first_package:/opt/ros/jazzy DEBUGINFOD_URLS=https://debuginfod.ubuntu.com /usr/bin/cmake --install /home/neverdiedooms/ros2_testing/build/my_first_cpp_pkg
[8.268s] -- Install configuration: ""
[8.268s] -- Installing: /home/neverdiedooms/ros2_testing/install/my_first_cpp_pkg/lib/my_first_cpp_pkg/my_first_node
[8.268s] -- Set non-toolchain portion of runtime path of "/home/neverdiedooms/ros2_testing/install/my_first_cpp_pkg/lib/my_first_cpp_pkg/my_first_node" to ""
[8.268s] -- Installing: /home/neverdiedooms/ros2_testing/install/my_first_cpp_pkg/lib/my_first_cpp_pkg/publisher_test
[8.268s] -- Set non-toolchain portion of runtime path of "/home/neverdiedooms/ros2_testing/install/my_first_cpp_pkg/lib/my_first_cpp_pkg/publisher_test" to ""
[8.269s] -- Installing: /home/neverdiedooms/ros2_testing/install/my_first_cpp_pkg/lib/my_first_cpp_pkg/subscriber_test
[8.271s] -- Set non-toolchain portion of runtime path of "/home/neverdiedooms/ros2_testing/install/my_first_cpp_pkg/lib/my_first_cpp_pkg/subscriber_test" to ""
[8.271s] -- Installing: /home/neverdiedooms/ros2_testing/install/my_first_cpp_pkg/lib/my_first_cpp_pkg/publisher_test_2
[8.271s] -- Set non-toolchain portion of runtime path of "/home/neverdiedooms/ros2_testing/install/my_first_cpp_pkg/lib/my_first_cpp_pkg/publisher_test_2" to ""
[8.271s] -- Installing: /home/neverdiedooms/ros2_testing/install/my_first_cpp_pkg/lib/my_first_cpp_pkg/publisher_and_subscriber_test
[8.274s] -- Set non-toolchain portion of runtime path of "/home/neverdiedooms/ros2_testing/install/my_first_cpp_pkg/lib/my_first_cpp_pkg/publisher_and_subscriber_test" to ""
[8.274s] -- Installing: /home/neverdiedooms/ros2_testing/install/my_first_cpp_pkg/lib/my_first_cpp_pkg/test_service_client_no_oop
[8.274s] -- Set non-toolchain portion of runtime path of "/home/neverdiedooms/ros2_testing/install/my_first_cpp_pkg/lib/my_first_cpp_pkg/test_service_client_no_oop" to ""
[8.274s] -- Installing: /home/neverdiedooms/ros2_testing/install/my_first_cpp_pkg/lib/my_first_cpp_pkg/test_service_client
[8.275s] -- Set non-toolchain portion of runtime path of "/home/neverdiedooms/ros2_testing/install/my_first_cpp_pkg/lib/my_first_cpp_pkg/test_service_client" to ""
[8.275s] -- Installing: /home/neverdiedooms/ros2_testing/install/my_first_cpp_pkg/lib/my_first_cpp_pkg/test_service_server
[8.275s] -- Set non-toolchain portion of runtime path of "/home/neverdiedooms/ros2_testing/install/my_first_cpp_pkg/lib/my_first_cpp_pkg/test_service_server" to ""
[8.275s] -- Installing: /home/neverdiedooms/ros2_testing/install/my_first_cpp_pkg/lib/my_first_cpp_pkg/number_counter
[8.278s] -- Set non-toolchain portion of runtime path of "/home/neverdiedooms/ros2_testing/install/my_first_cpp_pkg/lib/my_first_cpp_pkg/number_counter" to ""
[8.278s] -- Installing: /home/neverdiedooms/ros2_testing/install/my_first_cpp_pkg/lib/my_first_cpp_pkg/number_publisher
[8.279s] -- Set non-toolchain portion of runtime path of "/home/neverdiedooms/ros2_testing/install/my_first_cpp_pkg/lib/my_first_cpp_pkg/number_publisher" to ""
[8.279s] -- Installing: /home/neverdiedooms/ros2_testing/install/my_first_cpp_pkg/share/ament_index/resource_index/package_run_dependencies/my_first_cpp_pkg
[8.279s] -- Installing: /home/neverdiedooms/ros2_testing/install/my_first_cpp_pkg/share/ament_index/resource_index/parent_prefix_path/my_first_cpp_pkg
[8.279s] -- Installing: /home/neverdiedooms/ros2_testing/install/my_first_cpp_pkg/share/my_first_cpp_pkg/environment/ament_prefix_path.sh
[8.279s] -- Installing: /home/neverdiedooms/ros2_testing/install/my_first_cpp_pkg/share/my_first_cpp_pkg/environment/ament_prefix_path.dsv
[8.279s] -- Installing: /home/neverdiedooms/ros2_testing/install/my_first_cpp_pkg/share/my_first_cpp_pkg/environment/path.sh
[8.279s] -- Installing: /home/neverdiedooms/ros2_testing/install/my_first_cpp_pkg/share/my_first_cpp_pkg/environment/path.dsv
[8.279s] -- Installing: /home/neverdiedooms/ros2_testing/install/my_first_cpp_pkg/share/my_first_cpp_pkg/local_setup.bash
[8.279s] -- Installing: /home/neverdiedooms/ros2_testing/install/my_first_cpp_pkg/share/my_first_cpp_pkg/local_setup.sh
[8.279s] -- Installing: /home/neverdiedooms/ros2_testing/install/my_first_cpp_pkg/share/my_first_cpp_pkg/local_setup.zsh
[8.279s] -- Installing: /home/neverdiedooms/ros2_testing/install/my_first_cpp_pkg/share/my_first_cpp_pkg/local_setup.dsv
[8.279s] -- Installing: /home/neverdiedooms/ros2_testing/install/my_first_cpp_pkg/share/my_first_cpp_pkg/package.dsv
[8.279s] -- Installing: /home/neverdiedooms/ros2_testing/install/my_first_cpp_pkg/share/ament_index/resource_index/packages/my_first_cpp_pkg
[8.280s] -- Installing: /home/neverdiedooms/ros2_testing/install/my_first_cpp_pkg/share/my_first_cpp_pkg/cmake/my_first_cpp_pkgConfig.cmake
[8.280s] -- Installing: /home/neverdiedooms/ros2_testing/install/my_first_cpp_pkg/share/my_first_cpp_pkg/cmake/my_first_cpp_pkgConfig-version.cmake
[8.280s] -- Installing: /home/neverdiedooms/ros2_testing/install/my_first_cpp_pkg/share/my_first_cpp_pkg/package.xml
[8.281s] Invoked command in '/home/neverdiedooms/ros2_testing/build/my_first_cpp_pkg' returned '0': CMAKE_PREFIX_PATH=${CMAKE_PREFIX_PATH}:/home/neverdiedooms/ros2_testing/install/my_first_package:/opt/ros/jazzy DEBUGINFOD_URLS=https://debuginfod.ubuntu.com /usr/bin/cmake --install /home/neverdiedooms/ros2_testing/build/my_first_cpp_pkg
