[ 10%] Built target my_first_node
[ 20%] Built target test_service_client_no_oop
[ 30%] Built target publisher_test
[ 40%] Built target test_service_server
[ 50%] Built target publisher_test_2
[ 60%] Built target subscriber_test
[ 70%] Built target test_service_client
[ 80%] Built target publisher_and_subscriber_test
[ 85%] [32mBuilding CXX object CMakeFiles/number_counter.dir/src/tests_services_and_topics/number_counter.cpp.o[0m
[ 95%] Built target number_publisher
[100%] [32m[1mLinking CXX executable number_counter[0m
[100%] Built target number_counter
-- Install configuration: ""
-- Up-to-date: /home/neverdiedooms/ros2_testing/install/my_first_cpp_pkg/lib/my_first_cpp_pkg/my_first_node
-- Up-to-date: /home/neverdiedooms/ros2_testing/install/my_first_cpp_pkg/lib/my_first_cpp_pkg/publisher_test
-- Up-to-date: /home/neverdiedooms/ros2_testing/install/my_first_cpp_pkg/lib/my_first_cpp_pkg/subscriber_test
-- Up-to-date: /home/neverdiedooms/ros2_testing/install/my_first_cpp_pkg/lib/my_first_cpp_pkg/publisher_test_2
-- Up-to-date: /home/neverdiedooms/ros2_testing/install/my_first_cpp_pkg/lib/my_first_cpp_pkg/publisher_and_subscriber_test
-- Up-to-date: /home/neverdiedooms/ros2_testing/install/my_first_cpp_pkg/lib/my_first_cpp_pkg/test_service_client_no_oop
-- Up-to-date: /home/neverdiedooms/ros2_testing/install/my_first_cpp_pkg/lib/my_first_cpp_pkg/test_service_client
-- Up-to-date: /home/neverdiedooms/ros2_testing/install/my_first_cpp_pkg/lib/my_first_cpp_pkg/test_service_server
-- Installing: /home/neverdiedooms/ros2_testing/install/my_first_cpp_pkg/lib/my_first_cpp_pkg/number_counter
-- Set non-toolchain portion of runtime path of "/home/neverdiedooms/ros2_testing/install/my_first_cpp_pkg/lib/my_first_cpp_pkg/number_counter" to ""
-- Up-to-date: /home/neverdiedooms/ros2_testing/install/my_first_cpp_pkg/lib/my_first_cpp_pkg/number_publisher
-- Up-to-date: /home/neverdiedooms/ros2_testing/install/my_first_cpp_pkg/share/ament_index/resource_index/package_run_dependencies/my_first_cpp_pkg
-- Up-to-date: /home/neverdiedooms/ros2_testing/install/my_first_cpp_pkg/share/ament_index/resource_index/parent_prefix_path/my_first_cpp_pkg
-- Up-to-date: /home/neverdiedooms/ros2_testing/install/my_first_cpp_pkg/share/my_first_cpp_pkg/environment/ament_prefix_path.sh
-- Up-to-date: /home/neverdiedooms/ros2_testing/install/my_first_cpp_pkg/share/my_first_cpp_pkg/environment/ament_prefix_path.dsv
-- Up-to-date: /home/neverdiedooms/ros2_testing/install/my_first_cpp_pkg/share/my_first_cpp_pkg/environment/path.sh
-- Up-to-date: /home/neverdiedooms/ros2_testing/install/my_first_cpp_pkg/share/my_first_cpp_pkg/environment/path.dsv
-- Up-to-date: /home/neverdiedooms/ros2_testing/install/my_first_cpp_pkg/share/my_first_cpp_pkg/local_setup.bash
-- Up-to-date: /home/neverdiedooms/ros2_testing/install/my_first_cpp_pkg/share/my_first_cpp_pkg/local_setup.sh
-- Up-to-date: /home/neverdiedooms/ros2_testing/install/my_first_cpp_pkg/share/my_first_cpp_pkg/local_setup.zsh
-- Up-to-date: /home/neverdiedooms/ros2_testing/install/my_first_cpp_pkg/share/my_first_cpp_pkg/local_setup.dsv
-- Installing: /home/neverdiedooms/ros2_testing/install/my_first_cpp_pkg/share/my_first_cpp_pkg/package.dsv
-- Up-to-date: /home/neverdiedooms/ros2_testing/install/my_first_cpp_pkg/share/ament_index/resource_index/packages/my_first_cpp_pkg
-- Up-to-date: /home/neverdiedooms/ros2_testing/install/my_first_cpp_pkg/share/my_first_cpp_pkg/cmake/my_first_cpp_pkgConfig.cmake
-- Up-to-date: /home/neverdiedooms/ros2_testing/install/my_first_cpp_pkg/share/my_first_cpp_pkg/cmake/my_first_cpp_pkgConfig-version.cmake
-- Up-to-date: /home/neverdiedooms/ros2_testing/install/my_first_cpp_pkg/share/my_first_cpp_pkg/package.xml
