[0.046s] Invoking command in '/home/neverdiedooms/ros2_test_ws/build/my_first_cpp_pkg': CMAKE_PREFIX_PATH=${CMAKE_PREFIX_PATH}:/home/neverdiedooms/ros2_test_ws/install/my_first_package:/opt/ros/jazzy DEBUGINFOD_URLS=https://debuginfod.ubuntu.com /usr/bin/cmake --build /home/neverdiedooms/ros2_test_ws/build/my_first_cpp_pkg -- -j6 -l6
[0.139s] [ 20%] Built target publisher_test
[0.139s] [ 40%] Built target my_first_node
[0.139s] [ 60%] Built target publisher_test_2
[0.139s] [ 80%] Built target publisher_and_subscriber_test
[0.142s] [100%] Built target subscriber_test
[0.255s] Invoked command in '/home/neverdiedooms/ros2_test_ws/build/my_first_cpp_pkg' returned '0': CMAKE_PREFIX_PATH=${CMAKE_PREFIX_PATH}:/home/neverdiedooms/ros2_test_ws/install/my_first_package:/opt/ros/jazzy DEBUGINFOD_URLS=https://debuginfod.ubuntu.com /usr/bin/cmake --build /home/neverdiedooms/ros2_test_ws/build/my_first_cpp_pkg -- -j6 -l6
[0.269s] Invoking command in '/home/neverdiedooms/ros2_test_ws/build/my_first_cpp_pkg': CMAKE_PREFIX_PATH=${CMAKE_PREFIX_PATH}:/home/neverdiedooms/ros2_test_ws/install/my_first_package:/opt/ros/jazzy DEBUGINFOD_URLS=https://debuginfod.ubuntu.com /usr/bin/cmake --install /home/neverdiedooms/ros2_test_ws/build/my_first_cpp_pkg
[0.278s] -- Install configuration: ""
[0.279s] -- Execute custom install script
[0.280s] -- Up-to-date symlink: /home/neverdiedooms/ros2_test_ws/install/my_first_cpp_pkg/lib/my_first_cpp_pkg/my_first_node
[0.280s] -- Up-to-date symlink: /home/neverdiedooms/ros2_test_ws/install/my_first_cpp_pkg/lib/my_first_cpp_pkg/publisher_test
[0.280s] -- Up-to-date symlink: /home/neverdiedooms/ros2_test_ws/install/my_first_cpp_pkg/lib/my_first_cpp_pkg/subscriber_test
[0.280s] -- Up-to-date symlink: /home/neverdiedooms/ros2_test_ws/install/my_first_cpp_pkg/lib/my_first_cpp_pkg/publisher_test_2
[0.280s] -- Up-to-date symlink: /home/neverdiedooms/ros2_test_ws/install/my_first_cpp_pkg/lib/my_first_cpp_pkg/publisher_and_subscriber_test
[0.280s] -- Up-to-date symlink: /home/neverdiedooms/ros2_test_ws/install/my_first_cpp_pkg/share/ament_index/resource_index/package_run_dependencies/my_first_cpp_pkg
[0.280s] -- Up-to-date symlink: /home/neverdiedooms/ros2_test_ws/install/my_first_cpp_pkg/share/ament_index/resource_index/parent_prefix_path/my_first_cpp_pkg
[0.280s] -- Up-to-date symlink: /home/neverdiedooms/ros2_test_ws/install/my_first_cpp_pkg/share/my_first_cpp_pkg/environment/ament_prefix_path.sh
[0.280s] -- Up-to-date symlink: /home/neverdiedooms/ros2_test_ws/install/my_first_cpp_pkg/share/my_first_cpp_pkg/environment/ament_prefix_path.dsv
[0.280s] -- Up-to-date symlink: /home/neverdiedooms/ros2_test_ws/install/my_first_cpp_pkg/share/my_first_cpp_pkg/environment/path.sh
[0.281s] -- Up-to-date symlink: /home/neverdiedooms/ros2_test_ws/install/my_first_cpp_pkg/share/my_first_cpp_pkg/environment/path.dsv
[0.281s] -- Up-to-date symlink: /home/neverdiedooms/ros2_test_ws/install/my_first_cpp_pkg/share/my_first_cpp_pkg/local_setup.bash
[0.281s] -- Up-to-date symlink: /home/neverdiedooms/ros2_test_ws/install/my_first_cpp_pkg/share/my_first_cpp_pkg/local_setup.sh
[0.282s] -- Up-to-date symlink: /home/neverdiedooms/ros2_test_ws/install/my_first_cpp_pkg/share/my_first_cpp_pkg/local_setup.zsh
[0.282s] -- Up-to-date symlink: /home/neverdiedooms/ros2_test_ws/install/my_first_cpp_pkg/share/my_first_cpp_pkg/local_setup.dsv
[0.283s] -- Symlinking: /home/neverdiedooms/ros2_test_ws/install/my_first_cpp_pkg/share/my_first_cpp_pkg/package.dsv
[0.291s] -- Up-to-date symlink: /home/neverdiedooms/ros2_test_ws/install/my_first_cpp_pkg/share/ament_index/resource_index/packages/my_first_cpp_pkg
[0.291s] -- Up-to-date symlink: /home/neverdiedooms/ros2_test_ws/install/my_first_cpp_pkg/share/my_first_cpp_pkg/cmake/my_first_cpp_pkgConfig.cmake
[0.291s] -- Up-to-date symlink: /home/neverdiedooms/ros2_test_ws/install/my_first_cpp_pkg/share/my_first_cpp_pkg/cmake/my_first_cpp_pkgConfig-version.cmake
[0.291s] -- Up-to-date symlink: /home/neverdiedooms/ros2_test_ws/install/my_first_cpp_pkg/share/my_first_cpp_pkg/package.xml
[0.295s] Invoked command in '/home/neverdiedooms/ros2_test_ws/build/my_first_cpp_pkg' returned '0': CMAKE_PREFIX_PATH=${CMAKE_PREFIX_PATH}:/home/neverdiedooms/ros2_test_ws/install/my_first_package:/opt/ros/jazzy DEBUGINFOD_URLS=https://debuginfod.ubuntu.com /usr/bin/cmake --install /home/neverdiedooms/ros2_test_ws/build/my_first_cpp_pkg
