[0.302s] DEBUG:colcon:Command line arguments: ['/usr/bin/colcon', 'build']
[0.303s] DEBUG:colcon:Parsed command line arguments: Namespace(log_base=None, log_level=None, verb_name='build', build_base='build', install_base='install', merge_install=False, symlink_install=False, test_result_base=None, continue_on_error=False, executor='parallel', parallel_workers=6, event_handlers=None, ignore_user_meta=False, metas=['./colcon.meta'], base_paths=['.'], packages_ignore=None, packages_ignore_regex=None, paths=None, packages_up_to=None, packages_up_to_regex=None, packages_above=None, packages_above_and_dependencies=None, packages_above_depth=None, packages_select_by_dep=None, packages_skip_by_dep=None, packages_skip_up_to=None, packages_select_build_failed=False, packages_skip_build_finished=False, packages_select_test_failures=False, packages_skip_test_passed=False, packages_select=None, packages_skip=None, packages_select_regex=None, packages_skip_regex=None, packages_start=None, packages_end=None, allow_overriding=[], cmake_args=None, cmake_target=None, cmake_target_skip_unavailable=False, cmake_clean_cache=False, cmake_clean_first=False, cmake_force_configure=False, ament_cmake_args=None, catkin_cmake_args=None, catkin_skip_building_tests=False, mixin_files=None, mixin=None, verb_parser=<colcon_mixin.mixin.mixin_argument.MixinArgumentDecorator object at 0x7721a117b8c0>, verb_extension=<colcon_core.verb.build.BuildVerb object at 0x7721a117b530>, main=<bound method BuildVerb.main of <colcon_core.verb.build.BuildVerb object at 0x7721a117b530>>, mixin_verb=('build',))
[0.386s] Level 1:colcon.colcon_core.package_discovery:discover_packages(colcon_meta) check parameters
[0.387s] Level 1:colcon.colcon_core.package_discovery:discover_packages(recursive) check parameters
[0.387s] Level 1:colcon.colcon_core.package_discovery:discover_packages(ignore) check parameters
[0.387s] Level 1:colcon.colcon_core.package_discovery:discover_packages(path) check parameters
[0.387s] Level 1:colcon.colcon_core.package_discovery:discover_packages(colcon_meta) discover
[0.387s] Level 1:colcon.colcon_core.package_discovery:discover_packages(recursive) discover
[0.387s] INFO:colcon.colcon_core.package_discovery:Crawling recursively for packages in '/home/neverdiedooms/ros2_test_ws'
[0.387s] Level 1:colcon.colcon_core.package_identification:_identify(.) by extensions ['ignore', 'ignore_ament_install']
[0.387s] Level 1:colcon.colcon_core.package_identification:_identify(.) by extension 'ignore'
[0.387s] Level 1:colcon.colcon_core.package_identification:_identify(.) by extension 'ignore_ament_install'
[0.387s] Level 1:colcon.colcon_core.package_identification:_identify(.) by extensions ['colcon_pkg']
[0.387s] Level 1:colcon.colcon_core.package_identification:_identify(.) by extension 'colcon_pkg'
[0.387s] Level 1:colcon.colcon_core.package_identification:_identify(.) by extensions ['colcon_meta']
[0.387s] Level 1:colcon.colcon_core.package_identification:_identify(.) by extension 'colcon_meta'
[0.387s] Level 1:colcon.colcon_core.package_identification:_identify(.) by extensions ['ros']
[0.387s] Level 1:colcon.colcon_core.package_identification:_identify(.) by extension 'ros'
[0.422s] Level 1:colcon.colcon_core.package_identification:_identify(.) by extensions ['cmake', 'python']
[0.423s] Level 1:colcon.colcon_core.package_identification:_identify(.) by extension 'cmake'
[0.423s] Level 1:colcon.colcon_core.package_identification:_identify(.) by extension 'python'
[0.423s] Level 1:colcon.colcon_core.package_identification:_identify(.) by extensions ['python_setup_py']
[0.423s] Level 1:colcon.colcon_core.package_identification:_identify(.) by extension 'python_setup_py'
[0.424s] Level 1:colcon.colcon_core.package_identification:_identify(build) by extensions ['ignore', 'ignore_ament_install']
[0.424s] Level 1:colcon.colcon_core.package_identification:_identify(build) by extension 'ignore'
[0.424s] Level 1:colcon.colcon_core.package_identification:_identify(build) ignored
[0.424s] Level 1:colcon.colcon_core.package_identification:_identify(install) by extensions ['ignore', 'ignore_ament_install']
[0.424s] Level 1:colcon.colcon_core.package_identification:_identify(install) by extension 'ignore'
[0.424s] Level 1:colcon.colcon_core.package_identification:_identify(install) ignored
[0.424s] Level 1:colcon.colcon_core.package_identification:_identify(log) by extensions ['ignore', 'ignore_ament_install']
[0.424s] Level 1:colcon.colcon_core.package_identification:_identify(log) by extension 'ignore'
[0.424s] Level 1:colcon.colcon_core.package_identification:_identify(log) ignored
[0.424s] Level 1:colcon.colcon_core.package_identification:_identify(src) by extensions ['ignore', 'ignore_ament_install']
[0.424s] Level 1:colcon.colcon_core.package_identification:_identify(src) by extension 'ignore'
[0.424s] Level 1:colcon.colcon_core.package_identification:_identify(src) by extension 'ignore_ament_install'
[0.424s] Level 1:colcon.colcon_core.package_identification:_identify(src) by extensions ['colcon_pkg']
[0.424s] Level 1:colcon.colcon_core.package_identification:_identify(src) by extension 'colcon_pkg'
[0.424s] Level 1:colcon.colcon_core.package_identification:_identify(src) by extensions ['colcon_meta']
[0.424s] Level 1:colcon.colcon_core.package_identification:_identify(src) by extension 'colcon_meta'
[0.424s] Level 1:colcon.colcon_core.package_identification:_identify(src) by extensions ['ros']
[0.424s] Level 1:colcon.colcon_core.package_identification:_identify(src) by extension 'ros'
[0.424s] Level 1:colcon.colcon_core.package_identification:_identify(src) by extensions ['cmake', 'python']
[0.424s] Level 1:colcon.colcon_core.package_identification:_identify(src) by extension 'cmake'
[0.424s] Level 1:colcon.colcon_core.package_identification:_identify(src) by extension 'python'
[0.424s] Level 1:colcon.colcon_core.package_identification:_identify(src) by extensions ['python_setup_py']
[0.424s] Level 1:colcon.colcon_core.package_identification:_identify(src) by extension 'python_setup_py'
[0.424s] Level 1:colcon.colcon_core.package_identification:_identify(src/my_first_cpp_pkg) by extensions ['ignore', 'ignore_ament_install']
[0.424s] Level 1:colcon.colcon_core.package_identification:_identify(src/my_first_cpp_pkg) by extension 'ignore'
[0.424s] Level 1:colcon.colcon_core.package_identification:_identify(src/my_first_cpp_pkg) by extension 'ignore_ament_install'
[0.425s] Level 1:colcon.colcon_core.package_identification:_identify(src/my_first_cpp_pkg) by extensions ['colcon_pkg']
[0.425s] Level 1:colcon.colcon_core.package_identification:_identify(src/my_first_cpp_pkg) by extension 'colcon_pkg'
[0.425s] Level 1:colcon.colcon_core.package_identification:_identify(src/my_first_cpp_pkg) by extensions ['colcon_meta']
[0.425s] Level 1:colcon.colcon_core.package_identification:_identify(src/my_first_cpp_pkg) by extension 'colcon_meta'
[0.425s] Level 1:colcon.colcon_core.package_identification:_identify(src/my_first_cpp_pkg) by extensions ['ros']
[0.425s] Level 1:colcon.colcon_core.package_identification:_identify(src/my_first_cpp_pkg) by extension 'ros'
[0.429s] DEBUG:colcon.colcon_core.package_identification:Package 'src/my_first_cpp_pkg' with type 'ros.ament_cmake' and name 'my_first_cpp_pkg'
[0.429s] Level 1:colcon.colcon_core.package_identification:_identify(src/my_first_package) by extensions ['ignore', 'ignore_ament_install']
[0.429s] Level 1:colcon.colcon_core.package_identification:_identify(src/my_first_package) by extension 'ignore'
[0.429s] Level 1:colcon.colcon_core.package_identification:_identify(src/my_first_package) by extension 'ignore_ament_install'
[0.429s] Level 1:colcon.colcon_core.package_identification:_identify(src/my_first_package) by extensions ['colcon_pkg']
[0.429s] Level 1:colcon.colcon_core.package_identification:_identify(src/my_first_package) by extension 'colcon_pkg'
[0.429s] Level 1:colcon.colcon_core.package_identification:_identify(src/my_first_package) by extensions ['colcon_meta']
[0.429s] Level 1:colcon.colcon_core.package_identification:_identify(src/my_first_package) by extension 'colcon_meta'
[0.429s] Level 1:colcon.colcon_core.package_identification:_identify(src/my_first_package) by extensions ['ros']
[0.429s] Level 1:colcon.colcon_core.package_identification:_identify(src/my_first_package) by extension 'ros'
[0.429s] DEBUG:colcon.colcon_core.package_identification:Package 'src/my_first_package' with type 'ros.ament_python' and name 'my_first_package'
[0.429s] Level 1:colcon.colcon_core.package_discovery:discover_packages(recursive) using defaults
[0.429s] Level 1:colcon.colcon_core.package_discovery:discover_packages(ignore) discover
[0.429s] Level 1:colcon.colcon_core.package_discovery:discover_packages(ignore) using defaults
[0.429s] Level 1:colcon.colcon_core.package_discovery:discover_packages(path) discover
[0.429s] Level 1:colcon.colcon_core.package_discovery:discover_packages(path) using defaults
[0.457s] Level 1:colcon.colcon_core.package_discovery:discover_packages(prefix_path) check parameters
[0.457s] Level 1:colcon.colcon_core.package_discovery:discover_packages(prefix_path) discover
[0.462s] DEBUG:colcon.colcon_installed_package_information.package_discovery:Found 2 installed packages in /home/neverdiedooms/ros2_test_ws/install
[0.463s] DEBUG:colcon.colcon_installed_package_information.package_discovery:Found 285 installed packages in /opt/ros/jazzy
[0.464s] Level 1:colcon.colcon_core.package_discovery:discover_packages(prefix_path) using defaults
[0.605s] Level 5:colcon.colcon_core.verb:set package 'my_first_cpp_pkg' build argument 'cmake_args' from command line to 'None'
[0.605s] Level 5:colcon.colcon_core.verb:set package 'my_first_cpp_pkg' build argument 'cmake_target' from command line to 'None'
[0.605s] Level 5:colcon.colcon_core.verb:set package 'my_first_cpp_pkg' build argument 'cmake_target_skip_unavailable' from command line to 'False'
[0.605s] Level 5:colcon.colcon_core.verb:set package 'my_first_cpp_pkg' build argument 'cmake_clean_cache' from command line to 'False'
[0.605s] Level 5:colcon.colcon_core.verb:set package 'my_first_cpp_pkg' build argument 'cmake_clean_first' from command line to 'False'
[0.605s] Level 5:colcon.colcon_core.verb:set package 'my_first_cpp_pkg' build argument 'cmake_force_configure' from command line to 'False'
[0.605s] Level 5:colcon.colcon_core.verb:set package 'my_first_cpp_pkg' build argument 'ament_cmake_args' from command line to 'None'
[0.605s] Level 5:colcon.colcon_core.verb:set package 'my_first_cpp_pkg' build argument 'catkin_cmake_args' from command line to 'None'
[0.605s] Level 5:colcon.colcon_core.verb:set package 'my_first_cpp_pkg' build argument 'catkin_skip_building_tests' from command line to 'False'
[0.605s] DEBUG:colcon.colcon_core.verb:Building package 'my_first_cpp_pkg' with the following arguments: {'ament_cmake_args': None, 'build_base': '/home/neverdiedooms/ros2_test_ws/build/my_first_cpp_pkg', 'catkin_cmake_args': None, 'catkin_skip_building_tests': False, 'cmake_args': None, 'cmake_clean_cache': False, 'cmake_clean_first': False, 'cmake_force_configure': False, 'cmake_target': None, 'cmake_target_skip_unavailable': False, 'install_base': '/home/neverdiedooms/ros2_test_ws/install/my_first_cpp_pkg', 'merge_install': False, 'path': '/home/neverdiedooms/ros2_test_ws/src/my_first_cpp_pkg', 'symlink_install': False, 'test_result_base': None}
[0.605s] Level 5:colcon.colcon_core.verb:set package 'my_first_package' build argument 'cmake_args' from command line to 'None'
[0.605s] Level 5:colcon.colcon_core.verb:set package 'my_first_package' build argument 'cmake_target' from command line to 'None'
[0.605s] Level 5:colcon.colcon_core.verb:set package 'my_first_package' build argument 'cmake_target_skip_unavailable' from command line to 'False'
[0.605s] Level 5:colcon.colcon_core.verb:set package 'my_first_package' build argument 'cmake_clean_cache' from command line to 'False'
[0.605s] Level 5:colcon.colcon_core.verb:set package 'my_first_package' build argument 'cmake_clean_first' from command line to 'False'
[0.605s] Level 5:colcon.colcon_core.verb:set package 'my_first_package' build argument 'cmake_force_configure' from command line to 'False'
[0.605s] Level 5:colcon.colcon_core.verb:set package 'my_first_package' build argument 'ament_cmake_args' from command line to 'None'
[0.605s] Level 5:colcon.colcon_core.verb:set package 'my_first_package' build argument 'catkin_cmake_args' from command line to 'None'
[0.605s] Level 5:colcon.colcon_core.verb:set package 'my_first_package' build argument 'catkin_skip_building_tests' from command line to 'False'
[0.605s] DEBUG:colcon.colcon_core.verb:Building package 'my_first_package' with the following arguments: {'ament_cmake_args': None, 'build_base': '/home/neverdiedooms/ros2_test_ws/build/my_first_package', 'catkin_cmake_args': None, 'catkin_skip_building_tests': False, 'cmake_args': None, 'cmake_clean_cache': False, 'cmake_clean_first': False, 'cmake_force_configure': False, 'cmake_target': None, 'cmake_target_skip_unavailable': False, 'install_base': '/home/neverdiedooms/ros2_test_ws/install/my_first_package', 'merge_install': False, 'path': '/home/neverdiedooms/ros2_test_ws/src/my_first_package', 'symlink_install': False, 'test_result_base': None}
[0.605s] INFO:colcon.colcon_core.executor:Executing jobs using 'parallel' executor
[0.608s] DEBUG:colcon.colcon_parallel_executor.executor.parallel:run_until_complete
[0.610s] INFO:colcon.colcon_ros.task.ament_cmake.build:Building ROS package in '/home/neverdiedooms/ros2_test_ws/src/my_first_cpp_pkg' with build type 'ament_cmake'
[0.610s] INFO:colcon.colcon_cmake.task.cmake.build:Building CMake package in '/home/neverdiedooms/ros2_test_ws/src/my_first_cpp_pkg'
[0.631s] INFO:colcon.colcon_core.plugin_system:Skipping extension 'colcon_core.shell.bat': Not used on non-Windows systems
[0.631s] INFO:colcon.colcon_core.shell:Skip shell extension 'powershell' for command environment: Not usable outside of PowerShell
[0.632s] DEBUG:colcon.colcon_core.shell:Skip shell extension 'dsv' for command environment
[0.638s] INFO:colcon.colcon_ros.task.ament_python.build:Building ROS package in '/home/neverdiedooms/ros2_test_ws/src/my_first_package' with build type 'ament_python'
[0.638s] Level 1:colcon.colcon_core.shell:create_environment_hook('my_first_package', 'ament_prefix_path')
[0.638s] INFO:colcon.colcon_core.shell:Creating environment hook '/home/neverdiedooms/ros2_test_ws/install/my_first_package/share/my_first_package/hook/ament_prefix_path.ps1'
[0.640s] INFO:colcon.colcon_core.shell:Creating environment descriptor '/home/neverdiedooms/ros2_test_ws/install/my_first_package/share/my_first_package/hook/ament_prefix_path.dsv'
[0.642s] INFO:colcon.colcon_core.shell:Creating environment hook '/home/neverdiedooms/ros2_test_ws/install/my_first_package/share/my_first_package/hook/ament_prefix_path.sh'
[0.643s] INFO:colcon.colcon_core.shell:Skip shell extension 'powershell' for command environment: Not usable outside of PowerShell
[0.643s] DEBUG:colcon.colcon_core.shell:Skip shell extension 'dsv' for command environment
[0.652s] DEBUG:colcon.colcon_core.event_handler.log_command:Invoking command in '/home/neverdiedooms/ros2_test_ws/build/my_first_cpp_pkg': CMAKE_PREFIX_PATH=${CMAKE_PREFIX_PATH}:/home/neverdiedooms/ros2_test_ws/install/my_first_package:/opt/ros/jazzy DEBUGINFOD_URLS=https://debuginfod.ubuntu.com /usr/bin/cmake --build /home/neverdiedooms/ros2_test_ws/build/my_first_cpp_pkg -- -j6 -l6
[0.873s] INFO:colcon.colcon_core.task.python.build:Building Python package in '/home/neverdiedooms/ros2_test_ws/src/my_first_package'
[0.873s] INFO:colcon.colcon_core.shell:Skip shell extension 'powershell' for command environment: Not usable outside of PowerShell
[0.873s] DEBUG:colcon.colcon_core.shell:Skip shell extension 'dsv' for command environment
[1.803s] DEBUG:colcon.colcon_core.event_handler.log_command:Invoking command in '/home/neverdiedooms/ros2_test_ws/src/my_first_package': DEBUGINFOD_URLS=https://debuginfod.ubuntu.com PYTHONPATH=/home/neverdiedooms/ros2_test_ws/build/my_first_package/prefix_override:/usr/lib/python3/dist-packages/colcon_core/task/python/colcon_distutils_commands:/home/neverdiedooms/ros2_test_ws/install/my_first_package/lib/python3.12/site-packages:${PYTHONPATH} /usr/bin/python3 -W ignore:setup.py install is deprecated -W ignore:easy_install command is deprecated setup.py egg_info --egg-base ../../build/my_first_package build --build-base /home/neverdiedooms/ros2_test_ws/build/my_first_package/build install --record /home/neverdiedooms/ros2_test_ws/build/my_first_package/install.log --single-version-externally-managed install_data
[2.251s] DEBUG:colcon.colcon_core.event_handler.log_command:Invoked command in '/home/neverdiedooms/ros2_test_ws/src/my_first_package' returned '0': DEBUGINFOD_URLS=https://debuginfod.ubuntu.com PYTHONPATH=/home/neverdiedooms/ros2_test_ws/build/my_first_package/prefix_override:/usr/lib/python3/dist-packages/colcon_core/task/python/colcon_distutils_commands:/home/neverdiedooms/ros2_test_ws/install/my_first_package/lib/python3.12/site-packages:${PYTHONPATH} /usr/bin/python3 -W ignore:setup.py install is deprecated -W ignore:easy_install command is deprecated setup.py egg_info --egg-base ../../build/my_first_package build --build-base /home/neverdiedooms/ros2_test_ws/build/my_first_package/build install --record /home/neverdiedooms/ros2_test_ws/build/my_first_package/install.log --single-version-externally-managed install_data
[2.261s] Level 1:colcon.colcon_core.environment:checking '/home/neverdiedooms/ros2_test_ws/install/my_first_package' for CMake module files
[2.262s] Level 1:colcon.colcon_core.environment:checking '/home/neverdiedooms/ros2_test_ws/install/my_first_package' for CMake config files
[2.264s] Level 1:colcon.colcon_core.environment:checking '/home/neverdiedooms/ros2_test_ws/install/my_first_package/lib'
[2.265s] Level 1:colcon.colcon_core.environment:checking '/home/neverdiedooms/ros2_test_ws/install/my_first_package/bin'
[2.265s] Level 1:colcon.colcon_core.environment:checking '/home/neverdiedooms/ros2_test_ws/install/my_first_package/lib/pkgconfig/my_first_package.pc'
[2.265s] Level 1:colcon.colcon_core.environment:checking '/home/neverdiedooms/ros2_test_ws/install/my_first_package/lib/python3.12/site-packages'
[2.265s] Level 1:colcon.colcon_core.shell:create_environment_hook('my_first_package', 'pythonpath')
[2.265s] INFO:colcon.colcon_core.shell:Creating environment hook '/home/neverdiedooms/ros2_test_ws/install/my_first_package/share/my_first_package/hook/pythonpath.ps1'
[2.265s] INFO:colcon.colcon_core.shell:Creating environment descriptor '/home/neverdiedooms/ros2_test_ws/install/my_first_package/share/my_first_package/hook/pythonpath.dsv'
[2.266s] INFO:colcon.colcon_core.shell:Creating environment hook '/home/neverdiedooms/ros2_test_ws/install/my_first_package/share/my_first_package/hook/pythonpath.sh'
[2.267s] Level 1:colcon.colcon_core.environment:checking '/home/neverdiedooms/ros2_test_ws/install/my_first_package/bin'
[2.267s] Level 1:colcon.colcon_core.environment:create_environment_scripts_only(my_first_package)
[2.267s] INFO:colcon.colcon_core.shell:Creating package script '/home/neverdiedooms/ros2_test_ws/install/my_first_package/share/my_first_package/package.ps1'
[2.268s] INFO:colcon.colcon_core.shell:Creating package descriptor '/home/neverdiedooms/ros2_test_ws/install/my_first_package/share/my_first_package/package.dsv'
[2.270s] INFO:colcon.colcon_core.shell:Creating package script '/home/neverdiedooms/ros2_test_ws/install/my_first_package/share/my_first_package/package.sh'
[2.271s] INFO:colcon.colcon_core.shell:Creating package script '/home/neverdiedooms/ros2_test_ws/install/my_first_package/share/my_first_package/package.bash'
[2.272s] INFO:colcon.colcon_core.shell:Creating package script '/home/neverdiedooms/ros2_test_ws/install/my_first_package/share/my_first_package/package.zsh'
[2.274s] Level 1:colcon.colcon_core.environment:create_file_with_runtime_dependencies(/home/neverdiedooms/ros2_test_ws/install/my_first_package/share/colcon-core/packages/my_first_package)
[4.121s] DEBUG:colcon.colcon_core.event_handler.log_command:Invoked command in '/home/neverdiedooms/ros2_test_ws/build/my_first_cpp_pkg' returned '2': CMAKE_PREFIX_PATH=${CMAKE_PREFIX_PATH}:/home/neverdiedooms/ros2_test_ws/install/my_first_package:/opt/ros/jazzy DEBUGINFOD_URLS=https://debuginfod.ubuntu.com /usr/bin/cmake --build /home/neverdiedooms/ros2_test_ws/build/my_first_cpp_pkg -- -j6 -l6
[4.122s] Level 1:colcon.colcon_core.environment:create_environment_scripts_only(my_first_cpp_pkg)
[4.122s] Level 1:colcon.colcon_core.environment:checking '/home/neverdiedooms/ros2_test_ws/install/my_first_cpp_pkg' for CMake module files
[4.129s] Level 1:colcon.colcon_core.environment:checking '/home/neverdiedooms/ros2_test_ws/install/my_first_cpp_pkg' for CMake config files
[4.148s] Level 1:colcon.colcon_core.shell:create_environment_hook('my_first_cpp_pkg', 'cmake_prefix_path')
[4.148s] INFO:colcon.colcon_core.shell:Creating environment hook '/home/neverdiedooms/ros2_test_ws/install/my_first_cpp_pkg/share/my_first_cpp_pkg/hook/cmake_prefix_path.ps1'
[4.149s] INFO:colcon.colcon_core.shell:Creating environment descriptor '/home/neverdiedooms/ros2_test_ws/install/my_first_cpp_pkg/share/my_first_cpp_pkg/hook/cmake_prefix_path.dsv'
[4.150s] INFO:colcon.colcon_core.shell:Creating environment hook '/home/neverdiedooms/ros2_test_ws/install/my_first_cpp_pkg/share/my_first_cpp_pkg/hook/cmake_prefix_path.sh'
[4.151s] Level 1:colcon.colcon_core.environment:checking '/home/neverdiedooms/ros2_test_ws/install/my_first_cpp_pkg/bin'
[4.151s] Level 1:colcon.colcon_core.environment:checking '/home/neverdiedooms/ros2_test_ws/install/my_first_cpp_pkg/lib/pkgconfig/my_first_cpp_pkg.pc'
[4.151s] Level 1:colcon.colcon_core.environment:checking '/home/neverdiedooms/ros2_test_ws/install/my_first_cpp_pkg/lib/python3.12/site-packages'
[4.151s] Level 1:colcon.colcon_core.environment:checking '/home/neverdiedooms/ros2_test_ws/install/my_first_cpp_pkg/bin'
[4.151s] INFO:colcon.colcon_core.shell:Creating package script '/home/neverdiedooms/ros2_test_ws/install/my_first_cpp_pkg/share/my_first_cpp_pkg/package.ps1'
[4.152s] INFO:colcon.colcon_core.shell:Creating package descriptor '/home/neverdiedooms/ros2_test_ws/install/my_first_cpp_pkg/share/my_first_cpp_pkg/package.dsv'
[4.152s] INFO:colcon.colcon_core.shell:Creating package script '/home/neverdiedooms/ros2_test_ws/install/my_first_cpp_pkg/share/my_first_cpp_pkg/package.sh'
[4.153s] INFO:colcon.colcon_core.shell:Creating package script '/home/neverdiedooms/ros2_test_ws/install/my_first_cpp_pkg/share/my_first_cpp_pkg/package.bash'
[4.153s] INFO:colcon.colcon_core.shell:Creating package script '/home/neverdiedooms/ros2_test_ws/install/my_first_cpp_pkg/share/my_first_cpp_pkg/package.zsh'
[4.153s] Level 1:colcon.colcon_core.environment:create_file_with_runtime_dependencies(/home/neverdiedooms/ros2_test_ws/install/my_first_cpp_pkg/share/colcon-core/packages/my_first_cpp_pkg)
[4.164s] DEBUG:colcon.colcon_parallel_executor.executor.parallel:closing loop
[4.165s] DEBUG:colcon.colcon_parallel_executor.executor.parallel:loop closed
[4.165s] DEBUG:colcon.colcon_parallel_executor.executor.parallel:run_until_complete finished with '2'
[4.165s] DEBUG:colcon.colcon_core.event_reactor:joining thread
[4.180s] INFO:colcon.colcon_core.plugin_system:Skipping extension 'colcon_notification.desktop_notification.terminal_notifier': Not used on non-Darwin systems
[4.180s] INFO:colcon.colcon_core.plugin_system:Skipping extension 'colcon_notification.desktop_notification.win32': Not used on non-Windows systems
[4.180s] INFO:colcon.colcon_notification.desktop_notification:Sending desktop notification using 'notify2'
[4.233s] DEBUG:colcon.colcon_core.event_reactor:joined thread
[4.233s] INFO:colcon.colcon_core.shell:Creating prefix script '/home/neverdiedooms/ros2_test_ws/install/local_setup.ps1'
[4.235s] INFO:colcon.colcon_core.shell:Creating prefix util module '/home/neverdiedooms/ros2_test_ws/install/_local_setup_util_ps1.py'
[4.237s] INFO:colcon.colcon_core.shell:Creating prefix chain script '/home/neverdiedooms/ros2_test_ws/install/setup.ps1'
[4.239s] INFO:colcon.colcon_core.shell:Creating prefix script '/home/neverdiedooms/ros2_test_ws/install/local_setup.sh'
[4.240s] INFO:colcon.colcon_core.shell:Creating prefix util module '/home/neverdiedooms/ros2_test_ws/install/_local_setup_util_sh.py'
[4.240s] INFO:colcon.colcon_core.shell:Creating prefix chain script '/home/neverdiedooms/ros2_test_ws/install/setup.sh'
[4.242s] INFO:colcon.colcon_core.shell:Creating prefix script '/home/neverdiedooms/ros2_test_ws/install/local_setup.bash'
[4.243s] INFO:colcon.colcon_core.shell:Creating prefix chain script '/home/neverdiedooms/ros2_test_ws/install/setup.bash'
[4.245s] INFO:colcon.colcon_core.shell:Creating prefix script '/home/neverdiedooms/ros2_test_ws/install/local_setup.zsh'
[4.246s] INFO:colcon.colcon_core.shell:Creating prefix chain script '/home/neverdiedooms/ros2_test_ws/install/setup.zsh'
