[0.042s] Invoking command in '/home/neverdiedooms/ros2_test_ws/build/my_first_cpp_pkg': CMAKE_PREFIX_PATH=${CMAKE_PREFIX_PATH}:/home/neverdiedooms/ros2_test_ws/install/my_first_package:/opt/ros/jazzy DEBUGINFOD_URLS=https://debuginfod.ubuntu.com /usr/bin/cmake --build /home/neverdiedooms/ros2_test_ws/build/my_first_cpp_pkg -- -j6 -l6
[0.170s] -- Found ament_cmake: 2.5.3 (/opt/ros/jazzy/share/ament_cmake/cmake)
[0.483s] -- Override CMake install command with custom implementation using symlinks instead of copying resources
[0.547s] -- Found rclcpp: 28.1.8 (/opt/ros/jazzy/share/rclcpp/cmake)
[0.675s] -- Found rosidl_generator_c: 4.6.5 (/opt/ros/jazzy/share/rosidl_generator_c/cmake)
[0.701s] -- Found rosidl_generator_cpp: 4.6.5 (/opt/ros/jazzy/share/rosidl_generator_cpp/cmake)
[0.733s] -- Using all available rosidl_typesupport_c: rosidl_typesupport_fastrtps_c;rosidl_typesupport_introspection_c
[0.771s] -- Using all available rosidl_typesupport_cpp: rosidl_typesupport_fastrtps_cpp;rosidl_typesupport_introspection_cpp
[0.945s] -- Found rmw_implementation_cmake: 7.3.2 (/opt/ros/jazzy/share/rmw_implementation_cmake/cmake)
[0.953s] -- Found rmw_fastrtps_cpp: 8.4.2 (/opt/ros/jazzy/share/rmw_fastrtps_cpp/cmake)
[1.083s] -- Using RMW implementation 'rmw_fastrtps_cpp' as default
[1.236s] -- Found example_interfaces: 0.12.0 (/opt/ros/jazzy/share/example_interfaces/cmake)
[1.354s] [31mCMake Error at /opt/ros/jazzy/share/ament_cmake_core/cmake/symlink_install/ament_cmake_symlink_install_targets.cmake:67 (message):
[1.355s]   ament_cmake_symlink_install_targets() 'my_first_node,' is not a target
[1.356s] Call Stack (most recent call first):
[1.356s]   /opt/ros/jazzy/share/ament_cmake_core/cmake/symlink_install/install.cmake:37 (ament_cmake_symlink_install_targets)
[1.356s]   CMakeLists.txt:17 (install)
[1.356s] 
[1.356s] [0m
[1.356s] -- Configuring incomplete, errors occurred!
[1.363s] gmake: *** [Makefile:267: cmake_check_build_system] Error 1
[1.369s] Invoked command in '/home/neverdiedooms/ros2_test_ws/build/my_first_cpp_pkg' returned '2': CMAKE_PREFIX_PATH=${CMAKE_PREFIX_PATH}:/home/neverdiedooms/ros2_test_ws/install/my_first_package:/opt/ros/jazzy DEBUGINFOD_URLS=https://debuginfod.ubuntu.com /usr/bin/cmake --build /home/neverdiedooms/ros2_test_ws/build/my_first_cpp_pkg -- -j6 -l6
