[0.787s] Invoking command in '/home/neverdiedooms/ros2_test_ws/src/my_first_package': DEBUGINFOD_URLS=https://debuginfod.ubuntu.com PYTHONPATH=/home/neverdiedooms/ros2_test_ws/build/my_first_package/prefix_override:/usr/lib/python3/dist-packages/colcon_core/task/python/colcon_distutils_commands:/home/neverdiedooms/ros2_test_ws/install/my_first_package/lib/python3.12/site-packages:${PYTHONPATH} /usr/bin/python3 -W ignore:setup.py install is deprecated -W ignore:easy_install command is deprecated setup.py egg_info --egg-base ../../build/my_first_package build --build-base /home/neverdiedooms/ros2_test_ws/build/my_first_package/build install --record /home/neverdiedooms/ros2_test_ws/build/my_first_package/install.log --single-version-externally-managed install_data
[1.068s] running egg_info
[1.087s] writing ../../build/my_first_package/my_first_package.egg-info/PKG-INFO
[1.087s] writing dependency_links to ../../build/my_first_package/my_first_package.egg-info/dependency_links.txt
[1.088s] writing entry points to ../../build/my_first_package/my_first_package.egg-info/entry_points.txt
[1.090s] writing requirements to ../../build/my_first_package/my_first_package.egg-info/requires.txt
[1.090s] writing top-level names to ../../build/my_first_package/my_first_package.egg-info/top_level.txt
[1.128s] reading manifest file '../../build/my_first_package/my_first_package.egg-info/SOURCES.txt'
[1.137s] writing manifest file '../../build/my_first_package/my_first_package.egg-info/SOURCES.txt'
[1.137s] running build
[1.137s] running build_py
[1.140s] running install
[1.148s] running install_lib
[1.167s] running install_data
[1.167s] running install_egg_info
[1.189s] removing '/home/neverdiedooms/ros2_test_ws/install/my_first_package/lib/python3.12/site-packages/my_first_package-0.0.0-py3.12.egg-info' (and everything under it)
[1.197s] Copying ../../build/my_first_package/my_first_package.egg-info to /home/neverdiedooms/ros2_test_ws/install/my_first_package/lib/python3.12/site-packages/my_first_package-0.0.0-py3.12.egg-info
[1.204s] running install_scripts
[1.374s] Installing my_first_node script to /home/neverdiedooms/ros2_test_ws/install/my_first_package/lib/my_first_package
[1.376s] Installing publisher_test script to /home/neverdiedooms/ros2_test_ws/install/my_first_package/lib/my_first_package
[1.378s] Installing subscriber_test script to /home/neverdiedooms/ros2_test_ws/install/my_first_package/lib/my_first_package
[1.378s] writing list of installed files to '/home/neverdiedooms/ros2_test_ws/build/my_first_package/install.log'
[1.410s] Invoked command in '/home/neverdiedooms/ros2_test_ws/src/my_first_package' returned '0': DEBUGINFOD_URLS=https://debuginfod.ubuntu.com PYTHONPATH=/home/neverdiedooms/ros2_test_ws/build/my_first_package/prefix_override:/usr/lib/python3/dist-packages/colcon_core/task/python/colcon_distutils_commands:/home/neverdiedooms/ros2_test_ws/install/my_first_package/lib/python3.12/site-packages:${PYTHONPATH} /usr/bin/python3 -W ignore:setup.py install is deprecated -W ignore:easy_install command is deprecated setup.py egg_info --egg-base ../../build/my_first_package build --build-base /home/neverdiedooms/ros2_test_ws/build/my_first_package/build install --record /home/neverdiedooms/ros2_test_ws/build/my_first_package/install.log --single-version-externally-managed install_data
