[ 12%] Built target publisher_test_2
[ 25%] Built target my_first_node
[ 37%] Built target publisher_and_subscriber_test
[ 50%] Built target publisher_test
[ 62%] Built target subscriber_test
[ 68%] [32mBuilding CXX object CMakeFiles/test_service_client_no_oop.dir/src/tests_services/test_service_client_no_oop.cpp.o[0m
[ 75%] [32mBuilding CXX object CMakeFiles/test_service_client.dir/src/tests_services/test_service_client.cpp.o[0m
[ 87%] Built target test_service_server
In file included from [01m[K/opt/ros/jazzy/include/rclcpp/rclcpp/logging.hpp:24[m[K,
                 from [01m[K/opt/ros/jazzy/include/rclcpp/rclcpp/copy_all_parameter_values.hpp:27[m[K,
                 from [01m[K/opt/ros/jazzy/include/rclcpp/rclcpp/rclcpp.hpp:171[m[K,
                 from [01m[K/home/neverdiedooms/ros2_test_ws/src/my_first_cpp_pkg/src/tests_services/test_service_client.cpp:1[m[K:
[01m[K/home/neverdiedooms/ros2_test_ws/src/my_first_cpp_pkg/src/tests_services/test_service_client.cpp:[m[K In member function ‘[01m[Kvoid TestServiceClient::[01;32m[Kcallback_function[m[K(rclcpp::Client<example_interfaces::srv::AddTwoInts>::SharedFuture)[m[K’:
[01m[K/home/neverdiedooms/ros2_test_ws/src/my_first_cpp_pkg/src/tests_services/test_service_client.cpp:27:41:[m[K [01;35m[Kwarning: [m[Kformat ‘[01m[K%d[m[K’ expects argument of type ‘[01m[Kint[m[K’, but argument 5 has type ‘[01m[Kexample_interfaces::srv::AddTwoInts_Response_<std::allocator<void> >::_sum_type[m[K’ {aka ‘[01m[Klong int[m[K’} [[01;35m[K]8;;https://gcc.gnu.org/onlinedocs/gcc/Warning-Options.html#index-Wformat=-Wformat=]8;;[m[K]
   27 |         RCLCPP_INFO(this->get_logger(), [01;35m[K"Sum: %d"[m[K, [32m[Kresponse->sum[m[K);
      |                                         [01;35m[K^~~~~~~~~[m[K  [32m[K~~~~~~~~~~~~~[m[K
      |                                                              [32m[K|[m[K
      |                                                              [32m[Kexample_interfaces::srv::AddTwoInts_Response_<std::allocator<void> >::_sum_type {aka long int}[m[K
[01m[K/home/neverdiedooms/ros2_test_ws/src/my_first_cpp_pkg/src/tests_services/test_service_client.cpp:27:48:[m[K [01;36m[Knote: [m[Kformat string is defined here
   27 |         RCLCPP_INFO(this->get_logger(), "Sum: [01;36m[K%d[m[K", response->sum);
      |                                               [01;36m[K~^[m[K
      |                                                [01;36m[K|[m[K
      |                                                [01;36m[Kint[m[K
      |                                               [32m[K%ld[m[K
[ 93%] [32m[1mLinking CXX executable test_service_client_no_oop[0m
[100%] [32m[1mLinking CXX executable test_service_client[0m
[100%] Built target test_service_client_no_oop
[100%] Built target test_service_client
-- Install configuration: ""
-- Up-to-date: /home/neverdiedooms/ros2_test_ws/install/my_first_cpp_pkg/lib/my_first_cpp_pkg/my_first_node
-- Up-to-date: /home/neverdiedooms/ros2_test_ws/install/my_first_cpp_pkg/lib/my_first_cpp_pkg/publisher_test
-- Up-to-date: /home/neverdiedooms/ros2_test_ws/install/my_first_cpp_pkg/lib/my_first_cpp_pkg/subscriber_test
-- Up-to-date: /home/neverdiedooms/ros2_test_ws/install/my_first_cpp_pkg/lib/my_first_cpp_pkg/publisher_test_2
-- Up-to-date: /home/neverdiedooms/ros2_test_ws/install/my_first_cpp_pkg/lib/my_first_cpp_pkg/publisher_and_subscriber_test
-- Installing: /home/neverdiedooms/ros2_test_ws/install/my_first_cpp_pkg/lib/my_first_cpp_pkg/test_service_client_no_oop
-- Set non-toolchain portion of runtime path of "/home/neverdiedooms/ros2_test_ws/install/my_first_cpp_pkg/lib/my_first_cpp_pkg/test_service_client_no_oop" to ""
-- Installing: /home/neverdiedooms/ros2_test_ws/install/my_first_cpp_pkg/lib/my_first_cpp_pkg/test_service_client
-- Set non-toolchain portion of runtime path of "/home/neverdiedooms/ros2_test_ws/install/my_first_cpp_pkg/lib/my_first_cpp_pkg/test_service_client" to ""
-- Up-to-date: /home/neverdiedooms/ros2_test_ws/install/my_first_cpp_pkg/lib/my_first_cpp_pkg/test_service_server
-- Up-to-date: /home/neverdiedooms/ros2_test_ws/install/my_first_cpp_pkg/share/ament_index/resource_index/package_run_dependencies/my_first_cpp_pkg
-- Up-to-date: /home/neverdiedooms/ros2_test_ws/install/my_first_cpp_pkg/share/ament_index/resource_index/parent_prefix_path/my_first_cpp_pkg
-- Up-to-date: /home/neverdiedooms/ros2_test_ws/install/my_first_cpp_pkg/share/my_first_cpp_pkg/environment/ament_prefix_path.sh
-- Up-to-date: /home/neverdiedooms/ros2_test_ws/install/my_first_cpp_pkg/share/my_first_cpp_pkg/environment/ament_prefix_path.dsv
-- Up-to-date: /home/neverdiedooms/ros2_test_ws/install/my_first_cpp_pkg/share/my_first_cpp_pkg/environment/path.sh
-- Up-to-date: /home/neverdiedooms/ros2_test_ws/install/my_first_cpp_pkg/share/my_first_cpp_pkg/environment/path.dsv
-- Up-to-date: /home/neverdiedooms/ros2_test_ws/install/my_first_cpp_pkg/share/my_first_cpp_pkg/local_setup.bash
-- Up-to-date: /home/neverdiedooms/ros2_test_ws/install/my_first_cpp_pkg/share/my_first_cpp_pkg/local_setup.sh
-- Up-to-date: /home/neverdiedooms/ros2_test_ws/install/my_first_cpp_pkg/share/my_first_cpp_pkg/local_setup.zsh
-- Up-to-date: /home/neverdiedooms/ros2_test_ws/install/my_first_cpp_pkg/share/my_first_cpp_pkg/local_setup.dsv
-- Installing: /home/neverdiedooms/ros2_test_ws/install/my_first_cpp_pkg/share/my_first_cpp_pkg/package.dsv
-- Up-to-date: /home/neverdiedooms/ros2_test_ws/install/my_first_cpp_pkg/share/ament_index/resource_index/packages/my_first_cpp_pkg
-- Up-to-date: /home/neverdiedooms/ros2_test_ws/install/my_first_cpp_pkg/share/my_first_cpp_pkg/cmake/my_first_cpp_pkgConfig.cmake
-- Up-to-date: /home/neverdiedooms/ros2_test_ws/install/my_first_cpp_pkg/share/my_first_cpp_pkg/cmake/my_first_cpp_pkgConfig-version.cmake
-- Up-to-date: /home/neverdiedooms/ros2_test_ws/install/my_first_cpp_pkg/share/my_first_cpp_pkg/package.xml
