[0.050s] Invoking command in '/home/neverdiedooms/ros2_test_ws/build/my_first_cpp_pkg': CMAKE_PREFIX_PATH=${CMAKE_PREFIX_PATH}:/home/neverdiedooms/ros2_test_ws/install/my_first_package:/opt/ros/jazzy DEBUGINFOD_URLS=https://debuginfod.ubuntu.com /usr/bin/cmake --build /home/neverdiedooms/ros2_test_ws/build/my_first_cpp_pkg -- -j6 -l6
[0.195s] [ 12%] Built target publisher_test_2
[0.197s] [ 25%] Built target my_first_node
[0.203s] [ 37%] Built target publisher_and_subscriber_test
[0.214s] [ 50%] Built target publisher_test
[0.224s] [ 62%] Built target subscriber_test
[0.229s] [ 68%] [32mBuilding CXX object CMakeFiles/test_service_client_no_oop.dir/src/tests_services/test_service_client_no_oop.cpp.o[0m
[0.261s] [ 75%] [32mBuilding CXX object CMakeFiles/test_service_client.dir/src/tests_services/test_service_client.cpp.o[0m
[0.263s] [ 87%] Built target test_service_server
[3.224s] In file included from [01m[K/opt/ros/jazzy/include/rclcpp/rclcpp/logging.hpp:24[m[K,
[3.224s]                  from [01m[K/opt/ros/jazzy/include/rclcpp/rclcpp/copy_all_parameter_values.hpp:27[m[K,
[3.224s]                  from [01m[K/opt/ros/jazzy/include/rclcpp/rclcpp/rclcpp.hpp:171[m[K,
[3.224s]                  from [01m[K/home/neverdiedooms/ros2_test_ws/src/my_first_cpp_pkg/src/tests_services/test_service_client.cpp:1[m[K:
[3.224s] [01m[K/home/neverdiedooms/ros2_test_ws/src/my_first_cpp_pkg/src/tests_services/test_service_client.cpp:[m[K In member function ‘[01m[Kvoid TestServiceClient::[01;32m[Kcallback_function[m[K(rclcpp::Client<example_interfaces::srv::AddTwoInts>::SharedFuture)[m[K’:
[3.224s] [01m[K/home/neverdiedooms/ros2_test_ws/src/my_first_cpp_pkg/src/tests_services/test_service_client.cpp:27:41:[m[K [01;35m[Kwarning: [m[Kformat ‘[01m[K%d[m[K’ expects argument of type ‘[01m[Kint[m[K’, but argument 5 has type ‘[01m[Kexample_interfaces::srv::AddTwoInts_Response_<std::allocator<void> >::_sum_type[m[K’ {aka ‘[01m[Klong int[m[K’} [[01;35m[K]8;;https://gcc.gnu.org/onlinedocs/gcc/Warning-Options.html#index-Wformat=-Wformat=]8;;[m[K]
[3.224s]    27 |         RCLCPP_INFO(this->get_logger(), [01;35m[K"Sum: %d"[m[K, [32m[Kresponse->sum[m[K);
[3.224s]       |                                         [01;35m[K^~~~~~~~~[m[K  [32m[K~~~~~~~~~~~~~[m[K
[3.224s]       |                                                              [32m[K|[m[K
[3.225s]       |                                                              [32m[Kexample_interfaces::srv::AddTwoInts_Response_<std::allocator<void> >::_sum_type {aka long int}[m[K
[3.225s] [01m[K/home/neverdiedooms/ros2_test_ws/src/my_first_cpp_pkg/src/tests_services/test_service_client.cpp:27:48:[m[K [01;36m[Knote: [m[Kformat string is defined here
[3.225s]    27 |         RCLCPP_INFO(this->get_logger(), "Sum: [01;36m[K%d[m[K", response->sum);
[3.225s]       |                                               [01;36m[K~^[m[K
[3.225s]       |                                                [01;36m[K|[m[K
[3.225s]       |                                                [01;36m[Kint[m[K
[3.225s]       |                                               [32m[K%ld[m[K
[5.252s] [ 93%] [32m[1mLinking CXX executable test_service_client_no_oop[0m
[5.268s] [100%] [32m[1mLinking CXX executable test_service_client[0m
[5.529s] [100%] Built target test_service_client_no_oop
[5.533s] [100%] Built target test_service_client
[5.549s] Invoked command in '/home/neverdiedooms/ros2_test_ws/build/my_first_cpp_pkg' returned '0': CMAKE_PREFIX_PATH=${CMAKE_PREFIX_PATH}:/home/neverdiedooms/ros2_test_ws/install/my_first_package:/opt/ros/jazzy DEBUGINFOD_URLS=https://debuginfod.ubuntu.com /usr/bin/cmake --build /home/neverdiedooms/ros2_test_ws/build/my_first_cpp_pkg -- -j6 -l6
[5.563s] Invoking command in '/home/neverdiedooms/ros2_test_ws/build/my_first_cpp_pkg': CMAKE_PREFIX_PATH=${CMAKE_PREFIX_PATH}:/home/neverdiedooms/ros2_test_ws/install/my_first_package:/opt/ros/jazzy DEBUGINFOD_URLS=https://debuginfod.ubuntu.com /usr/bin/cmake --install /home/neverdiedooms/ros2_test_ws/build/my_first_cpp_pkg
[5.575s] -- Install configuration: ""
[5.577s] -- Up-to-date: /home/neverdiedooms/ros2_test_ws/install/my_first_cpp_pkg/lib/my_first_cpp_pkg/my_first_node
[5.578s] -- Up-to-date: /home/neverdiedooms/ros2_test_ws/install/my_first_cpp_pkg/lib/my_first_cpp_pkg/publisher_test
[5.579s] -- Up-to-date: /home/neverdiedooms/ros2_test_ws/install/my_first_cpp_pkg/lib/my_first_cpp_pkg/subscriber_test
[5.579s] -- Up-to-date: /home/neverdiedooms/ros2_test_ws/install/my_first_cpp_pkg/lib/my_first_cpp_pkg/publisher_test_2
[5.580s] -- Up-to-date: /home/neverdiedooms/ros2_test_ws/install/my_first_cpp_pkg/lib/my_first_cpp_pkg/publisher_and_subscriber_test
[5.580s] -- Installing: /home/neverdiedooms/ros2_test_ws/install/my_first_cpp_pkg/lib/my_first_cpp_pkg/test_service_client_no_oop
[5.581s] -- Set non-toolchain portion of runtime path of "/home/neverdiedooms/ros2_test_ws/install/my_first_cpp_pkg/lib/my_first_cpp_pkg/test_service_client_no_oop" to ""
[5.581s] -- Installing: /home/neverdiedooms/ros2_test_ws/install/my_first_cpp_pkg/lib/my_first_cpp_pkg/test_service_client
[5.582s] -- Set non-toolchain portion of runtime path of "/home/neverdiedooms/ros2_test_ws/install/my_first_cpp_pkg/lib/my_first_cpp_pkg/test_service_client" to ""
[5.582s] -- Up-to-date: /home/neverdiedooms/ros2_test_ws/install/my_first_cpp_pkg/lib/my_first_cpp_pkg/test_service_server
[5.583s] -- Up-to-date: /home/neverdiedooms/ros2_test_ws/install/my_first_cpp_pkg/share/ament_index/resource_index/package_run_dependencies/my_first_cpp_pkg
[5.583s] -- Up-to-date: /home/neverdiedooms/ros2_test_ws/install/my_first_cpp_pkg/share/ament_index/resource_index/parent_prefix_path/my_first_cpp_pkg
[5.583s] -- Up-to-date: /home/neverdiedooms/ros2_test_ws/install/my_first_cpp_pkg/share/my_first_cpp_pkg/environment/ament_prefix_path.sh
[5.583s] -- Up-to-date: /home/neverdiedooms/ros2_test_ws/install/my_first_cpp_pkg/share/my_first_cpp_pkg/environment/ament_prefix_path.dsv
[5.583s] -- Up-to-date: /home/neverdiedooms/ros2_test_ws/install/my_first_cpp_pkg/share/my_first_cpp_pkg/environment/path.sh
[5.583s] -- Up-to-date: /home/neverdiedooms/ros2_test_ws/install/my_first_cpp_pkg/share/my_first_cpp_pkg/environment/path.dsv
[5.583s] -- Up-to-date: /home/neverdiedooms/ros2_test_ws/install/my_first_cpp_pkg/share/my_first_cpp_pkg/local_setup.bash
[5.583s] -- Up-to-date: /home/neverdiedooms/ros2_test_ws/install/my_first_cpp_pkg/share/my_first_cpp_pkg/local_setup.sh
[5.583s] -- Up-to-date: /home/neverdiedooms/ros2_test_ws/install/my_first_cpp_pkg/share/my_first_cpp_pkg/local_setup.zsh
[5.584s] -- Up-to-date: /home/neverdiedooms/ros2_test_ws/install/my_first_cpp_pkg/share/my_first_cpp_pkg/local_setup.dsv
[5.584s] -- Installing: /home/neverdiedooms/ros2_test_ws/install/my_first_cpp_pkg/share/my_first_cpp_pkg/package.dsv
[5.584s] -- Up-to-date: /home/neverdiedooms/ros2_test_ws/install/my_first_cpp_pkg/share/ament_index/resource_index/packages/my_first_cpp_pkg
[5.584s] -- Up-to-date: /home/neverdiedooms/ros2_test_ws/install/my_first_cpp_pkg/share/my_first_cpp_pkg/cmake/my_first_cpp_pkgConfig.cmake
[5.584s] -- Up-to-date: /home/neverdiedooms/ros2_test_ws/install/my_first_cpp_pkg/share/my_first_cpp_pkg/cmake/my_first_cpp_pkgConfig-version.cmake
[5.584s] -- Up-to-date: /home/neverdiedooms/ros2_test_ws/install/my_first_cpp_pkg/share/my_first_cpp_pkg/package.xml
[5.587s] Invoked command in '/home/neverdiedooms/ros2_test_ws/build/my_first_cpp_pkg' returned '0': CMAKE_PREFIX_PATH=${CMAKE_PREFIX_PATH}:/home/neverdiedooms/ros2_test_ws/install/my_first_package:/opt/ros/jazzy DEBUGINFOD_URLS=https://debuginfod.ubuntu.com /usr/bin/cmake --install /home/neverdiedooms/ros2_test_ws/build/my_first_cpp_pkg
