[0.766s] Invoking command in '/home/neverdiedooms/ros2_test_ws/src/my_first_package': DEBUGINFOD_URLS=https://debuginfod.ubuntu.com PYTHONPATH=/home/neverdiedooms/ros2_test_ws/build/my_first_package/prefix_override:/usr/lib/python3/dist-packages/colcon_core/task/python/colcon_distutils_commands:/home/neverdiedooms/ros2_test_ws/install/my_first_package/lib/python3.12/site-packages:${PYTHONPATH} /usr/bin/python3 -W ignore:setup.py install is deprecated -W ignore:easy_install command is deprecated setup.py egg_info --egg-base ../../build/my_first_package build --build-base /home/neverdiedooms/ros2_test_ws/build/my_first_package/build install --record /home/neverdiedooms/ros2_test_ws/build/my_first_package/install.log --single-version-externally-managed install_data
[0.999s] running egg_info
[0.999s] creating ../../build/my_first_package/my_first_package.egg-info
[1.016s] writing ../../build/my_first_package/my_first_package.egg-info/PKG-INFO
[1.016s] writing dependency_links to ../../build/my_first_package/my_first_package.egg-info/dependency_links.txt
[1.016s] writing entry points to ../../build/my_first_package/my_first_package.egg-info/entry_points.txt
[1.016s] writing requirements to ../../build/my_first_package/my_first_package.egg-info/requires.txt
[1.016s] writing top-level names to ../../build/my_first_package/my_first_package.egg-info/top_level.txt
[1.016s] writing manifest file '../../build/my_first_package/my_first_package.egg-info/SOURCES.txt'
[1.050s] reading manifest file '../../build/my_first_package/my_first_package.egg-info/SOURCES.txt'
[1.051s] writing manifest file '../../build/my_first_package/my_first_package.egg-info/SOURCES.txt'
[1.051s] running build
[1.051s] running build_py
[1.051s] creating /home/neverdiedooms/ros2_test_ws/build/my_first_package/build
[1.051s] creating /home/neverdiedooms/ros2_test_ws/build/my_first_package/build/lib
[1.051s] creating /home/neverdiedooms/ros2_test_ws/build/my_first_package/build/lib/my_first_package
[1.051s] copying my_first_package/__init__.py -> /home/neverdiedooms/ros2_test_ws/build/my_first_package/build/lib/my_first_package
[1.051s] creating /home/neverdiedooms/ros2_test_ws/build/my_first_package/build/lib/my_first_package/tests_services
[1.051s] copying my_first_package/tests_services/test_service_client.py -> /home/neverdiedooms/ros2_test_ws/build/my_first_package/build/lib/my_first_package/tests_services
[1.051s] copying my_first_package/tests_services/__init__.py -> /home/neverdiedooms/ros2_test_ws/build/my_first_package/build/lib/my_first_package/tests_services
[1.051s] copying my_first_package/tests_services/test_service_server.py -> /home/neverdiedooms/ros2_test_ws/build/my_first_package/build/lib/my_first_package/tests_services
[1.051s] copying my_first_package/tests_services/test_service_client_no_oop.py -> /home/neverdiedooms/ros2_test_ws/build/my_first_package/build/lib/my_first_package/tests_services
[1.052s] creating /home/neverdiedooms/ros2_test_ws/build/my_first_package/build/lib/my_first_package/template_node
[1.052s] copying my_first_package/template_node/__init__.py -> /home/neverdiedooms/ros2_test_ws/build/my_first_package/build/lib/my_first_package/template_node
[1.052s] copying my_first_package/template_node/my_first_node.py -> /home/neverdiedooms/ros2_test_ws/build/my_first_package/build/lib/my_first_package/template_node
[1.052s] creating /home/neverdiedooms/ros2_test_ws/build/my_first_package/build/lib/my_first_package/tests_topics
[1.052s] copying my_first_package/tests_topics/publisher_test.py -> /home/neverdiedooms/ros2_test_ws/build/my_first_package/build/lib/my_first_package/tests_topics
[1.052s] copying my_first_package/tests_topics/__init__.py -> /home/neverdiedooms/ros2_test_ws/build/my_first_package/build/lib/my_first_package/tests_topics
[1.052s] copying my_first_package/tests_topics/subscriber_test.py -> /home/neverdiedooms/ros2_test_ws/build/my_first_package/build/lib/my_first_package/tests_topics
[1.052s] running install
[1.059s] running install_lib
[1.074s] creating /home/neverdiedooms/ros2_test_ws/install/my_first_package/lib/python3.12/site-packages/my_first_package
[1.074s] copying /home/neverdiedooms/ros2_test_ws/build/my_first_package/build/lib/my_first_package/__init__.py -> /home/neverdiedooms/ros2_test_ws/install/my_first_package/lib/python3.12/site-packages/my_first_package
[1.075s] creating /home/neverdiedooms/ros2_test_ws/install/my_first_package/lib/python3.12/site-packages/my_first_package/tests_services
[1.076s] copying /home/neverdiedooms/ros2_test_ws/build/my_first_package/build/lib/my_first_package/tests_services/test_service_client.py -> /home/neverdiedooms/ros2_test_ws/install/my_first_package/lib/python3.12/site-packages/my_first_package/tests_services
[1.076s] copying /home/neverdiedooms/ros2_test_ws/build/my_first_package/build/lib/my_first_package/tests_services/__init__.py -> /home/neverdiedooms/ros2_test_ws/install/my_first_package/lib/python3.12/site-packages/my_first_package/tests_services
[1.076s] copying /home/neverdiedooms/ros2_test_ws/build/my_first_package/build/lib/my_first_package/tests_services/test_service_server.py -> /home/neverdiedooms/ros2_test_ws/install/my_first_package/lib/python3.12/site-packages/my_first_package/tests_services
[1.076s] copying /home/neverdiedooms/ros2_test_ws/build/my_first_package/build/lib/my_first_package/tests_services/test_service_client_no_oop.py -> /home/neverdiedooms/ros2_test_ws/install/my_first_package/lib/python3.12/site-packages/my_first_package/tests_services
[1.076s] creating /home/neverdiedooms/ros2_test_ws/install/my_first_package/lib/python3.12/site-packages/my_first_package/template_node
[1.076s] copying /home/neverdiedooms/ros2_test_ws/build/my_first_package/build/lib/my_first_package/template_node/__init__.py -> /home/neverdiedooms/ros2_test_ws/install/my_first_package/lib/python3.12/site-packages/my_first_package/template_node
[1.076s] copying /home/neverdiedooms/ros2_test_ws/build/my_first_package/build/lib/my_first_package/template_node/my_first_node.py -> /home/neverdiedooms/ros2_test_ws/install/my_first_package/lib/python3.12/site-packages/my_first_package/template_node
[1.076s] creating /home/neverdiedooms/ros2_test_ws/install/my_first_package/lib/python3.12/site-packages/my_first_package/tests_topics
[1.076s] copying /home/neverdiedooms/ros2_test_ws/build/my_first_package/build/lib/my_first_package/tests_topics/publisher_test.py -> /home/neverdiedooms/ros2_test_ws/install/my_first_package/lib/python3.12/site-packages/my_first_package/tests_topics
[1.076s] copying /home/neverdiedooms/ros2_test_ws/build/my_first_package/build/lib/my_first_package/tests_topics/__init__.py -> /home/neverdiedooms/ros2_test_ws/install/my_first_package/lib/python3.12/site-packages/my_first_package/tests_topics
[1.076s] copying /home/neverdiedooms/ros2_test_ws/build/my_first_package/build/lib/my_first_package/tests_topics/subscriber_test.py -> /home/neverdiedooms/ros2_test_ws/install/my_first_package/lib/python3.12/site-packages/my_first_package/tests_topics
[1.076s] byte-compiling /home/neverdiedooms/ros2_test_ws/install/my_first_package/lib/python3.12/site-packages/my_first_package/__init__.py to __init__.cpython-312.pyc
[1.078s] byte-compiling /home/neverdiedooms/ros2_test_ws/install/my_first_package/lib/python3.12/site-packages/my_first_package/tests_services/test_service_client.py to test_service_client.cpython-312.pyc
[1.078s] byte-compiling /home/neverdiedooms/ros2_test_ws/install/my_first_package/lib/python3.12/site-packages/my_first_package/tests_services/__init__.py to __init__.cpython-312.pyc
[1.078s] byte-compiling /home/neverdiedooms/ros2_test_ws/install/my_first_package/lib/python3.12/site-packages/my_first_package/tests_services/test_service_server.py to test_service_server.cpython-312.pyc
[1.079s] byte-compiling /home/neverdiedooms/ros2_test_ws/install/my_first_package/lib/python3.12/site-packages/my_first_package/tests_services/test_service_client_no_oop.py to test_service_client_no_oop.cpython-312.pyc
[1.079s] byte-compiling /home/neverdiedooms/ros2_test_ws/install/my_first_package/lib/python3.12/site-packages/my_first_package/template_node/__init__.py to __init__.cpython-312.pyc
[1.079s] byte-compiling /home/neverdiedooms/ros2_test_ws/install/my_first_package/lib/python3.12/site-packages/my_first_package/template_node/my_first_node.py to my_first_node.cpython-312.pyc
[1.080s] byte-compiling /home/neverdiedooms/ros2_test_ws/install/my_first_package/lib/python3.12/site-packages/my_first_package/tests_topics/publisher_test.py to publisher_test.cpython-312.pyc
[1.080s] byte-compiling /home/neverdiedooms/ros2_test_ws/install/my_first_package/lib/python3.12/site-packages/my_first_package/tests_topics/__init__.py to __init__.cpython-312.pyc
[1.082s] byte-compiling /home/neverdiedooms/ros2_test_ws/install/my_first_package/lib/python3.12/site-packages/my_first_package/tests_topics/subscriber_test.py to subscriber_test.cpython-312.pyc
[1.085s] running install_data
[1.085s] creating /home/neverdiedooms/ros2_test_ws/install/my_first_package/share/ament_index
[1.085s] creating /home/neverdiedooms/ros2_test_ws/install/my_first_package/share/ament_index/resource_index
[1.085s] creating /home/neverdiedooms/ros2_test_ws/install/my_first_package/share/ament_index/resource_index/packages
[1.085s] copying resource/my_first_package -> /home/neverdiedooms/ros2_test_ws/install/my_first_package/share/ament_index/resource_index/packages
[1.085s] copying package.xml -> /home/neverdiedooms/ros2_test_ws/install/my_first_package/share/my_first_package
[1.085s] running install_egg_info
[1.103s] Copying ../../build/my_first_package/my_first_package.egg-info to /home/neverdiedooms/ros2_test_ws/install/my_first_package/lib/python3.12/site-packages/my_first_package-0.0.0-py3.12.egg-info
[1.108s] running install_scripts
[1.233s] Installing my_first_node script to /home/neverdiedooms/ros2_test_ws/install/my_first_package/lib/my_first_package
[1.233s] Installing publisher_test script to /home/neverdiedooms/ros2_test_ws/install/my_first_package/lib/my_first_package
[1.233s] Installing subscriber_test script to /home/neverdiedooms/ros2_test_ws/install/my_first_package/lib/my_first_package
[1.233s] Installing test_service_client script to /home/neverdiedooms/ros2_test_ws/install/my_first_package/lib/my_first_package
[1.233s] Installing test_service_client_no_oop script to /home/neverdiedooms/ros2_test_ws/install/my_first_package/lib/my_first_package
[1.233s] Installing test_service_server script to /home/neverdiedooms/ros2_test_ws/install/my_first_package/lib/my_first_package
[1.233s] writing list of installed files to '/home/neverdiedooms/ros2_test_ws/build/my_first_package/install.log'
[1.240s] Invoked command in '/home/neverdiedooms/ros2_test_ws/src/my_first_package' returned '0': DEBUGINFOD_URLS=https://debuginfod.ubuntu.com PYTHONPATH=/home/neverdiedooms/ros2_test_ws/build/my_first_package/prefix_override:/usr/lib/python3/dist-packages/colcon_core/task/python/colcon_distutils_commands:/home/neverdiedooms/ros2_test_ws/install/my_first_package/lib/python3.12/site-packages:${PYTHONPATH} /usr/bin/python3 -W ignore:setup.py install is deprecated -W ignore:easy_install command is deprecated setup.py egg_info --egg-base ../../build/my_first_package build --build-base /home/neverdiedooms/ros2_test_ws/build/my_first_package/build install --record /home/neverdiedooms/ros2_test_ws/build/my_first_package/install.log --single-version-externally-managed install_data
